Using GPU#0
--------------------
nodes=500 resnorm_width=500 data_dir=data trnname=hn_train- tstname=hn_test- data_ext0=p2 data_ext1=p3 reg_L2=0 top_reg_L2=1e-3 step_size=0.25 top_dropout=0.5 test_interval=25 evaluation_fn=perf/hn_1kb2_seq2-perf_2015_05_14_20_16_34.csv extension=multi conn0=0-top conn1=1-top loss=Square num_iterations=100 step_size_scheduler=Few step_size_decay=0.1 step_size_decay_at=80 mini_batch_size=100 layers=2 random_seed=1 datatype=sparse_multi x_ext=.xsmatvar y_ext=.y 0dataset_no=0 1dataset_no=1 momentum=0.9 init_weight=0.01 init_intercept=0 resnorm_type=Cross resnorm_alpha=1 resnorm_beta=0.5 pooling_type=Max num_pooling=1 activ_type=Rect
--------------------
"cnn": 
   datatype=sparse_multi
   trnname=hn_train-
   tstname=hn_test-
   data_ext0=p2
   data_ext1=p3

   data_dir=data
   x_ext=.xsmatvar
   y_ext=.y
   num_batches=1

   extension=multi
   evaluation_fn=perf/hn_1kb2_seq2-perf_2015_05_14_20_16_34.csv
   Log:ON
   gpu_max_threads=1024
   gpu_max_blocks=65535
Thu May 14 20:16:34 2015: hn_train-p2 batch#1
Thu May 14 20:16:35 2015:   #row=60000 #col=2293090 nz per col=1.89727
Thu May 14 20:16:35 2015: #data = 2000
Thu May 14 20:16:35 2015: target-min,max=0,1
Thu May 14 20:16:35 2015: Checking data compatibility between batches ... 
Thu May 14 20:16:35 2015: hn_train-p3 batch#1
Thu May 14 20:16:35 2015:   #row=90000 #col=2312761 nz per col=2.8217
Thu May 14 20:16:35 2015: #data = 2000
Thu May 14 20:16:35 2015: Checking data compatibility between batches ... 
Thu May 14 20:16:35 2015: hn_test-p2 batch#1
Thu May 14 20:16:35 2015:   #row=60000 #col=246625 nz per col=1.83079
Thu May 14 20:16:35 2015: #data = 200
Thu May 14 20:16:35 2015: target-min,max=0,1
Thu May 14 20:16:35 2015: Checking data compatibility between batches ... 
Thu May 14 20:16:35 2015: hn_test-p3 batch#1
Thu May 14 20:16:35 2015:   #row=90000 #col=252076 nz per col=2.6868
Thu May 14 20:16:35 2015: #data = 200
Thu May 14 20:16:35 2015: Checking data compatibility between batches ... 
Thu May 14 20:16:35 2015: Start ... #train=2000, #test=200
--------------------
Thu May 14 20:16:35 2015: Data signature: [0]dim:1;channel:60000;size0:-1;[1]dim:1;channel:90000;size0:-1;
Thu May 14 20:16:35 2015: #class=2

   layers=2
   save_fn=
   initial_iteration=0
   test_interval=25
   num_iterations=100
   random_seed=1
   mini_batch_size=100
   loss=Square

   step_size_scheduler=Few
   step_size_decay=0.1
   step_size_decay_at=80

   test_mini_batch_size=100

   conn0=0-top
   conn1=1-top

   0dataset_no=0
Cold-starting (variable-size input) layer#0

   0init_weight=0.01
   0init_intercept=0
   0reg_L2=0

   0step_size=0.25
   0step_sizeb_coeff=1
   0momentum=0.9

   0nodes=500

   0activ_type=Rect

   0pooling_type=Max
   0pooling_stride=1

   0num_pooling=1

   0resnorm_type=Cross
   0resnorm_alpha=1
   0resnorm_beta=0.5
   0resnorm_one=1
   0resnorm_width=500
   --------  weights  --------
   input dim: 60000
   output dim: 500
   #weights: 30000000
   ---------------------------

   1dataset_no=1
Cold-starting (variable-size input) layer#1

   1init_weight=0.01
   1init_intercept=0
   1reg_L2=0

   1step_size=0.25
   1step_sizeb_coeff=1
   1momentum=0.9

   1nodes=500

   1activ_type=Rect

   1pooling_type=Max
   1pooling_stride=1

   1num_pooling=1

   1resnorm_type=Cross
   1resnorm_alpha=1
   1resnorm_beta=0.5
   1resnorm_one=1
   1resnorm_width=500
   --------  weights  --------
   input dim: 90000
   output dim: 500
   #weights: 45000000
   ---------------------------
Cold-starting connector#3  (0,1) -> (2)
Cold-starting the top layer

   top_init_weight=0.01
   top_init_intercept=0
   top_reg_L2=0.001

   top_step_size=0.25
   top_step_sizeb_coeff=1
   top_momentum=0.9

   top_dropout=0.5
   ------  top layer  ------
   input: 1
   --------  weights  --------
   input dim: 1000
   output dim: 2
   #weights: 2000
   ---------------------------
Thu May 14 20:16:43 2015: supervised training: #hidden=2
Thu May 14 20:16:43 2015: Resetting step-sizes to eta0 ...
layer#0:cnv/fc:dim=60000x500,n22,5.99888,nz,30000000,1,absavgw,0.00797802,avgw,-4.03864e-06,absavgi,0,avgi,0,layer#1:cnv/fc:dim=90000x500,n22,8.99512,nz,45000000,1,absavgw,0.00797624,avgw,-5.72735e-07,absavgi,0,avgi,0,layer#2:cnv/fc:dim=1000x2,n22,0.0996207,nz,2000,1,absavgw,0.00800298,avgw,9.96153e-05,absavgi,0,avgi,0,

Thu May 14 20:16:59 2015: ... 2000: 0.3116409301757812611,0.00011821842938661575328
layer#0:cnv/fc:dim=60000x500,n22,5.99818,nz,30000000,1,absavgw,0.00797771,avgw,-4.35523e-06,absavgi,0.00967967,avgi,-0.00965175,layer#1:cnv/fc:dim=90000x500,n22,8.99442,nz,45000000,1,absavgw,0.00797599,avgw,-8.24343e-07,absavgi,0.0078416,avgi,-0.00780964,layer#2:cnv/fc:dim=1000x2,n22,0.118218,nz,2000,1,absavgw,0.00866955,avgw,0.00392809,absavgi,0.328157,avgi,0.328157,

Thu May 14 20:17:01 2015:  ite,1,0.311759,0.311641, test-loss,0.265856628417969, perf,0.5
Thu May 14 20:17:14 2015: ... 2000: 0.25726055812835690872,0.00021275335550308228168
layer#0:cnv/fc:dim=60000x500,n22,5.99788,nz,30000000,1,absavgw,0.00797753,avgw,-4.5437e-06,absavgi,0.0155643,avgi,-0.0154537,layer#1:cnv/fc:dim=90000x500,n22,8.99409,nz,45000000,1,absavgw,0.00797587,avgw,-9.89651e-07,absavgi,0.0132107,avgi,-0.0129535,layer#2:cnv/fc:dim=1000x2,n22,0.212753,nz,2000,1,absavgw,0.0116141,avgw,0.00391782,absavgi,0.479885,avgi,0.479885,

Thu May 14 20:17:14 2015:  ite,2,0.257473,0.257261
Thu May 14 20:17:27 2015: ... 2000: 0.24926634311676024169,0.00037847638130187986763
layer#0:cnv/fc:dim=60000x500,n22,5.99802,nz,30000000,1,absavgw,0.00797743,avgw,-4.65263e-06,absavgi,0.0191052,avgi,-0.0188927,layer#1:cnv/fc:dim=90000x500,n22,8.99415,nz,45000000,1,absavgw,0.0079758,avgw,-1.09379e-06,absavgi,0.0169066,avgi,-0.0163694,layer#2:cnv/fc:dim=1000x2,n22,0.378476,nz,2000,1,absavgw,0.0156844,avgw,0.00258473,absavgi,0.485025,avgi,0.485025,

Thu May 14 20:17:28 2015:  ite,3,0.249645,0.249266
Thu May 14 20:17:41 2015: ... 2000: 0.24321335792541504128,0.00064064383506774898441
layer#0:cnv/fc:dim=60000x500,n22,5.99853,nz,30000000,1,absavgw,0.00797741,avgw,-4.73476e-06,absavgi,0.0219721,avgi,-0.0215981,layer#1:cnv/fc:dim=90000x500,n22,8.99456,nz,45000000,1,absavgw,0.00797578,avgw,-1.19127e-06,absavgi,0.0205413,avgi,-0.0197805,layer#2:cnv/fc:dim=1000x2,n22,0.640644,nz,2000,1,absavgw,0.0204734,avgw,0.00151027,absavgi,0.477796,avgi,0.477796,

Thu May 14 20:17:42 2015:  ite,4,0.243854,0.243213
Thu May 14 20:17:55 2015: ... 2000: 0.23884977054595946111,0.00095302057266235357894
layer#0:cnv/fc:dim=60000x500,n22,5.99923,nz,30000000,1,absavgw,0.00797733,avgw,-4.87607e-06,absavgi,0.0270148,avgi,-0.0261154,layer#1:cnv/fc:dim=90000x500,n22,8.99528,nz,45000000,1,absavgw,0.00797573,avgw,-1.35986e-06,absavgi,0.0261885,avgi,-0.0252753,layer#2:cnv/fc:dim=1000x2,n22,0.953021,nz,2000,1,absavgw,0.0251616,avgw,0.000961206,absavgi,0.486085,avgi,0.486085,

Thu May 14 20:17:55 2015:  ite,5,0.239803,0.23885
Thu May 14 20:18:08 2015: ... 2000: 0.23622906589508055331,0.0014222757816314698064
layer#0:cnv/fc:dim=60000x500,n22,6.00069,nz,30000000,1,absavgw,0.00797744,avgw,-4.92548e-06,absavgi,0.0284879,avgi,-0.0278463,layer#1:cnv/fc:dim=90000x500,n22,8.997,nz,45000000,1,absavgw,0.00797587,avgw,-1.48148e-06,absavgi,0.0300035,avgi,-0.0293152,layer#2:cnv/fc:dim=1000x2,n22,1.42228,nz,2000,1,absavgw,0.030977,avgw,0.000639099,absavgi,0.493863,avgi,0.493863,

Thu May 14 20:18:09 2015:  ite,6,0.237651,0.236229
Thu May 14 20:18:22 2015: ... 2000: 0.2250580005645752002,0.0021028318405151369755
layer#0:cnv/fc:dim=60000x500,n22,6.00255,nz,30000000,1,absavgw,0.00797763,avgw,-4.98713e-06,absavgi,0.030962,avgi,-0.0300465,layer#1:cnv/fc:dim=90000x500,n22,8.99977,nz,45000000,1,absavgw,0.00797618,avgw,-1.60258e-06,absavgi,0.0341458,avgi,-0.0335213,layer#2:cnv/fc:dim=1000x2,n22,2.10283,nz,2000,1,absavgw,0.0378791,avgw,0.000426847,absavgi,0.495657,avgi,0.495657,

Thu May 14 20:18:22 2015:  ite,7,0.227161,0.225058
Thu May 14 20:18:36 2015: ... 2000: 0.21499194431304932684,0.0030989148616790774052
layer#0:cnv/fc:dim=60000x500,n22,6.00542,nz,30000000,1,absavgw,0.00797798,avgw,-4.96013e-06,absavgi,0.0311344,avgi,-0.0298247,layer#1:cnv/fc:dim=90000x500,n22,9.00438,nz,45000000,1,absavgw,0.00797681,avgw,-1.63245e-06,absavgi,0.0359597,avgi,-0.0352766,layer#2:cnv/fc:dim=1000x2,n22,3.09891,nz,2000,1,absavgw,0.0460889,avgw,0.000295535,absavgi,0.496663,avgi,0.496663,

Thu May 14 20:18:36 2015:  ite,8,0.218091,0.214992
Thu May 14 20:18:49 2015: ... 2000: 0.20282090377807618364,0.0043190956115722661454
layer#0:cnv/fc:dim=60000x500,n22,6.00904,nz,30000000,1,absavgw,0.00797856,avgw,-4.88326e-06,absavgi,0.0300102,avgi,-0.0282867,layer#1:cnv/fc:dim=90000x500,n22,9.01102,nz,45000000,1,absavgw,0.00797783,avgw,-1.61214e-06,absavgi,0.0362625,avgi,-0.035881,layer#2:cnv/fc:dim=1000x2,n22,4.3191,nz,2000,1,absavgw,0.0549041,avgw,0.000218767,absavgi,0.497645,avgi,0.497645,

Thu May 14 20:18:50 2015:  ite,9,0.20714,0.202821
Thu May 14 20:19:03 2015: ... 2000: 0.18210563945770263938,0.0061787815093994145205
layer#0:cnv/fc:dim=60000x500,n22,6.01356,nz,30000000,1,absavgw,0.00797924,avgw,-4.82925e-06,absavgi,0.0288219,avgi,-0.0276571,layer#1:cnv/fc:dim=90000x500,n22,9.0205,nz,45000000,1,absavgw,0.00797934,avgw,-1.54916e-06,absavgi,0.0360218,avgi,-0.0354254,layer#2:cnv/fc:dim=1000x2,n22,6.17878,nz,2000,1,absavgw,0.065639,avgw,0.000174111,absavgi,0.498784,avgi,0.498784,

Thu May 14 20:19:03 2015:  ite,10,0.188284,0.182106
Thu May 14 20:19:16 2015: ... 2000: 0.17710787534713745561,0.0079097728729248042989
layer#0:cnv/fc:dim=60000x500,n22,6.01914,nz,30000000,1,absavgw,0.00798016,avgw,-4.82368e-06,absavgi,0.0305188,avgi,-0.0289098,layer#1:cnv/fc:dim=90000x500,n22,9.03294,nz,45000000,1,absavgw,0.00798141,avgw,-1.53493e-06,absavgi,0.0379955,avgi,-0.0372663,layer#2:cnv/fc:dim=1000x2,n22,7.90977,nz,2000,1,absavgw,0.0744329,avgw,0.000154693,absavgi,0.499141,avgi,0.499141,

Thu May 14 20:19:17 2015:  ite,11,0.185018,0.177108
Thu May 14 20:19:30 2015: ... 2000: 0.14869647932052612593,0.010067293167114257924
layer#0:cnv/fc:dim=60000x500,n22,6.02553,nz,30000000,1,absavgw,0.00798127,avgw,-4.77407e-06,absavgi,0.030237,avgi,-0.0291795,layer#1:cnv/fc:dim=90000x500,n22,9.04705,nz,45000000,1,absavgw,0.007984,avgw,-1.46034e-06,absavgi,0.0376727,avgi,-0.0374614,layer#2:cnv/fc:dim=1000x2,n22,10.0673,nz,2000,1,absavgw,0.084495,avgw,0.000128414,absavgi,0.498685,avgi,0.498685,

Thu May 14 20:19:31 2015:  ite,12,0.158764,0.148696
Thu May 14 20:19:44 2015: ... 2000: 0.11921219491958617853,0.012896993637084961867
layer#0:cnv/fc:dim=60000x500,n22,6.0323,nz,30000000,1,absavgw,0.00798255,avgw,-4.74551e-06,absavgi,0.0308335,avgi,-0.0300477,layer#1:cnv/fc:dim=90000x500,n22,9.06245,nz,45000000,1,absavgw,0.0079869,avgw,-1.41014e-06,absavgi,0.0391583,avgi,-0.0386237,layer#2:cnv/fc:dim=1000x2,n22,12.897,nz,2000,1,absavgw,0.0959867,avgw,0.000106771,absavgi,0.498918,avgi,0.498918,

Thu May 14 20:19:44 2015:  ite,13,0.132109,0.119212
Thu May 14 20:19:57 2015: ... 2000: 0.10311386632919311568,0.015625482559204102728
layer#0:cnv/fc:dim=60000x500,n22,6.03953,nz,30000000,1,absavgw,0.00798402,avgw,-4.67405e-06,absavgi,0.0306273,avgi,-0.029916,layer#1:cnv/fc:dim=90000x500,n22,9.0796,nz,45000000,1,absavgw,0.00799019,avgw,-1.32612e-06,absavgi,0.0395573,avgi,-0.039432,layer#2:cnv/fc:dim=1000x2,n22,15.6255,nz,2000,1,absavgw,0.105974,avgw,9.19209e-05,absavgi,0.499539,avgi,0.499539,

Thu May 14 20:19:58 2015:  ite,14,0.118739,0.103114
Thu May 14 20:20:11 2015: ... 2000: 0.086361296892166136696,0.018004341125488283054
layer#0:cnv/fc:dim=60000x500,n22,6.04675,nz,30000000,1,absavgw,0.00798552,avgw,-4.60437e-06,absavgi,0.0306912,avgi,-0.0300574,layer#1:cnv/fc:dim=90000x500,n22,9.09712,nz,45000000,1,absavgw,0.0079936,avgw,-1.19856e-06,absavgi,0.0391661,avgi,-0.0389532,layer#2:cnv/fc:dim=1000x2,n22,18.0043,nz,2000,1,absavgw,0.114215,avgw,8.46119e-05,absavgi,0.499426,avgi,0.499426,

Thu May 14 20:20:12 2015:  ite,15,0.104366,0.0863613
Thu May 14 20:20:25 2015: ... 2000: 0.10126696467399597112,0.019156875610351561251
layer#0:cnv/fc:dim=60000x500,n22,6.05469,nz,30000000,1,absavgw,0.00798714,avgw,-4.5034e-06,absavgi,0.0304612,avgi,-0.0294874,layer#1:cnv/fc:dim=90000x500,n22,9.11674,nz,45000000,1,absavgw,0.00799731,avgw,-1.09224e-06,absavgi,0.0401274,avgi,-0.0397594,layer#2:cnv/fc:dim=1000x2,n22,19.1569,nz,2000,1,absavgw,0.118356,avgw,8.26302e-05,absavgi,0.499643,avgi,0.499643,

Thu May 14 20:20:25 2015:  ite,16,0.120424,0.101267
Thu May 14 20:20:38 2015: ... 2000: 0.079221382617950433791,0.019807842254638673846
layer#0:cnv/fc:dim=60000x500,n22,6.06276,nz,30000000,1,absavgw,0.00798874,avgw,-4.4517e-06,absavgi,0.0311322,avgi,-0.0301992,layer#1:cnv/fc:dim=90000x500,n22,9.13697,nz,45000000,1,absavgw,0.00800106,avgw,-9.97815e-07,absavgi,0.0413929,avgi,-0.0412726,layer#2:cnv/fc:dim=1000x2,n22,19.8078,nz,2000,1,absavgw,0.120683,avgw,7.42664e-05,absavgi,0.499967,avgi,0.499967,

Thu May 14 20:20:39 2015:  ite,17,0.0990292,0.0792214
Thu May 14 20:20:52 2015: ... 2000: 0.050919158697128298618,0.021112434387207033165
layer#0:cnv/fc:dim=60000x500,n22,6.06895,nz,30000000,1,absavgw,0.00799015,avgw,-4.40906e-06,absavgi,0.0310705,avgi,-0.03067,layer#1:cnv/fc:dim=90000x500,n22,9.15311,nz,45000000,1,absavgw,0.00800422,avgw,-9.52252e-07,absavgi,0.0432229,avgi,-0.0430441,layer#2:cnv/fc:dim=1000x2,n22,21.1124,nz,2000,1,absavgw,0.124865,avgw,6.2973e-05,absavgi,0.499568,avgi,0.499568,

Thu May 14 20:20:52 2015:  ite,18,0.0720316,0.0509192
Thu May 14 20:21:05 2015: ... 2000: 0.035999746918678285357,0.022367973327636719166
layer#0:cnv/fc:dim=60000x500,n22,6.07368,nz,30000000,1,absavgw,0.00799132,avgw,-4.36806e-06,absavgi,0.0311602,avgi,-0.0308536,layer#1:cnv/fc:dim=90000x500,n22,9.16577,nz,45000000,1,absavgw,0.00800686,avgw,-8.65762e-07,absavgi,0.0427875,avgi,-0.0427775,layer#2:cnv/fc:dim=1000x2,n22,22.368,nz,2000,1,absavgw,0.128695,avgw,5.25856e-05,absavgi,0.49962,avgi,0.49962,

Thu May 14 20:21:06 2015:  ite,19,0.0583677,0.0359997
Thu May 14 20:21:19 2015: ... 2000: 0.030479645371437071727,0.023153242111206055742
layer#0:cnv/fc:dim=60000x500,n22,6.07768,nz,30000000,1,absavgw,0.00799231,avgw,-4.32521e-06,absavgi,0.0307233,avgi,-0.0306687,layer#1:cnv/fc:dim=90000x500,n22,9.17614,nz,45000000,1,absavgw,0.00800894,avgw,-8.42286e-07,absavgi,0.0434487,avgi,-0.0434304,layer#2:cnv/fc:dim=1000x2,n22,23.1532,nz,2000,1,absavgw,0.131112,avgw,4.45805e-05,absavgi,0.49979,avgi,0.49979,

Thu May 14 20:21:19 2015:  ite,20,0.0536329,0.0304796
Thu May 14 20:21:32 2015: ... 2000: 0.029339614570140837291,0.023305679321289064082
layer#0:cnv/fc:dim=60000x500,n22,6.08102,nz,30000000,1,absavgw,0.00799317,avgw,-4.3214e-06,absavgi,0.0315371,avgi,-0.0314529,layer#1:cnv/fc:dim=90000x500,n22,9.18531,nz,45000000,1,absavgw,0.00801084,avgw,-8.11857e-07,absavgi,0.0439944,avgi,-0.0439944,layer#2:cnv/fc:dim=1000x2,n22,23.3057,nz,2000,1,absavgw,0.131699,avgw,4.66633e-05,absavgi,0.499933,avgi,0.499933,

Thu May 14 20:21:33 2015:  ite,21,0.0526453,0.0293396
Thu May 14 20:21:46 2015: ... 2000: 0.028115244150161741721,0.023243946075439454735
layer#0:cnv/fc:dim=60000x500,n22,6.08467,nz,30000000,1,absavgw,0.00799404,avgw,-4.27217e-06,absavgi,0.0309313,avgi,-0.03069,layer#1:cnv/fc:dim=90000x500,n22,9.19513,nz,45000000,1,absavgw,0.00801273,avgw,-7.21593e-07,absavgi,0.0427738,avgi,-0.0427652,layer#2:cnv/fc:dim=1000x2,n22,23.2439,nz,2000,1,absavgw,0.131735,avgw,4.29802e-05,absavgi,0.499669,avgi,0.499669,

Thu May 14 20:21:47 2015:  ite,22,0.0513592,0.0281152
Thu May 14 20:22:00 2015: ... 2000: 0.022374224603176118276,0.023058692932128907471
layer#0:cnv/fc:dim=60000x500,n22,6.08766,nz,30000000,1,absavgw,0.00799481,avgw,-4.24325e-06,absavgi,0.0305366,avgi,-0.0303851,layer#1:cnv/fc:dim=90000x500,n22,9.2028,nz,45000000,1,absavgw,0.00801427,avgw,-7.71236e-07,absavgi,0.0453279,avgi,-0.0453279,layer#2:cnv/fc:dim=1000x2,n22,23.0587,nz,2000,1,absavgw,0.131339,avgw,4.05617e-05,absavgi,0.499863,avgi,0.499863,

Thu May 14 20:22:00 2015:  ite,23,0.0454329,0.0223742
Thu May 14 20:22:13 2015: ... 2000: 0.021506428956985474549,0.022789058685302735624
layer#0:cnv/fc:dim=60000x500,n22,6.0902,nz,30000000,1,absavgw,0.00799545,avgw,-4.25008e-06,absavgi,0.0312757,avgi,-0.0311994,layer#1:cnv/fc:dim=90000x500,n22,9.20992,nz,45000000,1,absavgw,0.0080157,avgw,-7.43789e-07,absavgi,0.0452061,avgi,-0.0452061,layer#2:cnv/fc:dim=1000x2,n22,22.7891,nz,2000,1,absavgw,0.130694,avgw,3.45459e-05,absavgi,0.499716,avgi,0.499716,

Thu May 14 20:22:14 2015:  ite,24,0.0442955,0.0215064
Thu May 14 20:22:27 2015: ... 2000: 0.018391882956027984231,0.022438255310058594083
layer#0:cnv/fc:dim=60000x500,n22,6.09264,nz,30000000,1,absavgw,0.00799606,avgw,-4.22048e-06,absavgi,0.0310071,avgi,-0.0309287,layer#1:cnv/fc:dim=90000x500,n22,9.21652,nz,45000000,1,absavgw,0.00801702,avgw,-7.08482e-07,absavgi,0.0449406,avgi,-0.0449406,layer#2:cnv/fc:dim=1000x2,n22,22.4383,nz,2000,1,absavgw,0.129829,avgw,3.10535e-05,absavgi,0.499822,avgi,0.499822,

Thu May 14 20:22:28 2015:  ite,25,0.0408301,0.0183919, test-loss,0.221110286712646, perf,0.36
Thu May 14 20:22:42 2015: ... 2000: 0.019885482549667359703,0.021959407806396484542
layer#0:cnv/fc:dim=60000x500,n22,6.09492,nz,30000000,1,absavgw,0.00799665,avgw,-4.20124e-06,absavgi,0.0310238,avgi,-0.0309022,layer#1:cnv/fc:dim=90000x500,n22,9.2226,nz,45000000,1,absavgw,0.00801821,avgw,-6.95264e-07,absavgi,0.0451828,avgi,-0.0451828,layer#2:cnv/fc:dim=1000x2,n22,21.9594,nz,2000,1,absavgw,0.128559,avgw,3.06549e-05,absavgi,0.499903,avgi,0.499903,

Thu May 14 20:22:42 2015:  ite,26,0.0418449,0.0198855
Thu May 14 20:22:55 2015: ... 2000: 0.022891219019889830211,0.021448656082153322311
layer#0:cnv/fc:dim=60000x500,n22,6.09765,nz,30000000,1,absavgw,0.00799731,avgw,-4.15629e-06,absavgi,0.0302132,avgi,-0.030192,layer#1:cnv/fc:dim=90000x500,n22,9.22989,nz,45000000,1,absavgw,0.00801957,avgw,-6.26457e-07,absavgi,0.044274,avgi,-0.044274,layer#2:cnv/fc:dim=1000x2,n22,21.4487,nz,2000,1,absavgw,0.127197,avgw,2.87876e-05,absavgi,0.499878,avgi,0.499878,

Thu May 14 20:22:56 2015:  ite,27,0.0443399,0.0228912
Thu May 14 20:23:09 2015: ... 2000: 0.018616483926773071123,0.021093372344970703902
layer#0:cnv/fc:dim=60000x500,n22,6.10004,nz,30000000,1,absavgw,0.00799789,avgw,-4.14727e-06,absavgi,0.0304611,avgi,-0.0304611,layer#1:cnv/fc:dim=90000x500,n22,9.23629,nz,45000000,1,absavgw,0.00802081,avgw,-6.30758e-07,absavgi,0.0455657,avgi,-0.0455657,layer#2:cnv/fc:dim=1000x2,n22,21.0934,nz,2000,1,absavgw,0.126198,avgw,2.83699e-05,absavgi,0.500107,avgi,0.500107,

Thu May 14 20:23:09 2015:  ite,28,0.0397099,0.0186165
Thu May 14 20:23:22 2015: ... 2000: 0.017750596880912780651,0.020648832321166991216
layer#0:cnv/fc:dim=60000x500,n22,6.10217,nz,30000000,1,absavgw,0.00799842,avgw,-4.12201e-06,absavgi,0.0300899,avgi,-0.0299577,layer#1:cnv/fc:dim=90000x500,n22,9.24203,nz,45000000,1,absavgw,0.00802196,avgw,-5.86354e-07,absavgi,0.0448927,avgi,-0.0448927,layer#2:cnv/fc:dim=1000x2,n22,20.6488,nz,2000,1,absavgw,0.124991,avgw,2.82269e-05,absavgi,0.499952,avgi,0.499952,

Thu May 14 20:23:23 2015:  ite,29,0.0383994,0.0177506
Thu May 14 20:23:36 2015: ... 2000: 0.019974866062402726191,0.020095016479492189276
layer#0:cnv/fc:dim=60000x500,n22,6.10439,nz,30000000,1,absavgw,0.00799893,avgw,-4.1343e-06,absavgi,0.0309421,avgi,-0.0307719,layer#1:cnv/fc:dim=90000x500,n22,9.24804,nz,45000000,1,absavgw,0.00802308,avgw,-6.00185e-07,absavgi,0.0460193,avgi,-0.0460193,layer#2:cnv/fc:dim=1000x2,n22,20.095,nz,2000,1,absavgw,0.123377,avgw,2.85187e-05,absavgi,0.500027,avgi,0.500027,

Thu May 14 20:23:37 2015:  ite,30,0.0400699,0.0199749
Thu May 14 20:23:50 2015: ... 2000: 0.017972380280494689581,0.019801624298095704679
layer#0:cnv/fc:dim=60000x500,n22,6.10681,nz,30000000,1,absavgw,0.00799949,avgw,-4.10164e-06,absavgi,0.0302039,avgi,-0.0301199,layer#1:cnv/fc:dim=90000x500,n22,9.25436,nz,45000000,1,absavgw,0.00802433,avgw,-5.35672e-07,absavgi,0.0448824,avgi,-0.0448824,layer#2:cnv/fc:dim=1000x2,n22,19.8016,nz,2000,1,absavgw,0.122576,avgw,2.45094e-05,absavgi,0.499902,avgi,0.499902,

Thu May 14 20:23:50 2015:  ite,31,0.037774,0.0179724
Thu May 14 20:24:03 2015: ... 2000: 0.015961871504783630565,0.019455965042114258673
layer#0:cnv/fc:dim=60000x500,n22,6.10877,nz,30000000,1,absavgw,0.00799998,avgw,-4.10443e-06,absavgi,0.0306974,avgi,-0.0306183,layer#1:cnv/fc:dim=90000x500,n22,9.25984,nz,45000000,1,absavgw,0.00802536,avgw,-5.49317e-07,absavgi,0.0461565,avgi,-0.0461565,layer#2:cnv/fc:dim=1000x2,n22,19.456,nz,2000,1,absavgw,0.121565,avgw,2.29721e-05,absavgi,0.500078,avgi,0.500078,

Thu May 14 20:24:04 2015:  ite,32,0.0354178,0.0159619
Thu May 14 20:24:17 2015: ... 2000: 0.014476044267416001213,0.019203933715820312167
layer#0:cnv/fc:dim=60000x500,n22,6.11057,nz,30000000,1,absavgw,0.00800048,avgw,-4.10559e-06,absavgi,0.031119,avgi,-0.031119,layer#1:cnv/fc:dim=90000x500,n22,9.26488,nz,45000000,1,absavgw,0.00802637,avgw,-5.34222e-07,absavgi,0.0464924,avgi,-0.0464924,layer#2:cnv/fc:dim=1000x2,n22,19.2039,nz,2000,1,absavgw,0.120794,avgw,2.26231e-05,absavgi,0.50002,avgi,0.50002,

Thu May 14 20:24:17 2015:  ite,33,0.03368,0.014476
Thu May 14 20:24:30 2015: ... 2000: 0.013750158578157424885,0.018923416137695311945
layer#0:cnv/fc:dim=60000x500,n22,6.1124,nz,30000000,1,absavgw,0.00800092,avgw,-4.09266e-06,absavgi,0.0310694,avgi,-0.0310694,layer#1:cnv/fc:dim=90000x500,n22,9.26976,nz,45000000,1,absavgw,0.00802731,avgw,-5.08704e-07,absavgi,0.04637,avgi,-0.04637,layer#2:cnv/fc:dim=1000x2,n22,18.9234,nz,2000,1,absavgw,0.119949,avgw,2.29244e-05,absavgi,0.500009,avgi,0.500009,

Thu May 14 20:24:31 2015:  ite,34,0.0326736,0.0137502
Thu May 14 20:24:44 2015: ... 2000: 0.013997935861349106168,0.018534925460815431658
layer#0:cnv/fc:dim=60000x500,n22,6.11414,nz,30000000,1,absavgw,0.00800137,avgw,-4.06182e-06,absavgi,0.0303679,avgi,-0.0303246,layer#1:cnv/fc:dim=90000x500,n22,9.27436,nz,45000000,1,absavgw,0.00802822,avgw,-4.80674e-07,absavgi,0.0460182,avgi,-0.0460182,layer#2:cnv/fc:dim=1000x2,n22,18.5349,nz,2000,1,absavgw,0.118781,avgw,2.145e-05,absavgi,0.499988,avgi,0.499988,

Thu May 14 20:24:45 2015:  ite,35,0.0325329,0.0139979
Thu May 14 20:24:58 2015: ... 2000: 0.014424518048763275424,0.018165779113769531944
layer#0:cnv/fc:dim=60000x500,n22,6.11586,nz,30000000,1,absavgw,0.0080018,avgw,-4.04281e-06,absavgi,0.0299632,avgi,-0.0299154,layer#1:cnv/fc:dim=90000x500,n22,9.27896,nz,45000000,1,absavgw,0.00802911,avgw,-4.46192e-07,absavgi,0.0456304,avgi,-0.0456304,layer#2:cnv/fc:dim=1000x2,n22,18.1658,nz,2000,1,absavgw,0.117654,avgw,1.9228e-05,absavgi,0.499917,avgi,0.499917,

Thu May 14 20:24:59 2015:  ite,36,0.0325903,0.0144245
Thu May 14 20:25:12 2015: ... 2000: 0.015538250148296356076,0.017985099792480467584
layer#0:cnv/fc:dim=60000x500,n22,6.11765,nz,30000000,1,absavgw,0.00800222,avgw,-4.06293e-06,absavgi,0.0308979,avgi,-0.0308641,layer#1:cnv/fc:dim=90000x500,n22,9.28384,nz,45000000,1,absavgw,0.00803006,avgw,-4.52706e-07,absavgi,0.0465633,avgi,-0.0465633,layer#2:cnv/fc:dim=1000x2,n22,17.9851,nz,2000,1,absavgw,0.117143,avgw,1.86081e-05,absavgi,0.500055,avgi,0.500055,

Thu May 14 20:25:12 2015:  ite,37,0.0335233,0.0155383
Thu May 14 20:25:26 2015: ... 2000: 0.014415039479732513414,0.017734975814819337048
layer#0:cnv/fc:dim=60000x500,n22,6.11956,nz,30000000,1,absavgw,0.00800268,avgw,-4.04722e-06,absavgi,0.0307584,avgi,-0.0306346,layer#1:cnv/fc:dim=90000x500,n22,9.28892,nz,45000000,1,absavgw,0.00803104,avgw,-4.15275e-07,absavgi,0.0460561,avgi,-0.0460561,layer#2:cnv/fc:dim=1000x2,n22,17.735,nz,2000,1,absavgw,0.116346,avgw,1.91669e-05,absavgi,0.499988,avgi,0.499988,

Thu May 14 20:25:26 2015:  ite,38,0.03215,0.014415
Thu May 14 20:25:39 2015: ... 2000: 0.012924939393997192383,0.017556013107299806714
layer#0:cnv/fc:dim=60000x500,n22,6.12133,nz,30000000,1,absavgw,0.00800311,avgw,-4.02846e-06,absavgi,0.0303695,avgi,-0.0302944,layer#1:cnv/fc:dim=90000x500,n22,9.29365,nz,45000000,1,absavgw,0.00803196,avgw,-3.89296e-07,absavgi,0.0458894,avgi,-0.0458894,layer#2:cnv/fc:dim=1000x2,n22,17.556,nz,2000,1,absavgw,0.115786,avgw,1.89724e-05,absavgi,0.499929,avgi,0.499929,

Thu May 14 20:25:40 2015:  ite,39,0.030481,0.0129249
Thu May 14 20:25:53 2015: ... 2000: 0.012679717063903809399,0.017272258758544923457
layer#0:cnv/fc:dim=60000x500,n22,6.12284,nz,30000000,1,absavgw,0.00800349,avgw,-4.04114e-06,absavgi,0.031016,avgi,-0.0309934,layer#1:cnv/fc:dim=90000x500,n22,9.29779,nz,45000000,1,absavgw,0.00803275,avgw,-3.94955e-07,absavgi,0.0467579,avgi,-0.0467579,layer#2:cnv/fc:dim=1000x2,n22,17.2723,nz,2000,1,absavgw,0.114858,avgw,1.75915e-05,absavgi,0.499956,avgi,0.499956,

Thu May 14 20:25:54 2015:  ite,40,0.029952,0.0126797
Thu May 14 20:26:07 2015: ... 2000: 0.012710230529308318842,0.017006864547729493714
layer#0:cnv/fc:dim=60000x500,n22,6.12433,nz,30000000,1,absavgw,0.00800388,avgw,-4.04404e-06,absavgi,0.0313308,avgi,-0.0313187,layer#1:cnv/fc:dim=90000x500,n22,9.30192,nz,45000000,1,absavgw,0.0080336,avgw,-3.76027e-07,absavgi,0.0466871,avgi,-0.0466871,layer#2:cnv/fc:dim=1000x2,n22,17.0069,nz,2000,1,absavgw,0.114029,avgw,1.6367e-05,absavgi,0.499982,avgi,0.499982,

Thu May 14 20:26:07 2015:  ite,41,0.0297171,0.0127102
Thu May 14 20:26:21 2015: ... 2000: 0.012733639627695083132,0.016842288970947267429
layer#0:cnv/fc:dim=60000x500,n22,6.12605,nz,30000000,1,absavgw,0.00800431,avgw,-4.01423e-06,absavgi,0.030499,avgi,-0.0304941,layer#1:cnv/fc:dim=90000x500,n22,9.30623,nz,45000000,1,absavgw,0.00803441,avgw,-3.74643e-07,absavgi,0.0471326,avgi,-0.0471326,layer#2:cnv/fc:dim=1000x2,n22,16.8423,nz,2000,1,absavgw,0.11352,avgw,1.60933e-05,absavgi,0.499982,avgi,0.499982,

Thu May 14 20:26:21 2015:  ite,42,0.0295759,0.0127336
Thu May 14 20:26:34 2015: ... 2000: 0.012658098638057708671,0.016612836837768554799
layer#0:cnv/fc:dim=60000x500,n22,6.12762,nz,30000000,1,absavgw,0.00800469,avgw,-3.99251e-06,absavgi,0.0299951,avgi,-0.0299951,layer#1:cnv/fc:dim=90000x500,n22,9.31042,nz,45000000,1,absavgw,0.00803526,avgw,-3.29446e-07,absavgi,0.0462719,avgi,-0.0462719,layer#2:cnv/fc:dim=1000x2,n22,16.6128,nz,2000,1,absavgw,0.112815,avgw,1.55802e-05,absavgi,0.499962,avgi,0.499962,

Thu May 14 20:26:35 2015:  ite,43,0.0292709,0.0126581
Thu May 14 20:26:48 2015: ... 2000: 0.012342495769262313773,0.016389776229858397938
layer#0:cnv/fc:dim=60000x500,n22,6.12909,nz,30000000,1,absavgw,0.00800505,avgw,-4.00507e-06,absavgi,0.0306495,avgi,-0.0306495,layer#1:cnv/fc:dim=90000x500,n22,9.31446,nz,45000000,1,absavgw,0.00803605,avgw,-3.28614e-07,absavgi,0.046859,avgi,-0.046859,layer#2:cnv/fc:dim=1000x2,n22,16.3898,nz,2000,1,absavgw,0.112076,avgw,1.45273e-05,absavgi,0.500005,avgi,0.500005,

Thu May 14 20:26:49 2015:  ite,44,0.0287323,0.0123425
Thu May 14 20:27:02 2015: ... 2000: 0.012364183992147444874,0.016278720855712889432
layer#0:cnv/fc:dim=60000x500,n22,6.13066,nz,30000000,1,absavgw,0.00800541,avgw,-4.00221e-06,absavgi,0.03087,avgi,-0.0308603,layer#1:cnv/fc:dim=90000x500,n22,9.31883,nz,45000000,1,absavgw,0.0080369,avgw,-2.91483e-07,absavgi,0.0464193,avgi,-0.0464193,layer#2:cnv/fc:dim=1000x2,n22,16.2787,nz,2000,1,absavgw,0.111691,avgw,1.28536e-05,absavgi,0.49996,avgi,0.49996,

Thu May 14 20:27:03 2015:  ite,45,0.0286429,0.0123642
Thu May 14 20:27:16 2015: ... 2000: 0.010739678651094436077,0.016116676330566407499
layer#0:cnv/fc:dim=60000x500,n22,6.13212,nz,30000000,1,absavgw,0.00800578,avgw,-3.99217e-06,absavgi,0.0307763,avgi,-0.0307343,layer#1:cnv/fc:dim=90000x500,n22,9.32253,nz,45000000,1,absavgw,0.00803764,avgw,-2.9554e-07,absavgi,0.0471033,avgi,-0.0471033,layer#2:cnv/fc:dim=1000x2,n22,16.1167,nz,2000,1,absavgw,0.111185,avgw,1.15347e-05,absavgi,0.499975,avgi,0.499975,

Thu May 14 20:27:16 2015:  ite,46,0.0268564,0.0107397
Thu May 14 20:27:30 2015: ... 2000: 0.011020344138145446097,0.015938019752502440018
layer#0:cnv/fc:dim=60000x500,n22,6.13352,nz,30000000,1,absavgw,0.00800614,avgw,-3.99013e-06,absavgi,0.0308153,avgi,-0.0308017,layer#1:cnv/fc:dim=90000x500,n22,9.32631,nz,45000000,1,absavgw,0.00803834,avgw,-2.88346e-07,absavgi,0.0473905,avgi,-0.0473905,layer#2:cnv/fc:dim=1000x2,n22,15.938,nz,2000,1,absavgw,0.110613,avgw,1.03369e-05,absavgi,0.499976,avgi,0.499976,

Thu May 14 20:27:30 2015:  ite,47,0.0269584,0.0110203
Thu May 14 20:27:43 2015: ... 2000: 0.011377130895853041978,0.015702692031860351896
layer#0:cnv/fc:dim=60000x500,n22,6.13493,nz,30000000,1,absavgw,0.00800647,avgw,-3.97387e-06,absavgi,0.0305136,avgi,-0.0305109,layer#1:cnv/fc:dim=90000x500,n22,9.32997,nz,45000000,1,absavgw,0.00803906,avgw,-2.51098e-07,absavgi,0.046828,avgi,-0.046828,layer#2:cnv/fc:dim=1000x2,n22,15.7027,nz,2000,1,absavgw,0.109842,avgw,1.01261e-05,absavgi,0.499969,avgi,0.499969,

Thu May 14 20:27:44 2015:  ite,48,0.0270798,0.0113771
Thu May 14 20:27:57 2015: ... 2000: 0.011462159872055054446,0.01557916450500488291
layer#0:cnv/fc:dim=60000x500,n22,6.13641,nz,30000000,1,absavgw,0.00800682,avgw,-3.96503e-06,absavgi,0.0303533,avgi,-0.0303398,layer#1:cnv/fc:dim=90000x500,n22,9.33379,nz,45000000,1,absavgw,0.00803978,avgw,-2.47653e-07,absavgi,0.0472776,avgi,-0.0472776,layer#2:cnv/fc:dim=1000x2,n22,15.5792,nz,2000,1,absavgw,0.109454,avgw,1.04876e-05,absavgi,0.499981,avgi,0.499981,

Thu May 14 20:27:57 2015:  ite,49,0.0270413,0.0114622
Thu May 14 20:28:10 2015: ... 2000: 0.012888267815113067447,0.015441536903381347656
layer#0:cnv/fc:dim=60000x500,n22,6.13784,nz,30000000,1,absavgw,0.00800714,avgw,-3.98802e-06,absavgi,0.0312851,avgi,-0.0312618,layer#1:cnv/fc:dim=90000x500,n22,9.33779,nz,45000000,1,absavgw,0.00804058,avgw,-2.35994e-07,absavgi,0.0475058,avgi,-0.0475058,layer#2:cnv/fc:dim=1000x2,n22,15.4415,nz,2000,1,absavgw,0.108961,avgw,1.06544e-05,absavgi,0.500005,avgi,0.500005,

Thu May 14 20:28:12 2015:  ite,50,0.0283298,0.0128883, test-loss,0.221130905151367, perf,0.325
Thu May 14 20:28:25 2015: ... 2000: 0.012168531149625778573,0.015300573348999023729
layer#0:cnv/fc:dim=60000x500,n22,6.13938,nz,30000000,1,absavgw,0.00800752,avgw,-3.97648e-06,absavgi,0.0310386,avgi,-0.0310306,layer#1:cnv/fc:dim=90000x500,n22,9.34177,nz,45000000,1,absavgw,0.00804133,avgw,-2.24264e-07,absavgi,0.0477216,avgi,-0.0477216,layer#2:cnv/fc:dim=1000x2,n22,15.3006,nz,2000,1,absavgw,0.108478,avgw,9.60255e-06,absavgi,0.500003,avgi,0.500003,

Thu May 14 20:28:26 2015:  ite,51,0.0274691,0.0121685
Thu May 14 20:28:39 2015: ... 2000: 0.010896021842956543635,0.015185899734497070035
layer#0:cnv/fc:dim=60000x500,n22,6.14082,nz,30000000,1,absavgw,0.00800789,avgw,-3.957e-06,absavgi,0.0306631,avgi,-0.0306544,layer#1:cnv/fc:dim=90000x500,n22,9.34567,nz,45000000,1,absavgw,0.00804209,avgw,-1.88025e-07,absavgi,0.0473037,avgi,-0.0473037,layer#2:cnv/fc:dim=1000x2,n22,15.1859,nz,2000,1,absavgw,0.108121,avgw,8.34942e-06,absavgi,0.49997,avgi,0.49997,

Thu May 14 20:28:39 2015:  ite,52,0.0260819,0.010896
Thu May 14 20:28:52 2015: ... 2000: 0.010718995034694671006,0.01505862617492675741
layer#0:cnv/fc:dim=60000x500,n22,6.14221,nz,30000000,1,absavgw,0.00800823,avgw,-3.95065e-06,absavgi,0.0306964,avgi,-0.0306964,layer#1:cnv/fc:dim=90000x500,n22,9.3493,nz,45000000,1,absavgw,0.00804279,avgw,-1.62761e-07,absavgi,0.0472353,avgi,-0.0472353,layer#2:cnv/fc:dim=1000x2,n22,15.0586,nz,2000,1,absavgw,0.107677,avgw,7.81822e-06,absavgi,0.499992,avgi,0.499992,

Thu May 14 20:28:53 2015:  ite,53,0.0257776,0.010719
Thu May 14 20:29:06 2015: ... 2000: 0.010595128238201141635,0.014912366867065429688
layer#0:cnv/fc:dim=60000x500,n22,6.14354,nz,30000000,1,absavgw,0.00800856,avgw,-3.935e-06,absavgi,0.0304515,avgi,-0.0304515,layer#1:cnv/fc:dim=90000x500,n22,9.35273,nz,45000000,1,absavgw,0.00804344,avgw,-1.59771e-07,absavgi,0.0477169,avgi,-0.0477169,layer#2:cnv/fc:dim=1000x2,n22,14.9124,nz,2000,1,absavgw,0.107149,avgw,7.52258e-06,absavgi,0.499999,avgi,0.499999,

Thu May 14 20:29:06 2015:  ite,54,0.0255075,0.0105951
Thu May 14 20:29:20 2015: ... 2000: 0.010446003019809722151,0.014814186096191407291
layer#0:cnv/fc:dim=60000x500,n22,6.14484,nz,30000000,1,absavgw,0.00800889,avgw,-3.93729e-06,absavgi,0.0308262,avgi,-0.0308262,layer#1:cnv/fc:dim=90000x500,n22,9.35627,nz,45000000,1,absavgw,0.00804415,avgw,-1.39772e-07,absavgi,0.0478021,avgi,-0.0478021,layer#2:cnv/fc:dim=1000x2,n22,14.8142,nz,2000,1,absavgw,0.10682,avgw,7.21741e-06,absavgi,0.5,avgi,0.5,

Thu May 14 20:29:20 2015:  ite,55,0.0252602,0.010446
Thu May 14 20:29:33 2015: ... 2000: 0.010764659464359283003,0.014719154357910156292
layer#0:cnv/fc:dim=60000x500,n22,6.14615,nz,30000000,1,absavgw,0.0080092,avgw,-3.93459e-06,absavgi,0.0309512,avgi,-0.0309471,layer#1:cnv/fc:dim=90000x500,n22,9.35978,nz,45000000,1,absavgw,0.00804481,avgw,-1.32247e-07,absavgi,0.0480748,avgi,-0.0480748,layer#2:cnv/fc:dim=1000x2,n22,14.7192,nz,2000,1,absavgw,0.106498,avgw,6.5546e-06,absavgi,0.499987,avgi,0.499987,

Thu May 14 20:29:34 2015:  ite,56,0.0254838,0.0107647
Thu May 14 20:29:47 2015: ... 2000: 0.010939182579517365071,0.014588285446166991688
layer#0:cnv/fc:dim=60000x500,n22,6.1475,nz,30000000,1,absavgw,0.00800951,avgw,-3.93185e-06,absavgi,0.0311942,avgi,-0.0311477,layer#1:cnv/fc:dim=90000x500,n22,9.36336,nz,45000000,1,absavgw,0.0080455,avgw,-1.02192e-07,absavgi,0.0476558,avgi,-0.0476558,layer#2:cnv/fc:dim=1000x2,n22,14.5883,nz,2000,1,absavgw,0.106064,avgw,6.33621e-06,absavgi,0.500001,avgi,0.500001,

Thu May 14 20:29:47 2015:  ite,57,0.0255275,0.0109392
Thu May 14 20:30:00 2015: ... 2000: 0.010174422860145568293,0.01440614509582519541
layer#0:cnv/fc:dim=60000x500,n22,6.14885,nz,30000000,1,absavgw,0.00800984,avgw,-3.90429e-06,absavgi,0.0303622,avgi,-0.0303622,layer#1:cnv/fc:dim=90000x500,n22,9.36663,nz,45000000,1,absavgw,0.00804613,avgw,-9.77007e-08,absavgi,0.0480156,avgi,-0.0480156,layer#2:cnv/fc:dim=1000x2,n22,14.4061,nz,2000,1,absavgw,0.105412,avgw,6.21128e-06,absavgi,0.500003,avgi,0.500003,

Thu May 14 20:30:01 2015:  ite,58,0.0245806,0.0101744
Thu May 14 20:30:14 2015: ... 2000: 0.0099211281538009645636,0.014290604591369628767
layer#0:cnv/fc:dim=60000x500,n22,6.1501,nz,30000000,1,absavgw,0.00801013,avgw,-3.91381e-06,absavgi,0.0307714,avgi,-0.0307714,layer#1:cnv/fc:dim=90000x500,n22,9.37006,nz,45000000,1,absavgw,0.00804678,avgw,-6.66371e-08,absavgi,0.0476753,avgi,-0.0476753,layer#2:cnv/fc:dim=1000x2,n22,14.2906,nz,2000,1,absavgw,0.105,avgw,5.87463e-06,absavgi,0.500003,avgi,0.500003,

Thu May 14 20:30:14 2015:  ite,59,0.0242117,0.00992113
Thu May 14 20:30:28 2015: ... 2000: 0.010163692280650138758,0.014259569168090820493
layer#0:cnv/fc:dim=60000x500,n22,6.15136,nz,30000000,1,absavgw,0.00801047,avgw,-3.92237e-06,absavgi,0.031285,avgi,-0.0312826,layer#1:cnv/fc:dim=90000x500,n22,9.37337,nz,45000000,1,absavgw,0.00804743,avgw,-6.31072e-08,absavgi,0.0482923,avgi,-0.0482923,layer#2:cnv/fc:dim=1000x2,n22,14.2596,nz,2000,1,absavgw,0.104924,avgw,5.32913e-06,absavgi,0.499995,avgi,0.499995,

Thu May 14 20:30:28 2015:  ite,60,0.0244233,0.0101637
Thu May 14 20:30:41 2015: ... 2000: 0.0093173530697822568025,0.014134632110595703874
layer#0:cnv/fc:dim=60000x500,n22,6.15265,nz,30000000,1,absavgw,0.00801078,avgw,-3.90011e-06,absavgi,0.0307356,avgi,-0.0307249,layer#1:cnv/fc:dim=90000x500,n22,9.37668,nz,45000000,1,absavgw,0.00804805,avgw,-3.08032e-08,absavgi,0.0476171,avgi,-0.0476171,layer#2:cnv/fc:dim=1000x2,n22,14.1346,nz,2000,1,absavgw,0.104462,avgw,5.126e-06,absavgi,0.499984,avgi,0.499984,

Thu May 14 20:30:42 2015:  ite,61,0.023452,0.00931735
Thu May 14 20:30:55 2015: ... 2000: 0.0096952665746212005754,0.014108744621276855802
layer#0:cnv/fc:dim=60000x500,n22,6.15394,nz,30000000,1,absavgw,0.00801109,avgw,-3.89664e-06,absavgi,0.0307535,avgi,-0.0307535,layer#1:cnv/fc:dim=90000x500,n22,9.37997,nz,45000000,1,absavgw,0.00804868,avgw,-3.41806e-08,absavgi,0.0482687,avgi,-0.0482687,layer#2:cnv/fc:dim=1000x2,n22,14.1087,nz,2000,1,absavgw,0.104371,avgw,4.98009e-06,absavgi,0.49999,avgi,0.49999,

Thu May 14 20:30:55 2015:  ite,62,0.023804,0.00969527
Thu May 14 20:31:08 2015: ... 2000: 0.0096940013915300365238,0.013969017028808594638
layer#0:cnv/fc:dim=60000x500,n22,6.15514,nz,30000000,1,absavgw,0.00801137,avgw,-3.88551e-06,absavgi,0.0307966,avgi,-0.030784,layer#1:cnv/fc:dim=90000x500,n22,9.38324,nz,45000000,1,absavgw,0.00804932,avgw,1.62253e-08,absavgi,0.0473505,avgi,-0.0473505,layer#2:cnv/fc:dim=1000x2,n22,13.969,nz,2000,1,absavgw,0.1039,avgw,4.79126e-06,absavgi,0.500003,avgi,0.500003,

Thu May 14 20:31:09 2015:  ite,63,0.023663,0.009694
Thu May 14 20:31:22 2015: ... 2000: 0.0098909441530704491491,0.013867080688476562597
layer#0:cnv/fc:dim=60000x500,n22,6.15636,nz,30000000,1,absavgw,0.00801167,avgw,-3.88462e-06,absavgi,0.0309591,avgi,-0.0309591,layer#1:cnv/fc:dim=90000x500,n22,9.38633,nz,45000000,1,absavgw,0.0080499,avgw,1.19077e-08,absavgi,0.0482004,avgi,-0.0482004,layer#2:cnv/fc:dim=1000x2,n22,13.8671,nz,2000,1,absavgw,0.103536,avgw,4.49848e-06,absavgi,0.499993,avgi,0.499993,

Thu May 14 20:31:22 2015:  ite,64,0.023758,0.00989094
Thu May 14 20:31:35 2015: ... 2000: 0.010214563608169555803,0.013823210716247558497
layer#0:cnv/fc:dim=60000x500,n22,6.15763,nz,30000000,1,absavgw,0.008012,avgw,-3.87523e-06,absavgi,0.0308534,avgi,-0.0308496,layer#1:cnv/fc:dim=90000x500,n22,9.38976,nz,45000000,1,absavgw,0.00805055,avgw,5.38695e-08,absavgi,0.0474571,avgi,-0.0474571,layer#2:cnv/fc:dim=1000x2,n22,13.8232,nz,2000,1,absavgw,0.10341,avgw,4.23241e-06,absavgi,0.499995,avgi,0.499995,

Thu May 14 20:31:36 2015:  ite,65,0.0240378,0.0102146
Thu May 14 20:31:49 2015: ... 2000: 0.0097487490773200992378,0.01366326713562011734
layer#0:cnv/fc:dim=60000x500,n22,6.15882,nz,30000000,1,absavgw,0.00801228,avgw,-3.88297e-06,absavgi,0.0312776,avgi,-0.0312652,layer#1:cnv/fc:dim=90000x500,n22,9.39284,nz,45000000,1,absavgw,0.00805116,avgw,5.03377e-08,absavgi,0.0481313,avgi,-0.0481313,layer#2:cnv/fc:dim=1000x2,n22,13.6633,nz,2000,1,absavgw,0.102827,avgw,4.12464e-06,absavgi,0.5,avgi,0.5,

Thu May 14 20:31:50 2015:  ite,66,0.023412,0.00974875
Thu May 14 20:32:03 2015: ... 2000: 0.0091850752234458928752,0.013546400070190429965
layer#0:cnv/fc:dim=60000x500,n22,6.16002,nz,30000000,1,absavgw,0.00801257,avgw,-3.87268e-06,absavgi,0.0311019,avgi,-0.0311019,layer#1:cnv/fc:dim=90000x500,n22,9.39588,nz,45000000,1,absavgw,0.00805176,avgw,4.76769e-08,absavgi,0.0486644,avgi,-0.0486644,layer#2:cnv/fc:dim=1000x2,n22,13.5464,nz,2000,1,absavgw,0.102405,avgw,3.78323e-06,absavgi,0.499996,avgi,0.499996,

Thu May 14 20:32:03 2015:  ite,67,0.0227315,0.00918508
Thu May 14 20:32:16 2015: ... 2000: 0.0097988187372684484866,0.013538434028625489364
layer#0:cnv/fc:dim=60000x500,n22,6.16123,nz,30000000,1,absavgw,0.00801286,avgw,-3.88015e-06,absavgi,0.0315435,avgi,-0.0315435,layer#1:cnv/fc:dim=90000x500,n22,9.3992,nz,45000000,1,absavgw,0.00805236,avgw,7.74922e-08,absavgi,0.0483029,avgi,-0.0483029,layer#2:cnv/fc:dim=1000x2,n22,13.5384,nz,2000,1,absavgw,0.102379,avgw,3.53622e-06,absavgi,0.499999,avgi,0.499999,

Thu May 14 20:32:17 2015:  ite,68,0.0233373,0.00979882
Thu May 14 20:32:30 2015: ... 2000: 0.0090163814723491671199,0.01340406036376953075
layer#0:cnv/fc:dim=60000x500,n22,6.16241,nz,30000000,1,absavgw,0.00801317,avgw,-3.85487e-06,absavgi,0.03089,avgi,-0.03089,layer#1:cnv/fc:dim=90000x500,n22,9.4022,nz,45000000,1,absavgw,0.00805291,avgw,8.9333e-08,absavgi,0.0483772,avgi,-0.0483772,layer#2:cnv/fc:dim=1000x2,n22,13.4041,nz,2000,1,absavgw,0.101871,avgw,3.29113e-06,absavgi,0.499989,avgi,0.499989,

Thu May 14 20:32:30 2015:  ite,69,0.0224204,0.00901638
Thu May 14 20:32:43 2015: ... 2000: 0.0092630252540111535087,0.013292331695556641041
layer#0:cnv/fc:dim=60000x500,n22,6.16356,nz,30000000,1,absavgw,0.00801345,avgw,-3.85124e-06,absavgi,0.0310637,avgi,-0.0310558,layer#1:cnv/fc:dim=90000x500,n22,9.40523,nz,45000000,1,absavgw,0.00805349,avgw,1.17737e-07,absavgi,0.0480547,avgi,-0.0480547,layer#2:cnv/fc:dim=1000x2,n22,13.2923,nz,2000,1,absavgw,0.101471,avgw,3.03555e-06,absavgi,0.499994,avgi,0.499994,

Thu May 14 20:32:44 2015:  ite,70,0.0225554,0.00926303
Thu May 14 20:32:57 2015: ... 2000: 0.0095265246480703349996,0.01316429424285888751
layer#0:cnv/fc:dim=60000x500,n22,6.16469,nz,30000000,1,absavgw,0.00801373,avgw,-3.84158e-06,absavgi,0.0309629,avgi,-0.0309629,layer#1:cnv/fc:dim=90000x500,n22,9.40817,nz,45000000,1,absavgw,0.00805407,avgw,1.36282e-07,absavgi,0.0479999,avgi,-0.0479999,layer#2:cnv/fc:dim=1000x2,n22,13.1643,nz,2000,1,absavgw,0.101027,avgw,2.9335e-06,absavgi,0.500004,avgi,0.500004,

Thu May 14 20:32:57 2015:  ite,71,0.0226908,0.00952652
Thu May 14 20:33:10 2015: ... 2000: 0.0095517237335443500729,0.01311199378967285202
layer#0:cnv/fc:dim=60000x500,n22,6.16586,nz,30000000,1,absavgw,0.008014,avgw,-3.85197e-06,absavgi,0.0315569,avgi,-0.0315563,layer#1:cnv/fc:dim=90000x500,n22,9.41111,nz,45000000,1,absavgw,0.00805461,avgw,1.13616e-07,absavgi,0.0492898,avgi,-0.0492898,layer#2:cnv/fc:dim=1000x2,n22,13.112,nz,2000,1,absavgw,0.100857,avgw,2.73418e-06,absavgi,0.499995,avgi,0.499995,

Thu May 14 20:33:11 2015:  ite,72,0.0226637,0.00955172
Thu May 14 20:33:24 2015: ... 2000: 0.0087165318876504891549,0.013010796546936036211
layer#0:cnv/fc:dim=60000x500,n22,6.16703,nz,30000000,1,absavgw,0.00801428,avgw,-3.83833e-06,absavgi,0.031387,avgi,-0.031387,layer#1:cnv/fc:dim=90000x500,n22,9.41415,nz,45000000,1,absavgw,0.00805517,avgw,1.65186e-07,absavgi,0.0481938,avgi,-0.0481938,layer#2:cnv/fc:dim=1000x2,n22,13.0108,nz,2000,1,absavgw,0.100458,avgw,2.71702e-06,absavgi,0.500001,avgi,0.500001,

Thu May 14 20:33:25 2015:  ite,73,0.0217273,0.00871653
Thu May 14 20:33:38 2015: ... 2000: 0.0086308491379022602569,0.012945657730102538494
layer#0:cnv/fc:dim=60000x500,n22,6.16821,nz,30000000,1,absavgw,0.00801457,avgw,-3.82214e-06,absavgi,0.0309531,avgi,-0.0309531,layer#1:cnv/fc:dim=90000x500,n22,9.41698,nz,45000000,1,absavgw,0.00805576,avgw,1.74654e-07,absavgi,0.0483654,avgi,-0.0483654,layer#2:cnv/fc:dim=1000x2,n22,12.9457,nz,2000,1,absavgw,0.100225,avgw,2.53677e-06,absavgi,0.499998,avgi,0.499998,

Thu May 14 20:33:38 2015:  ite,74,0.0215765,0.00863085
Thu May 14 20:33:51 2015: ... 2000: 0.0098020176887512206615,0.012888788223266601368
layer#0:cnv/fc:dim=60000x500,n22,6.16935,nz,30000000,1,absavgw,0.00801484,avgw,-3.84077e-06,absavgi,0.0316144,avgi,-0.0316144,layer#1:cnv/fc:dim=90000x500,n22,9.42002,nz,45000000,1,absavgw,0.00805632,avgw,1.60022e-07,absavgi,0.0493448,avgi,-0.0493448,layer#2:cnv/fc:dim=1000x2,n22,12.8888,nz,2000,1,absavgw,0.100029,avgw,2.44999e-06,absavgi,0.499998,avgi,0.499998,

Thu May 14 20:33:53 2015:  ite,75,0.0226908,0.00980202, test-loss,0.221784648895264, perf,0.305
Thu May 14 20:34:06 2015: ... 2000: 0.0093298657536506658661,0.012762809753417968597
layer#0:cnv/fc:dim=60000x500,n22,6.17054,nz,30000000,1,absavgw,0.00801514,avgw,-3.81321e-06,absavgi,0.0309101,avgi,-0.0309101,layer#1:cnv/fc:dim=90000x500,n22,9.42308,nz,45000000,1,absavgw,0.0080569,avgw,2.15903e-07,absavgi,0.0481897,avgi,-0.0481897,layer#2:cnv/fc:dim=1000x2,n22,12.7628,nz,2000,1,absavgw,0.0995833,avgw,2.35748e-06,absavgi,0.499998,avgi,0.499998,

Thu May 14 20:34:07 2015:  ite,76,0.0220927,0.00932987
Thu May 14 20:34:20 2015: ... 2000: 0.010317460328340530631,0.012737193107604981301
layer#0:cnv/fc:dim=60000x500,n22,6.17175,nz,30000000,1,absavgw,0.0080154,avgw,-3.81528e-06,absavgi,0.0311335,avgi,-0.0311335,layer#1:cnv/fc:dim=90000x500,n22,9.42628,nz,45000000,1,absavgw,0.00805752,avgw,2.43277e-07,absavgi,0.0482228,avgi,-0.0482228,layer#2:cnv/fc:dim=1000x2,n22,12.7372,nz,2000,1,absavgw,0.0994668,avgw,2.16579e-06,absavgi,0.499998,avgi,0.499998,

Thu May 14 20:34:21 2015:  ite,77,0.0230547,0.0103175
Thu May 14 20:34:34 2015: ... 2000: 0.0099764539897441856242,0.012639440536499024076
layer#0:cnv/fc:dim=60000x500,n22,6.17304,nz,30000000,1,absavgw,0.00801571,avgw,-3.79118e-06,absavgi,0.0306745,avgi,-0.0306556,layer#1:cnv/fc:dim=90000x500,n22,9.42932,nz,45000000,1,absavgw,0.00805808,avgw,2.38672e-07,absavgi,0.0489628,avgi,-0.0489628,layer#2:cnv/fc:dim=1000x2,n22,12.6394,nz,2000,1,absavgw,0.0991124,avgw,2.00367e-06,absavgi,0.499998,avgi,0.499998,

Thu May 14 20:34:34 2015:  ite,78,0.0226159,0.00997645
Thu May 14 20:34:48 2015: ... 2000: 0.0090088572502136227138,0.012649909973144531083
layer#0:cnv/fc:dim=60000x500,n22,6.17422,nz,30000000,1,absavgw,0.00801598,avgw,-3.80374e-06,absavgi,0.031343,avgi,-0.0313151,layer#1:cnv/fc:dim=90000x500,n22,9.43247,nz,45000000,1,absavgw,0.00805867,avgw,2.73892e-07,absavgi,0.0485671,avgi,-0.0485671,layer#2:cnv/fc:dim=1000x2,n22,12.6499,nz,2000,1,absavgw,0.0991465,avgw,1.91784e-06,absavgi,0.499999,avgi,0.499999,

Thu May 14 20:34:48 2015:  ite,79,0.0216588,0.00900886
Thu May 14 20:35:01 2015: ... 2000: 0.0090026737302541740698,0.012654144287109375319
layer#0:cnv/fc:dim=60000x500,n22,6.17541,nz,30000000,1,absavgw,0.00801629,avgw,-3.79352e-06,absavgi,0.0311465,avgi,-0.0311387,layer#1:cnv/fc:dim=90000x500,n22,9.43549,nz,45000000,1,absavgw,0.00805925,avgw,2.87851e-07,absavgi,0.0487063,avgi,-0.0487063,layer#2:cnv/fc:dim=1000x2,n22,12.6541,nz,2000,1,absavgw,0.0991691,avgw,1.91593e-06,absavgi,0.499998,avgi,0.499998,

Thu May 14 20:35:02 2015:  ite,80,0.0216568,0.00900267
Thu May 14 20:35:02 2015: Setting step-sizes to eta0 times 0.1
Thu May 14 20:35:15 2015: ... 2000: 0.0083059225082397457329,0.012655220985412598753
layer#0:cnv/fc:dim=60000x500,n22,6.17593,nz,30000000,1,absavgw,0.00801641,avgw,-3.794e-06,absavgi,0.0312903,avgi,-0.0312614,layer#1:cnv/fc:dim=90000x500,n22,9.43687,nz,45000000,1,absavgw,0.00805951,avgw,2.84575e-07,absavgi,0.0491232,avgi,-0.0491232,layer#2:cnv/fc:dim=1000x2,n22,12.6552,nz,2000,1,absavgw,0.0991638,avgw,1.89972e-06,absavgi,0.499999,avgi,0.499999,

Thu May 14 20:35:15 2015:  ite,81,0.0209611,0.00830592
Thu May 14 20:35:28 2015: ... 2000: 0.0084182849079370500323,0.012646863937377929993
layer#0:cnv/fc:dim=60000x500,n22,6.17609,nz,30000000,1,absavgw,0.00801645,avgw,-3.79155e-06,absavgi,0.0312261,avgi,-0.0312105,layer#1:cnv/fc:dim=90000x500,n22,9.43727,nz,45000000,1,absavgw,0.00805959,avgw,2.92057e-07,absavgi,0.0489695,avgi,-0.0489695,layer#2:cnv/fc:dim=1000x2,n22,12.6469,nz,2000,1,absavgw,0.0991313,avgw,1.8816e-06,absavgi,0.499999,avgi,0.499999,

Thu May 14 20:35:29 2015:  ite,82,0.0210651,0.00841828
Thu May 14 20:35:42 2015: ... 2000: 0.0078700395822525019696,0.012631344795227051822
layer#0:cnv/fc:dim=60000x500,n22,6.17619,nz,30000000,1,absavgw,0.00801648,avgw,-3.79109e-06,absavgi,0.0312199,avgi,-0.0312139,layer#1:cnv/fc:dim=90000x500,n22,9.43753,nz,45000000,1,absavgw,0.00805963,avgw,2.95668e-07,absavgi,0.0489058,avgi,-0.0489058,layer#2:cnv/fc:dim=1000x2,n22,12.6313,nz,2000,1,absavgw,0.0990716,avgw,1.84822e-06,absavgi,0.499999,avgi,0.499999,

Thu May 14 20:35:42 2015:  ite,83,0.0205014,0.00787004
Thu May 14 20:35:55 2015: ... 2000: 0.0084554099142551426144,0.012603975296020508354
layer#0:cnv/fc:dim=60000x500,n22,6.17627,nz,30000000,1,absavgw,0.0080165,avgw,-3.79141e-06,absavgi,0.0312316,avgi,-0.0312303,layer#1:cnv/fc:dim=90000x500,n22,9.43773,nz,45000000,1,absavgw,0.00805967,avgw,2.94223e-07,absavgi,0.048984,avgi,-0.048984,layer#2:cnv/fc:dim=1000x2,n22,12.604,nz,2000,1,absavgw,0.0989649,avgw,1.84441e-06,absavgi,0.499998,avgi,0.499998,

Thu May 14 20:35:56 2015:  ite,84,0.0210594,0.00845541
Thu May 14 20:36:09 2015: ... 2000: 0.0079982050955295560385,0.012582107543945312764
layer#0:cnv/fc:dim=60000x500,n22,6.17635,nz,30000000,1,absavgw,0.00801653,avgw,-3.7905e-06,absavgi,0.0312129,avgi,-0.0312121,layer#1:cnv/fc:dim=90000x500,n22,9.43793,nz,45000000,1,absavgw,0.00805971,avgw,2.94739e-07,absavgi,0.0490013,avgi,-0.0490013,layer#2:cnv/fc:dim=1000x2,n22,12.5821,nz,2000,1,absavgw,0.0988797,avgw,1.8177e-06,absavgi,0.499998,avgi,0.499998,

Thu May 14 20:36:10 2015:  ite,85,0.0205803,0.00799821
Thu May 14 20:36:23 2015: ... 2000: 0.0078291662484407421874,0.012552183151245116868
layer#0:cnv/fc:dim=60000x500,n22,6.17642,nz,30000000,1,absavgw,0.00801655,avgw,-3.79042e-06,absavgi,0.0312175,avgi,-0.0312175,layer#1:cnv/fc:dim=90000x500,n22,9.43813,nz,45000000,1,absavgw,0.00805975,avgw,2.94904e-07,absavgi,0.0490296,avgi,-0.0490296,layer#2:cnv/fc:dim=1000x2,n22,12.5522,nz,2000,1,absavgw,0.0987692,avgw,1.79386e-06,absavgi,0.499998,avgi,0.499998,

Thu May 14 20:36:23 2015:  ite,86,0.0203813,0.00782917
Thu May 14 20:36:36 2015: ... 2000: 0.0079120877981185919886,0.012530246734619141652
layer#0:cnv/fc:dim=60000x500,n22,6.17652,nz,30000000,1,absavgw,0.00801657,avgw,-3.78995e-06,absavgi,0.0312099,avgi,-0.0312099,layer#1:cnv/fc:dim=90000x500,n22,9.43833,nz,45000000,1,absavgw,0.00805979,avgw,2.95201e-07,absavgi,0.0490547,avgi,-0.0490547,layer#2:cnv/fc:dim=1000x2,n22,12.5302,nz,2000,1,absavgw,0.098686,avgw,1.78623e-06,absavgi,0.499998,avgi,0.499998,

Thu May 14 20:36:37 2015:  ite,87,0.0204423,0.00791209
Thu May 14 20:36:50 2015: ... 2000: 0.0075628993362188336874,0.012506690979003906583
layer#0:cnv/fc:dim=60000x500,n22,6.17661,nz,30000000,1,absavgw,0.00801659,avgw,-3.78784e-06,absavgi,0.0311441,avgi,-0.0311441,layer#1:cnv/fc:dim=90000x500,n22,9.43851,nz,45000000,1,absavgw,0.00805983,avgw,2.96285e-07,absavgi,0.0490524,avgi,-0.0490524,layer#2:cnv/fc:dim=1000x2,n22,12.5067,nz,2000,1,absavgw,0.0985949,avgw,1.77383e-06,absavgi,0.499999,avgi,0.499999,

Thu May 14 20:36:50 2015:  ite,88,0.0200696,0.0075629
Thu May 14 20:37:03 2015: ... 2000: 0.0079885683655738833758,0.01247491264343261741
layer#0:cnv/fc:dim=60000x500,n22,6.17669,nz,30000000,1,absavgw,0.00801661,avgw,-3.78648e-06,absavgi,0.031111,avgi,-0.031111,layer#1:cnv/fc:dim=90000x500,n22,9.43869,nz,45000000,1,absavgw,0.00805987,avgw,2.96183e-07,absavgi,0.0490887,avgi,-0.0490887,layer#2:cnv/fc:dim=1000x2,n22,12.4749,nz,2000,1,absavgw,0.0984724,avgw,1.76144e-06,absavgi,0.499999,avgi,0.499999,

Thu May 14 20:37:04 2015:  ite,89,0.0204635,0.00798857
Thu May 14 20:37:17 2015: ... 2000: 0.0079290736615657813474,0.01244635391235351593
layer#0:cnv/fc:dim=60000x500,n22,6.17677,nz,30000000,1,absavgw,0.00801663,avgw,-3.78598e-06,absavgi,0.0310947,avgi,-0.0310947,layer#1:cnv/fc:dim=90000x500,n22,9.43889,nz,45000000,1,absavgw,0.00805991,avgw,3.0111e-07,absavgi,0.0489606,avgi,-0.0489606,layer#2:cnv/fc:dim=1000x2,n22,12.4464,nz,2000,1,absavgw,0.0983573,avgw,1.7519e-06,absavgi,0.499999,avgi,0.499999,

Thu May 14 20:37:17 2015:  ite,90,0.0203754,0.00792907
Thu May 14 20:37:31 2015: ... 2000: 0.0080105833411216742501,0.012406702041625977326
layer#0:cnv/fc:dim=60000x500,n22,6.17685,nz,30000000,1,absavgw,0.00801664,avgw,-3.78328e-06,absavgi,0.0310112,avgi,-0.0310112,layer#1:cnv/fc:dim=90000x500,n22,9.43908,nz,45000000,1,absavgw,0.00805994,avgw,3.05223e-07,absavgi,0.048852,avgi,-0.048852,layer#2:cnv/fc:dim=1000x2,n22,12.4067,nz,2000,1,absavgw,0.098204,avgw,1.74427e-06,absavgi,0.499999,avgi,0.499999,

Thu May 14 20:37:31 2015:  ite,91,0.0204173,0.00801058
Thu May 14 20:37:44 2015: ... 2000: 0.0079267559349536897279,0.012372196197509765722
layer#0:cnv/fc:dim=60000x500,n22,6.17694,nz,30000000,1,absavgw,0.00801666,avgw,-3.78194e-06,absavgi,0.0309669,avgi,-0.0309669,layer#1:cnv/fc:dim=90000x500,n22,9.43928,nz,45000000,1,absavgw,0.00805998,avgw,3.06369e-07,absavgi,0.0488371,avgi,-0.0488371,layer#2:cnv/fc:dim=1000x2,n22,12.3722,nz,2000,1,absavgw,0.0980698,avgw,1.73473e-06,absavgi,0.5,avgi,0.5,

Thu May 14 20:37:45 2015:  ite,92,0.020299,0.00792676
Thu May 14 20:37:58 2015: ... 2000: 0.0078098104000091555024,0.012338584899902343278
layer#0:cnv/fc:dim=60000x500,n22,6.17701,nz,30000000,1,absavgw,0.00801668,avgw,-3.78108e-06,absavgi,0.0309353,avgi,-0.0309353,layer#1:cnv/fc:dim=90000x500,n22,9.43946,nz,45000000,1,absavgw,0.00806001,avgw,3.06277e-07,absavgi,0.0488757,avgi,-0.0488757,layer#2:cnv/fc:dim=1000x2,n22,12.3386,nz,2000,1,absavgw,0.097941,avgw,1.73187e-06,absavgi,0.5,avgi,0.5,

Thu May 14 20:37:59 2015:  ite,93,0.0201484,0.00780981
Thu May 14 20:38:12 2015: ... 2000: 0.0078123420178890226259,0.012315668106079102201
layer#0:cnv/fc:dim=60000x500,n22,6.17708,nz,30000000,1,absavgw,0.00801671,avgw,-3.78088e-06,absavgi,0.0309207,avgi,-0.0309207,layer#1:cnv/fc:dim=90000x500,n22,9.43966,nz,45000000,1,absavgw,0.00806005,avgw,3.05984e-07,absavgi,0.0489116,avgi,-0.0489116,layer#2:cnv/fc:dim=1000x2,n22,12.3157,nz,2000,1,absavgw,0.0978545,avgw,1.70517e-06,absavgi,0.499998,avgi,0.499998,

Thu May 14 20:38:12 2015:  ite,94,0.020128,0.00781234
Thu May 14 20:38:26 2015: ... 2000: 0.0077206759303808216235,0.012288231849670410573
layer#0:cnv/fc:dim=60000x500,n22,6.17716,nz,30000000,1,absavgw,0.00801673,avgw,-3.78112e-06,absavgi,0.0309256,avgi,-0.0309256,layer#1:cnv/fc:dim=90000x500,n22,9.43984,nz,45000000,1,absavgw,0.00806008,avgw,3.06835e-07,absavgi,0.048911,avgi,-0.048911,layer#2:cnv/fc:dim=1000x2,n22,12.2882,nz,2000,1,absavgw,0.0977493,avgw,1.69754e-06,absavgi,0.5,avgi,0.5,

Thu May 14 20:38:26 2015:  ite,95,0.0200089,0.00772068
Thu May 14 20:38:39 2015: ... 2000: 0.0078458602130413047232,0.012264421463012695201
layer#0:cnv/fc:dim=60000x500,n22,6.17724,nz,30000000,1,absavgw,0.00801675,avgw,-3.78124e-06,absavgi,0.030929,avgi,-0.030929,layer#1:cnv/fc:dim=90000x500,n22,9.44005,nz,45000000,1,absavgw,0.00806011,avgw,3.0665e-07,absavgi,0.0489538,avgi,-0.0489538,layer#2:cnv/fc:dim=1000x2,n22,12.2644,nz,2000,1,absavgw,0.0976564,avgw,1.68228e-06,absavgi,0.499998,avgi,0.499998,

Thu May 14 20:38:40 2015:  ite,96,0.0201103,0.00784586
Thu May 14 20:38:53 2015: ... 2000: 0.0078016736358404161975,0.01223820114135742293
layer#0:cnv/fc:dim=60000x500,n22,6.17732,nz,30000000,1,absavgw,0.00801677,avgw,-3.77958e-06,absavgi,0.030892,avgi,-0.030892,layer#1:cnv/fc:dim=90000x500,n22,9.44024,nz,45000000,1,absavgw,0.00806016,avgw,3.08484e-07,absavgi,0.0489243,avgi,-0.0489243,layer#2:cnv/fc:dim=1000x2,n22,12.2382,nz,2000,1,absavgw,0.0975571,avgw,1.67179e-06,absavgi,0.5,avgi,0.5,

Thu May 14 20:38:54 2015:  ite,97,0.0200399,0.00780167
Thu May 14 20:39:07 2015: ... 2000: 0.0077788273841142650117,0.012216981887817383867
layer#0:cnv/fc:dim=60000x500,n22,6.1774,nz,30000000,1,absavgw,0.00801679,avgw,-3.77938e-06,absavgi,0.03089,avgi,-0.03089,layer#1:cnv/fc:dim=90000x500,n22,9.44045,nz,45000000,1,absavgw,0.00806021,avgw,3.09847e-07,absavgi,0.0488952,avgi,-0.0488952,layer#2:cnv/fc:dim=1000x2,n22,12.217,nz,2000,1,absavgw,0.0974694,avgw,1.65558e-06,absavgi,0.499999,avgi,0.499999,

Thu May 14 20:39:07 2015:  ite,98,0.0199958,0.00777883
Thu May 14 20:39:21 2015: ... 2000: 0.0075246539413928986012,0.012186230659484863573
layer#0:cnv/fc:dim=60000x500,n22,6.17747,nz,30000000,1,absavgw,0.00801681,avgw,-3.77629e-06,absavgi,0.0307987,avgi,-0.0307987,layer#1:cnv/fc:dim=90000x500,n22,9.44064,nz,45000000,1,absavgw,0.00806025,avgw,3.13231e-07,absavgi,0.0488124,avgi,-0.0488124,layer#2:cnv/fc:dim=1000x2,n22,12.1862,nz,2000,1,absavgw,0.0973496,avgw,1.65653e-06,absavgi,0.499999,avgi,0.499999,

Thu May 14 20:39:21 2015:  ite,99,0.0197109,0.00752465
Thu May 14 20:39:34 2015: ... 2000: 0.0079618741869926460547,0.012165784835815429688
layer#0:cnv/fc:dim=60000x500,n22,6.17755,nz,30000000,1,absavgw,0.00801683,avgw,-3.77614e-06,absavgi,0.0307991,avgi,-0.0307991,layer#1:cnv/fc:dim=90000x500,n22,9.44082,nz,45000000,1,absavgw,0.00806029,avgw,3.11991e-07,absavgi,0.0488858,avgi,-0.0488858,layer#2:cnv/fc:dim=1000x2,n22,12.1658,nz,2000,1,absavgw,0.0972686,avgw,1.61266e-06,absavgi,0.499998,avgi,0.499998,

Thu May 14 20:39:36 2015:  ite,100,0.0201277,0.00796187, test-loss,0.22120397567749, perf,0.3
Thu May 14 20:39:36 2015: Done ...
elapsed: 1378.65
