Using GPU#0
--------------------
nodes=400 resnorm_width=400 data_dir=data trnname=hn_train- tstname=hn_test- data_ext0=p2 data_ext1=p3 reg_L2=0 top_reg_L2=1e-3 step_size=0.25 top_dropout=0.5 test_interval=25 evaluation_fn=perf/hn_1kb2_seq2-perf_2015_05_14_19_55_26.csv extension=multi conn0=0-top conn1=1-top loss=Square num_iterations=100 step_size_scheduler=Few step_size_decay=0.1 step_size_decay_at=80 mini_batch_size=100 layers=2 random_seed=1 datatype=sparse_multi x_ext=.xsmatvar y_ext=.y 0dataset_no=0 1dataset_no=1 momentum=0.9 init_weight=0.01 init_intercept=0 resnorm_type=Cross resnorm_alpha=1 resnorm_beta=0.5 pooling_type=Max num_pooling=1 activ_type=Rect
--------------------
"cnn": 
   datatype=sparse_multi
   trnname=hn_train-
   tstname=hn_test-
   data_ext0=p2
   data_ext1=p3

   data_dir=data
   x_ext=.xsmatvar
   y_ext=.y
   num_batches=1

   extension=multi
   evaluation_fn=perf/hn_1kb2_seq2-perf_2015_05_14_19_55_26.csv
   Log:ON
   gpu_max_threads=1024
   gpu_max_blocks=65535
Thu May 14 19:55:27 2015: hn_train-p2 batch#1
Thu May 14 19:55:27 2015:   #row=60000 #col=2293090 nz per col=1.89727
Thu May 14 19:55:27 2015: #data = 2000
Thu May 14 19:55:27 2015: target-min,max=0,1
Thu May 14 19:55:27 2015: Checking data compatibility between batches ... 
Thu May 14 19:55:27 2015: hn_train-p3 batch#1
Thu May 14 19:55:28 2015:   #row=90000 #col=2312761 nz per col=2.8217
Thu May 14 19:55:28 2015: #data = 2000
Thu May 14 19:55:28 2015: Checking data compatibility between batches ... 
Thu May 14 19:55:28 2015: hn_test-p2 batch#1
Thu May 14 19:55:28 2015:   #row=60000 #col=246625 nz per col=1.83079
Thu May 14 19:55:28 2015: #data = 200
Thu May 14 19:55:28 2015: target-min,max=0,1
Thu May 14 19:55:28 2015: Checking data compatibility between batches ... 
Thu May 14 19:55:28 2015: hn_test-p3 batch#1
Thu May 14 19:55:28 2015:   #row=90000 #col=252076 nz per col=2.6868
Thu May 14 19:55:28 2015: #data = 200
Thu May 14 19:55:28 2015: Checking data compatibility between batches ... 
Thu May 14 19:55:28 2015: Start ... #train=2000, #test=200
--------------------
Thu May 14 19:55:28 2015: Data signature: [0]dim:1;channel:60000;size0:-1;[1]dim:1;channel:90000;size0:-1;
Thu May 14 19:55:28 2015: #class=2

   layers=2
   save_fn=
   initial_iteration=0
   test_interval=25
   num_iterations=100
   random_seed=1
   mini_batch_size=100
   loss=Square

   step_size_scheduler=Few
   step_size_decay=0.1
   step_size_decay_at=80

   test_mini_batch_size=100

   conn0=0-top
   conn1=1-top

   0dataset_no=0
Cold-starting (variable-size input) layer#0

   0init_weight=0.01
   0init_intercept=0
   0reg_L2=0

   0step_size=0.25
   0step_sizeb_coeff=1
   0momentum=0.9

   0nodes=400

   0activ_type=Rect

   0pooling_type=Max
   0pooling_stride=1

   0num_pooling=1

   0resnorm_type=Cross
   0resnorm_alpha=1
   0resnorm_beta=0.5
   0resnorm_one=1
   0resnorm_width=400
   --------  weights  --------
   input dim: 60000
   output dim: 400
   #weights: 24000000
   ---------------------------

   1dataset_no=1
Cold-starting (variable-size input) layer#1

   1init_weight=0.01
   1init_intercept=0
   1reg_L2=0

   1step_size=0.25
   1step_sizeb_coeff=1
   1momentum=0.9

   1nodes=400

   1activ_type=Rect

   1pooling_type=Max
   1pooling_stride=1

   1num_pooling=1

   1resnorm_type=Cross
   1resnorm_alpha=1
   1resnorm_beta=0.5
   1resnorm_one=1
   1resnorm_width=400
   --------  weights  --------
   input dim: 90000
   output dim: 400
   #weights: 36000000
   ---------------------------
Cold-starting connector#3  (0,1) -> (2)
Cold-starting the top layer

   top_init_weight=0.01
   top_init_intercept=0
   top_reg_L2=0.001

   top_step_size=0.25
   top_step_sizeb_coeff=1
   top_momentum=0.9

   top_dropout=0.5
   ------  top layer  ------
   input: 1
   --------  weights  --------
   input dim: 800
   output dim: 2
   #weights: 1600
   ---------------------------
Thu May 14 19:55:34 2015: supervised training: #hidden=2
Thu May 14 19:55:34 2015: Resetting step-sizes to eta0 ...
layer#0:cnv/fc:dim=60000x400,n22,5.9991,nz,24000000,1,absavgw,0.00797836,avgw,-5.25513e-06,absavgi,0,avgi,0,layer#1:cnv/fc:dim=90000x400,n22,8.99585,nz,36000000,1,absavgw,0.00797646,avgw,1.13199e-07,absavgi,0,avgi,0,layer#2:cnv/fc:dim=800x2,n22,0.0744084,nz,1600,1,absavgw,0.00766904,avgw,-6.65103e-05,absavgi,0,avgi,0,

Thu May 14 19:55:46 2015: ... 2000: 0.31057621383666994541,0.00010234168171882630229
layer#0:cnv/fc:dim=60000x400,n22,5.99823,nz,24000000,1,absavgw,0.00797799,avgw,-5.63586e-06,absavgi,0.0116869,avgi,-0.0116491,layer#1:cnv/fc:dim=90000x400,n22,8.99496,nz,36000000,1,absavgw,0.00797614,avgw,-2.03435e-07,absavgi,0.00996902,avgi,-0.0098879,layer#2:cnv/fc:dim=800x2,n22,0.102342,nz,1600,1,absavgw,0.00906684,avgw,0.00412031,absavgi,0.358283,avgi,0.358283,

Thu May 14 19:55:47 2015:  ite,1,0.310679,0.310576, test-loss,0.257815074920654, perf,0.465
Thu May 14 19:55:59 2015: ... 2000: 0.25910065841674806419,0.00018981112539768219016
layer#0:cnv/fc:dim=60000x400,n22,5.99782,nz,24000000,1,absavgw,0.00797773,avgw,-5.89775e-06,absavgi,0.0198879,avgi,-0.0197518,layer#1:cnv/fc:dim=90000x400,n22,8.99446,nz,36000000,1,absavgw,0.00797596,avgw,-4.45438e-07,absavgi,0.0177133,avgi,-0.01752,layer#2:cnv/fc:dim=800x2,n22,0.189811,nz,1600,1,absavgw,0.0122003,avgw,0.00387681,absavgi,0.512048,avgi,0.512048,

Thu May 14 19:55:59 2015:  ite,2,0.25929,0.259101
Thu May 14 19:56:11 2015: ... 2000: 0.25513362598419186966,0.00033200031518936158224
layer#0:cnv/fc:dim=60000x400,n22,5.99798,nz,24000000,1,absavgw,0.00797761,avgw,-6.02399e-06,absavgi,0.0238045,avgi,-0.023744,layer#1:cnv/fc:dim=90000x400,n22,8.99459,nz,36000000,1,absavgw,0.00797586,avgw,-5.92478e-07,absavgi,0.0226782,avgi,-0.022333,layer#2:cnv/fc:dim=800x2,n22,0.332,nz,1600,1,absavgw,0.0165856,avgw,0.00242075,absavgi,0.482996,avgi,0.482996,

Thu May 14 19:56:11 2015:  ite,3,0.255466,0.255134
Thu May 14 19:56:22 2015: ... 2000: 0.24592807674407959895,0.00053529906272888180731
layer#0:cnv/fc:dim=60000x400,n22,5.99861,nz,24000000,1,absavgw,0.00797758,avgw,-6.0953e-06,absavgi,0.0262284,avgi,-0.0260608,layer#1:cnv/fc:dim=90000x400,n22,8.99518,nz,36000000,1,absavgw,0.0079758,avgw,-7.25461e-07,absavgi,0.0274655,avgi,-0.0268344,layer#2:cnv/fc:dim=800x2,n22,0.535299,nz,1600,1,absavgw,0.0210942,avgw,0.00164159,absavgi,0.482087,avgi,0.482087,

Thu May 14 19:56:23 2015:  ite,4,0.246463,0.245928
Thu May 14 19:56:34 2015: ... 2000: 0.2395273876190185669,0.00091250658035278318578
layer#0:cnv/fc:dim=60000x400,n22,5.99974,nz,24000000,1,absavgw,0.00797761,avgw,-6.16598e-06,absavgi,0.028631,avgi,-0.0283777,layer#1:cnv/fc:dim=90000x400,n22,8.99644,nz,36000000,1,absavgw,0.00797586,avgw,-8.67875e-07,absavgi,0.0323794,avgi,-0.0317119,layer#2:cnv/fc:dim=800x2,n22,0.912507,nz,1600,1,absavgw,0.0276724,avgw,0.00112394,absavgi,0.494322,avgi,0.494322,

Thu May 14 19:56:35 2015:  ite,5,0.24044,0.239527
Thu May 14 19:56:46 2015: ... 2000: 0.23491481304168701505,0.001357948422431945858
layer#0:cnv/fc:dim=60000x400,n22,6.00121,nz,24000000,1,absavgw,0.00797768,avgw,-6.24452e-06,absavgi,0.0313574,avgi,-0.0308975,layer#1:cnv/fc:dim=90000x400,n22,8.99881,nz,36000000,1,absavgw,0.0079761,avgw,-9.4904e-07,absavgi,0.0355595,avgi,-0.0346578,layer#2:cnv/fc:dim=800x2,n22,1.35795,nz,1600,1,absavgw,0.0340211,avgw,0.000707735,absavgi,0.496603,avgi,0.496603,

Thu May 14 19:56:46 2015:  ite,6,0.236273,0.234915
Thu May 14 19:56:58 2015: ... 2000: 0.2288966722488403327,0.0019956979751586914791
layer#0:cnv/fc:dim=60000x400,n22,6.00355,nz,24000000,1,absavgw,0.00797794,avgw,-6.22923e-06,absavgi,0.031306,avgi,-0.0308296,layer#1:cnv/fc:dim=90000x400,n22,9.0029,nz,36000000,1,absavgw,0.00797667,avgw,-9.52339e-07,absavgi,0.0361681,avgi,-0.0357531,layer#2:cnv/fc:dim=800x2,n22,1.9957,nz,1600,1,absavgw,0.0416041,avgw,0.000418742,absavgi,0.497077,avgi,0.497077,

Thu May 14 19:56:58 2015:  ite,7,0.230892,0.228897
Thu May 14 19:57:10 2015: ... 2000: 0.22049857997894287132,0.0027789101600646974946
layer#0:cnv/fc:dim=60000x400,n22,6.00641,nz,24000000,1,absavgw,0.00797838,avgw,-6.19626e-06,absavgi,0.0315881,avgi,-0.0301765,layer#1:cnv/fc:dim=90000x400,n22,9.00899,nz,36000000,1,absavgw,0.00797757,avgw,-8.87288e-07,absavgi,0.0350564,avgi,-0.0347102,layer#2:cnv/fc:dim=800x2,n22,2.77891,nz,1600,1,absavgw,0.0496871,avgw,0.000257629,absavgi,0.499993,avgi,0.499993,

Thu May 14 19:57:10 2015:  ite,8,0.223277,0.220499
Thu May 14 19:57:21 2015: ... 2000: 0.21677015686035155939,0.0036449990272521973558
layer#0:cnv/fc:dim=60000x400,n22,6.01031,nz,24000000,1,absavgw,0.00797887,avgw,-6.2073e-06,absavgi,0.0334033,avgi,-0.0312463,layer#1:cnv/fc:dim=90000x400,n22,9.01737,nz,36000000,1,absavgw,0.00797881,avgw,-9.11352e-07,absavgi,0.0379517,avgi,-0.037141,layer#2:cnv/fc:dim=800x2,n22,3.645,nz,1600,1,absavgw,0.0572206,avgw,0.000137764,absavgi,0.499991,avgi,0.499991,

Thu May 14 19:57:22 2015:  ite,9,0.220415,0.21677
Thu May 14 19:57:33 2015: ... 2000: 0.1922657337188720672,0.0049811792373657230726
layer#0:cnv/fc:dim=60000x400,n22,6.015,nz,24000000,1,absavgw,0.00797959,avgw,-6.18039e-06,absavgi,0.0326862,avgi,-0.03127,layer#1:cnv/fc:dim=90000x400,n22,9.02845,nz,36000000,1,absavgw,0.00798064,avgw,-8.2005e-07,absavgi,0.0374242,avgi,-0.0365682,layer#2:cnv/fc:dim=800x2,n22,4.98118,nz,1600,1,absavgw,0.0667765,avgw,7.21681e-05,absavgi,0.500334,avgi,0.500334,

Thu May 14 19:57:33 2015:  ite,10,0.197247,0.192266
Thu May 14 19:57:45 2015: ... 2000: 0.17057516098022459938,0.0070911836624145511976
layer#0:cnv/fc:dim=60000x400,n22,6.02079,nz,24000000,1,absavgw,0.00798056,avgw,-6.11804e-06,absavgi,0.0320065,avgi,-0.0307322,layer#1:cnv/fc:dim=90000x400,n22,9.04203,nz,36000000,1,absavgw,0.00798303,avgw,-7.69559e-07,absavgi,0.0380909,avgi,-0.037593,layer#2:cnv/fc:dim=800x2,n22,7.09118,nz,1600,1,absavgw,0.0796275,avgw,3.92997e-05,absavgi,0.500035,avgi,0.500035,

Thu May 14 19:57:45 2015:  ite,11,0.177666,0.170575
Thu May 14 19:57:56 2015: ... 2000: 0.15255657911300660179,0.0096838436126708993951
layer#0:cnv/fc:dim=60000x400,n22,6.02761,nz,24000000,1,absavgw,0.00798172,avgw,-6.06753e-06,absavgi,0.0323689,avgi,-0.0307567,layer#1:cnv/fc:dim=90000x400,n22,9.05938,nz,36000000,1,absavgw,0.00798614,avgw,-7.04184e-07,absavgi,0.039677,avgi,-0.0390179,layer#2:cnv/fc:dim=800x2,n22,9.68384,nz,1600,1,absavgw,0.0930143,avgw,2.41029e-05,absavgi,0.499961,avgi,0.499961,

Thu May 14 19:57:57 2015:  ite,12,0.16224,0.152557
Thu May 14 19:58:08 2015: ... 2000: 0.13007304430007934903,0.012238266944885254489
layer#0:cnv/fc:dim=60000x400,n22,6.0351,nz,24000000,1,absavgw,0.00798321,avgw,-6.02708e-06,absavgi,0.0325283,avgi,-0.0314593,layer#1:cnv/fc:dim=90000x400,n22,9.07995,nz,36000000,1,absavgw,0.00798993,avgw,-5.79694e-07,absavgi,0.0401735,avgi,-0.0396116,layer#2:cnv/fc:dim=800x2,n22,12.2383,nz,1600,1,absavgw,0.104704,avgw,2.13647e-05,absavgi,0.500405,avgi,0.500405,

Thu May 14 19:58:09 2015:  ite,13,0.142311,0.130073
Thu May 14 19:58:20 2015: ... 2000: 0.10697615766525268854,0.015142379760742187209
layer#0:cnv/fc:dim=60000x400,n22,6.04322,nz,24000000,1,absavgw,0.00798486,avgw,-5.94436e-06,absavgi,0.0321655,avgi,-0.0311327,layer#1:cnv/fc:dim=90000x400,n22,9.10296,nz,36000000,1,absavgw,0.00799425,avgw,-3.73094e-07,absavgi,0.0386098,avgi,-0.0380583,layer#2:cnv/fc:dim=800x2,n22,15.1424,nz,1600,1,absavgw,0.116473,avgw,1.96373e-05,absavgi,0.500235,avgi,0.500235,

Thu May 14 19:58:20 2015:  ite,14,0.122119,0.106976
Thu May 14 19:58:32 2015: ... 2000: 0.087158334493637079632,0.017810989379882812
layer#0:cnv/fc:dim=60000x400,n22,6.05147,nz,24000000,1,absavgw,0.00798662,avgw,-5.8515e-06,absavgi,0.0314307,avgi,-0.0306623,layer#1:cnv/fc:dim=90000x400,n22,9.12655,nz,36000000,1,absavgw,0.00799874,avgw,-2.51999e-07,absavgi,0.0395446,avgi,-0.0394551,layer#2:cnv/fc:dim=800x2,n22,17.811,nz,1600,1,absavgw,0.12636,avgw,1.6427e-05,absavgi,0.499968,avgi,0.499968,

Thu May 14 19:58:32 2015:  ite,15,0.104969,0.0871583
Thu May 14 19:58:44 2015: ... 2000: 0.074001585483551027278,0.019882425308227539423
layer#0:cnv/fc:dim=60000x400,n22,6.05895,nz,24000000,1,absavgw,0.00798822,avgw,-5.82757e-06,absavgi,0.0323913,avgi,-0.0320332,layer#1:cnv/fc:dim=90000x400,n22,9.14915,nz,36000000,1,absavgw,0.00800315,avgw,-1.65154e-07,absavgi,0.0417485,avgi,-0.0416956,layer#2:cnv/fc:dim=800x2,n22,19.8824,nz,1600,1,absavgw,0.133628,avgw,1.19686e-06,absavgi,0.499816,avgi,0.499816,

Thu May 14 19:58:44 2015:  ite,16,0.093884,0.0740016
Thu May 14 19:58:55 2015: ... 2000: 0.065332129955291751155,0.021248355865478515264
layer#0:cnv/fc:dim=60000x400,n22,6.06695,nz,24000000,1,absavgw,0.00799,avgw,-5.71436e-06,absavgi,0.0313113,avgi,-0.0308997,layer#1:cnv/fc:dim=90000x400,n22,9.17275,nz,36000000,1,absavgw,0.0080076,avgw,1.13848e-08,absavgi,0.041236,avgi,-0.0411906,layer#2:cnv/fc:dim=800x2,n22,21.2484,nz,1600,1,absavgw,0.138479,avgw,-8.37803e-06,absavgi,0.499985,avgi,0.499985,

Thu May 14 19:58:56 2015:  ite,17,0.0865805,0.0653321
Thu May 14 19:59:07 2015: ... 2000: 0.049870364665985107699,0.022487274169921876721
layer#0:cnv/fc:dim=60000x400,n22,6.07358,nz,24000000,1,absavgw,0.00799152,avgw,-5.67894e-06,absavgi,0.0322374,avgi,-0.0316182,layer#1:cnv/fc:dim=90000x400,n22,9.19334,nz,36000000,1,absavgw,0.0080116,avgw,1.21405e-07,absavgi,0.0422243,avgi,-0.0422243,layer#2:cnv/fc:dim=800x2,n22,22.4873,nz,1600,1,absavgw,0.142654,avgw,-1.37234e-05,absavgi,0.500272,avgi,0.500272,

Thu May 14 19:59:08 2015:  ite,18,0.0723576,0.0498704
Thu May 14 19:59:19 2015: ... 2000: 0.057739329695701599454,0.022700023651123047569
layer#0:cnv/fc:dim=60000x400,n22,6.07954,nz,24000000,1,absavgw,0.00799286,avgw,-5.66413e-06,absavgi,0.0338796,avgi,-0.0331555,layer#1:cnv/fc:dim=90000x400,n22,9.21204,nz,36000000,1,absavgw,0.00801517,avgw,1.59474e-07,absavgi,0.0455662,avgi,-0.0448379,layer#2:cnv/fc:dim=800x2,n22,22.7,nz,1600,1,absavgw,0.143557,avgw,-1.89233e-05,absavgi,0.499866,avgi,0.499866,

Thu May 14 19:59:19 2015:  ite,19,0.0804394,0.0577393
Thu May 14 19:59:31 2015: ... 2000: 0.047876294016838072398,0.022659282684326171459
layer#0:cnv/fc:dim=60000x400,n22,6.08614,nz,24000000,1,absavgw,0.00799435,avgw,-5.54584e-06,absavgi,0.0319271,avgi,-0.0313365,layer#1:cnv/fc:dim=90000x400,n22,9.23276,nz,36000000,1,absavgw,0.00801896,avgw,3.81719e-07,absavgi,0.0425434,avgi,-0.0424952,layer#2:cnv/fc:dim=800x2,n22,22.6593,nz,1600,1,absavgw,0.14371,avgw,-1.49441e-05,absavgi,0.500374,avgi,0.500374,

Thu May 14 19:59:31 2015:  ite,20,0.0705356,0.0478763
Thu May 14 19:59:42 2015: ... 2000: 0.037712423443794253208,0.022714984893798827181
layer#0:cnv/fc:dim=60000x400,n22,6.09131,nz,24000000,1,absavgw,0.00799548,avgw,-5.52629e-06,absavgi,0.0326264,avgi,-0.0322653,layer#1:cnv/fc:dim=90000x400,n22,9.24918,nz,36000000,1,absavgw,0.00802212,avgw,4.31418e-07,absavgi,0.0445256,avgi,-0.0445256,layer#2:cnv/fc:dim=800x2,n22,22.715,nz,1600,1,absavgw,0.143931,avgw,-1.51563e-05,absavgi,0.500094,avgi,0.500094,

Thu May 14 19:59:43 2015:  ite,21,0.0604274,0.0377124
Thu May 14 19:59:54 2015: ... 2000: 0.034039477229118347834,0.022650573730468751693
layer#0:cnv/fc:dim=60000x400,n22,6.09557,nz,24000000,1,absavgw,0.00799654,avgw,-5.50296e-06,absavgi,0.0330067,avgi,-0.0326293,layer#1:cnv/fc:dim=90000x400,n22,9.26267,nz,36000000,1,absavgw,0.0080248,avgw,4.398e-07,absavgi,0.0464468,avgi,-0.0464468,layer#2:cnv/fc:dim=800x2,n22,22.6506,nz,1600,1,absavgw,0.143898,avgw,-1.49989e-05,absavgi,0.499948,avgi,0.499948,

Thu May 14 19:59:55 2015:  ite,22,0.0566901,0.0340395
Thu May 14 20:00:06 2015: ... 2000: 0.027097933232784272156,0.022655189514160158082
layer#0:cnv/fc:dim=60000x400,n22,6.09929,nz,24000000,1,absavgw,0.0079975,avgw,-5.48016e-06,absavgi,0.0330701,avgi,-0.0328611,layer#1:cnv/fc:dim=90000x400,n22,9.27467,nz,36000000,1,absavgw,0.00802716,avgw,4.76221e-07,absavgi,0.04725,avgi,-0.04725,layer#2:cnv/fc:dim=800x2,n22,22.6552,nz,1600,1,absavgw,0.144053,avgw,-1.24717e-05,absavgi,0.500142,avgi,0.500142,

Thu May 14 20:00:06 2015:  ite,23,0.0497531,0.0270979
Thu May 14 20:00:18 2015: ... 2000: 0.024529157757759094405,0.022494733810424806519
layer#0:cnv/fc:dim=60000x400,n22,6.10266,nz,24000000,1,absavgw,0.00799837,avgw,-5.44427e-06,absavgi,0.0326676,avgi,-0.0325753,layer#1:cnv/fc:dim=90000x400,n22,9.28558,nz,36000000,1,absavgw,0.00802922,avgw,5.76264e-07,absavgi,0.0460794,avgi,-0.0460794,layer#2:cnv/fc:dim=800x2,n22,22.4947,nz,1600,1,absavgw,0.143644,avgw,-1.23978e-05,absavgi,0.500012,avgi,0.500012,

Thu May 14 20:00:18 2015:  ite,24,0.0470239,0.0245292
Thu May 14 20:00:30 2015: ... 2000: 0.022507552504539490162,0.02204669189453125136
layer#0:cnv/fc:dim=60000x400,n22,6.10548,nz,24000000,1,absavgw,0.00799912,avgw,-5.43188e-06,absavgi,0.0328895,avgi,-0.0326788,layer#1:cnv/fc:dim=90000x400,n22,9.29447,nz,36000000,1,absavgw,0.00803098,avgw,5.94212e-07,absavgi,0.0469849,avgi,-0.0469813,layer#2:cnv/fc:dim=800x2,n22,22.0467,nz,1600,1,absavgw,0.142326,avgw,-1.35875e-05,absavgi,0.499955,avgi,0.499955,

Thu May 14 20:00:31 2015:  ite,25,0.0445542,0.0225076, test-loss,0.219062404632568, perf,0.33
Thu May 14 20:00:42 2015: ... 2000: 0.021375325977802277222,0.021687812805175780972
layer#0:cnv/fc:dim=60000x400,n22,6.10836,nz,24000000,1,absavgw,0.00799985,avgw,-5.38366e-06,absavgi,0.0321602,avgi,-0.0319395,layer#1:cnv/fc:dim=90000x400,n22,9.30352,nz,36000000,1,absavgw,0.00803274,avgw,6.49128e-07,absavgi,0.0469306,avgi,-0.0469306,layer#2:cnv/fc:dim=800x2,n22,21.6878,nz,1600,1,absavgw,0.141262,avgw,-1.4019e-05,absavgi,0.500036,avgi,0.500036,

Thu May 14 20:00:43 2015:  ite,26,0.0430631,0.0213753
Thu May 14 20:00:54 2015: ... 2000: 0.019331561088562012468,0.021261741638183593445
layer#0:cnv/fc:dim=60000x400,n22,6.11094,nz,24000000,1,absavgw,0.00800052,avgw,-5.37214e-06,absavgi,0.0321675,avgi,-0.0320807,layer#1:cnv/fc:dim=90000x400,n22,9.31178,nz,36000000,1,absavgw,0.00803434,avgw,7.01251e-07,absavgi,0.0463566,avgi,-0.0463566,layer#2:cnv/fc:dim=800x2,n22,21.2617,nz,1600,1,absavgw,0.139944,avgw,-1.3814e-05,absavgi,0.499956,avgi,0.499956,

Thu May 14 20:00:54 2015:  ite,27,0.0405933,0.0193316
Thu May 14 20:01:06 2015: ... 2000: 0.018432146787643433061,0.020958404541015624584
layer#0:cnv/fc:dim=60000x400,n22,6.11355,nz,24000000,1,absavgw,0.00800115,avgw,-5.37347e-06,absavgi,0.0328276,avgi,-0.032812,layer#1:cnv/fc:dim=90000x400,n22,9.31959,nz,36000000,1,absavgw,0.00803586,avgw,7.02733e-07,absavgi,0.0473675,avgi,-0.0473675,layer#2:cnv/fc:dim=800x2,n22,20.9584,nz,1600,1,absavgw,0.138999,avgw,-1.22118e-05,absavgi,0.50005,avgi,0.50005,

Thu May 14 20:01:06 2015:  ite,28,0.0393906,0.0184321
Thu May 14 20:01:17 2015: ... 2000: 0.02102215975522995009,0.020424861907958984791
layer#0:cnv/fc:dim=60000x400,n22,6.11607,nz,24000000,1,absavgw,0.00800177,avgw,-5.33555e-06,absavgi,0.0321121,avgi,-0.032008,layer#1:cnv/fc:dim=90000x400,n22,9.32714,nz,36000000,1,absavgw,0.00803724,avgw,7.3516e-07,absavgi,0.0474243,avgi,-0.0474243,layer#2:cnv/fc:dim=800x2,n22,20.4249,nz,1600,1,absavgw,0.137346,avgw,-1.07145e-05,absavgi,0.500129,avgi,0.500129,

Thu May 14 20:01:18 2015:  ite,29,0.041447,0.0210222
Thu May 14 20:01:29 2015: ... 2000: 0.021507823765277864214,0.019909301757812501027
layer#0:cnv/fc:dim=60000x400,n22,6.11865,nz,24000000,1,absavgw,0.0080024,avgw,-5.31931e-06,absavgi,0.032405,avgi,-0.0322013,layer#1:cnv/fc:dim=90000x400,n22,9.33544,nz,36000000,1,absavgw,0.0080388,avgw,7.71925e-07,absavgi,0.0477123,avgi,-0.0477123,layer#2:cnv/fc:dim=800x2,n22,19.9093,nz,1600,1,absavgw,0.135626,avgw,-8.955e-06,absavgi,0.500084,avgi,0.500084,

Thu May 14 20:01:30 2015:  ite,30,0.0414171,0.0215078
Thu May 14 20:01:41 2015: ... 2000: 0.023054821848869325174,0.019491260528564452459
layer#0:cnv/fc:dim=60000x400,n22,6.12155,nz,24000000,1,absavgw,0.00800308,avgw,-5.29864e-06,absavgi,0.0324599,avgi,-0.0322929,layer#1:cnv/fc:dim=90000x400,n22,9.34471,nz,36000000,1,absavgw,0.00804047,avgw,8.24506e-07,absavgi,0.0478847,avgi,-0.0478847,layer#2:cnv/fc:dim=800x2,n22,19.4913,nz,1600,1,absavgw,0.134299,avgw,-9.32693e-06,absavgi,0.500054,avgi,0.500054,

Thu May 14 20:01:41 2015:  ite,31,0.0425461,0.0230548
Thu May 14 20:01:53 2015: ... 2000: 0.018276824593544006153,0.019226936340332029945
layer#0:cnv/fc:dim=60000x400,n22,6.12424,nz,24000000,1,absavgw,0.00800371,avgw,-5.25822e-06,absavgi,0.0318231,avgi,-0.0317433,layer#1:cnv/fc:dim=90000x400,n22,9.3529,nz,36000000,1,absavgw,0.00804203,avgw,8.7232e-07,absavgi,0.0476659,avgi,-0.0476659,layer#2:cnv/fc:dim=800x2,n22,19.2269,nz,1600,1,absavgw,0.133522,avgw,-8.66413e-06,absavgi,0.49998,avgi,0.49998,

Thu May 14 20:01:53 2015:  ite,32,0.0375038,0.0182768
Thu May 14 20:02:04 2015: ... 2000: 0.01775071245431900091,0.018962699890136720804
layer#0:cnv/fc:dim=60000x400,n22,6.12647,nz,24000000,1,absavgw,0.00800429,avgw,-5.26101e-06,absavgi,0.0325211,avgi,-0.0323034,layer#1:cnv/fc:dim=90000x400,n22,9.36004,nz,36000000,1,absavgw,0.00804342,avgw,8.94137e-07,absavgi,0.0480658,avgi,-0.0480658,layer#2:cnv/fc:dim=800x2,n22,18.9627,nz,1600,1,absavgw,0.132632,avgw,-9.08136e-06,absavgi,0.500006,avgi,0.500006,

Thu May 14 20:02:05 2015:  ite,33,0.0367134,0.0177507
Thu May 14 20:02:16 2015: ... 2000: 0.0154688368439674373,0.018642419815063475397
layer#0:cnv/fc:dim=60000x400,n22,6.12852,nz,24000000,1,absavgw,0.00800477,avgw,-5.27307e-06,absavgi,0.0331013,avgi,-0.0330299,layer#1:cnv/fc:dim=90000x400,n22,9.36671,nz,36000000,1,absavgw,0.00804473,avgw,9.54571e-07,absavgi,0.0474887,avgi,-0.0474887,layer#2:cnv/fc:dim=800x2,n22,18.6424,nz,1600,1,absavgw,0.131577,avgw,-1.08027e-05,absavgi,0.500046,avgi,0.500046,

Thu May 14 20:02:17 2015:  ite,34,0.0341113,0.0154688
Thu May 14 20:02:28 2015: ... 2000: 0.016017898976802825289,0.018266977310180666089
layer#0:cnv/fc:dim=60000x400,n22,6.13051,nz,24000000,1,absavgw,0.00800529,avgw,-5.26033e-06,absavgi,0.0330786,avgi,-0.0330708,layer#1:cnv/fc:dim=90000x400,n22,9.37284,nz,36000000,1,absavgw,0.00804591,avgw,9.52282e-07,absavgi,0.0484443,avgi,-0.0484443,layer#2:cnv/fc:dim=800x2,n22,18.267,nz,1600,1,absavgw,0.1303,avgw,-1.22142e-05,absavgi,0.500012,avgi,0.500012,

Thu May 14 20:02:28 2015:  ite,35,0.0342849,0.0160179
Thu May 14 20:02:40 2015: ... 2000: 0.015537710607051849476,0.017923913955688475924
layer#0:cnv/fc:dim=60000x400,n22,6.13259,nz,24000000,1,absavgw,0.00800583,avgw,-5.2388e-06,absavgi,0.0325792,avgi,-0.0325657,layer#1:cnv/fc:dim=90000x400,n22,9.37908,nz,36000000,1,absavgw,0.00804707,avgw,9.81696e-07,absavgi,0.0483865,avgi,-0.0483865,layer#2:cnv/fc:dim=800x2,n22,17.9239,nz,1600,1,absavgw,0.129084,avgw,-1.05727e-05,absavgi,0.500039,avgi,0.500039,

Thu May 14 20:02:40 2015:  ite,36,0.0334616,0.0155377
Thu May 14 20:02:51 2015: ... 2000: 0.015591014027595519881,0.017680498123168946617
layer#0:cnv/fc:dim=60000x400,n22,6.13471,nz,24000000,1,absavgw,0.00800634,avgw,-5.23047e-06,absavgi,0.0325958,avgi,-0.0325958,layer#1:cnv/fc:dim=90000x400,n22,9.3855,nz,36000000,1,absavgw,0.0080483,avgw,1.02151e-06,absavgi,0.0481157,avgi,-0.0481157,layer#2:cnv/fc:dim=800x2,n22,17.6805,nz,1600,1,absavgw,0.128298,avgw,-9.34005e-06,absavgi,0.50004,avgi,0.50004,

Thu May 14 20:02:52 2015:  ite,37,0.0332715,0.015591
Thu May 14 20:03:03 2015: ... 2000: 0.014265044182538986692,0.017462621688842772105
layer#0:cnv/fc:dim=60000x400,n22,6.13671,nz,24000000,1,absavgw,0.00800683,avgw,-5.21772e-06,absavgi,0.0325767,avgi,-0.032436,layer#1:cnv/fc:dim=90000x400,n22,9.39152,nz,36000000,1,absavgw,0.00804945,avgw,1.04972e-06,absavgi,0.0481828,avgi,-0.0481828,layer#2:cnv/fc:dim=800x2,n22,17.4626,nz,1600,1,absavgw,0.127566,avgw,-9.08494e-06,absavgi,0.500004,avgi,0.500004,

Thu May 14 20:03:04 2015:  ite,38,0.0317277,0.014265
Thu May 14 20:03:15 2015: ... 2000: 0.013427667438983917694,0.017273475646972655945
layer#0:cnv/fc:dim=60000x400,n22,6.13866,nz,24000000,1,absavgw,0.0080073,avgw,-5.20239e-06,absavgi,0.0322635,avgi,-0.032181,layer#1:cnv/fc:dim=90000x400,n22,9.39716,nz,36000000,1,absavgw,0.00805053,avgw,1.06314e-06,absavgi,0.0485859,avgi,-0.0485859,layer#2:cnv/fc:dim=800x2,n22,17.2735,nz,1600,1,absavgw,0.126887,avgw,-8.5485e-06,absavgi,0.500058,avgi,0.500058,

Thu May 14 20:03:15 2015:  ite,39,0.0307011,0.0134277
Thu May 14 20:03:27 2015: ... 2000: 0.014333362340927123871,0.017036428451538087464
layer#0:cnv/fc:dim=60000x400,n22,6.14059,nz,24000000,1,absavgw,0.00800777,avgw,-5.18421e-06,absavgi,0.0320431,avgi,-0.0319429,layer#1:cnv/fc:dim=90000x400,n22,9.40296,nz,36000000,1,absavgw,0.00805164,avgw,1.12713e-06,absavgi,0.0478044,avgi,-0.0478044,layer#2:cnv/fc:dim=800x2,n22,17.0364,nz,1600,1,absavgw,0.126057,avgw,-7.6592e-06,absavgi,0.499993,avgi,0.499993,

Thu May 14 20:03:27 2015:  ite,40,0.0313698,0.0143334
Thu May 14 20:03:38 2015: ... 2000: 0.013544842928647994953,0.016797931671142577598
layer#0:cnv/fc:dim=60000x400,n22,6.14241,nz,24000000,1,absavgw,0.0080082,avgw,-5.18392e-06,absavgi,0.0323386,avgi,-0.032322,layer#1:cnv/fc:dim=90000x400,n22,9.40837,nz,36000000,1,absavgw,0.00805267,avgw,1.09931e-06,absavgi,0.04952,avgi,-0.04952,layer#2:cnv/fc:dim=800x2,n22,16.7979,nz,1600,1,absavgw,0.125223,avgw,-6.06775e-06,absavgi,0.500019,avgi,0.500019,

Thu May 14 20:03:39 2015:  ite,41,0.0303428,0.0135448
Thu May 14 20:03:50 2015: ... 2000: 0.01394282433390617304,0.016567584991455077542
layer#0:cnv/fc:dim=60000x400,n22,6.14417,nz,24000000,1,absavgw,0.00800863,avgw,-5.17967e-06,absavgi,0.0324243,avgi,-0.0324243,layer#1:cnv/fc:dim=90000x400,n22,9.41377,nz,36000000,1,absavgw,0.00805371,avgw,1.14792e-06,absavgi,0.0489446,avgi,-0.0489446,layer#2:cnv/fc:dim=800x2,n22,16.5676,nz,1600,1,absavgw,0.124454,avgw,-5.72801e-06,absavgi,0.50003,avgi,0.50003,

Thu May 14 20:03:51 2015:  ite,42,0.0305104,0.0139428
Thu May 14 20:04:02 2015: ... 2000: 0.012869969964027404979,0.016452560424804689443
layer#0:cnv/fc:dim=60000x400,n22,6.14604,nz,24000000,1,absavgw,0.00800911,avgw,-5.16132e-06,absavgi,0.0321442,avgi,-0.0320993,layer#1:cnv/fc:dim=90000x400,n22,9.4195,nz,36000000,1,absavgw,0.00805479,avgw,1.20528e-06,absavgi,0.0478885,avgi,-0.0478885,layer#2:cnv/fc:dim=800x2,n22,16.4526,nz,1600,1,absavgw,0.124043,avgw,-6.17027e-06,absavgi,0.500024,avgi,0.500024,

Thu May 14 20:04:02 2015:  ite,43,0.0293225,0.01287
Thu May 14 20:04:14 2015: ... 2000: 0.014690873086452484186,0.01620371246337890675
layer#0:cnv/fc:dim=60000x400,n22,6.14785,nz,24000000,1,absavgw,0.00800954,avgw,-5.16974e-06,absavgi,0.0328889,avgi,-0.0327287,layer#1:cnv/fc:dim=90000x400,n22,9.42479,nz,36000000,1,absavgw,0.00805576,avgw,1.1836e-06,absavgi,0.0495961,avgi,-0.0495961,layer#2:cnv/fc:dim=800x2,n22,16.2037,nz,1600,1,absavgw,0.123149,avgw,-6.12974e-06,absavgi,0.500014,avgi,0.500014,

Thu May 14 20:04:14 2015:  ite,44,0.0308946,0.0146909
Thu May 14 20:04:25 2015: ... 2000: 0.013056177496910095076,0.01609542846679687389
layer#0:cnv/fc:dim=60000x400,n22,6.14976,nz,24000000,1,absavgw,0.00800998,avgw,-5.16103e-06,absavgi,0.0328155,avgi,-0.0328155,layer#1:cnv/fc:dim=90000x400,n22,9.43073,nz,36000000,1,absavgw,0.00805686,avgw,1.24786e-06,absavgi,0.0488755,avgi,-0.0488755,layer#2:cnv/fc:dim=800x2,n22,16.0954,nz,1600,1,absavgw,0.122687,avgw,-4.73619e-06,absavgi,0.500049,avgi,0.500049,

Thu May 14 20:04:26 2015:  ite,45,0.0291516,0.0130562
Thu May 14 20:04:37 2015: ... 2000: 0.013151064693927764712,0.015856868743896485735
layer#0:cnv/fc:dim=60000x400,n22,6.15147,nz,24000000,1,absavgw,0.0080104,avgw,-5.15706e-06,absavgi,0.0329273,avgi,-0.0328866,layer#1:cnv/fc:dim=90000x400,n22,9.43608,nz,36000000,1,absavgw,0.00805787,avgw,1.28677e-06,absavgi,0.0486001,avgi,-0.0486001,layer#2:cnv/fc:dim=800x2,n22,15.8569,nz,1600,1,absavgw,0.121768,avgw,-4.19378e-06,absavgi,0.500031,avgi,0.500031,

Thu May 14 20:04:38 2015:  ite,46,0.0290079,0.0131511
Thu May 14 20:04:49 2015: ... 2000: 0.013108540385961531954,0.015596626281738280861
layer#0:cnv/fc:dim=60000x400,n22,6.15313,nz,24000000,1,absavgw,0.00801081,avgw,-5.14493e-06,absavgi,0.0328405,avgi,-0.0327944,layer#1:cnv/fc:dim=90000x400,n22,9.44085,nz,36000000,1,absavgw,0.00805877,avgw,1.28106e-06,absavgi,0.0495519,avgi,-0.0495519,layer#2:cnv/fc:dim=800x2,n22,15.5966,nz,1600,1,absavgw,0.120791,avgw,-4.55856e-06,absavgi,0.499983,avgi,0.499983,

Thu May 14 20:04:49 2015:  ite,47,0.0287052,0.0131085
Thu May 14 20:05:01 2015: ... 2000: 0.014092663347721100242,0.015440385818481444993
layer#0:cnv/fc:dim=60000x400,n22,6.15501,nz,24000000,1,absavgw,0.00801127,avgw,-5.10966e-06,absavgi,0.0321534,avgi,-0.0320009,layer#1:cnv/fc:dim=90000x400,n22,9.44639,nz,36000000,1,absavgw,0.00805982,avgw,1.32873e-06,absavgi,0.0489317,avgi,-0.0489317,layer#2:cnv/fc:dim=800x2,n22,15.4404,nz,1600,1,absavgw,0.120269,avgw,-4.53353e-06,absavgi,0.499992,avgi,0.499992,

Thu May 14 20:05:01 2015:  ite,48,0.029533,0.0140927
Thu May 14 20:05:12 2015: ... 2000: 0.01242410117387771594,0.015250596046447753573
layer#0:cnv/fc:dim=60000x400,n22,6.15679,nz,24000000,1,absavgw,0.0080117,avgw,-5.10859e-06,absavgi,0.0323663,avgi,-0.0323183,layer#1:cnv/fc:dim=90000x400,n22,9.45173,nz,36000000,1,absavgw,0.0080608,avgw,1.34143e-06,absavgi,0.0492596,avgi,-0.0492596,layer#2:cnv/fc:dim=800x2,n22,15.2506,nz,1600,1,absavgw,0.11949,avgw,-4.462e-06,absavgi,0.500014,avgi,0.500014,

Thu May 14 20:05:13 2015:  ite,49,0.0276747,0.0124241
Thu May 14 20:05:24 2015: ... 2000: 0.012621389329433440815,0.015199026107788086645
layer#0:cnv/fc:dim=60000x400,n22,6.1586,nz,24000000,1,absavgw,0.00801214,avgw,-5.10359e-06,absavgi,0.0325311,avgi,-0.0323829,layer#1:cnv/fc:dim=90000x400,n22,9.45697,nz,36000000,1,absavgw,0.00806177,avgw,1.3661e-06,absavgi,0.049355,avgi,-0.049355,layer#2:cnv/fc:dim=800x2,n22,15.199,nz,1600,1,absavgw,0.119335,avgw,-4.09126e-06,absavgi,0.500011,avgi,0.500011,

Thu May 14 20:05:25 2015:  ite,50,0.0278204,0.0126214, test-loss,0.218852119445801, perf,0.33
Thu May 14 20:05:37 2015: ... 2000: 0.012413674205541611051,0.014977083206176758368
layer#0:cnv/fc:dim=60000x400,n22,6.1602,nz,24000000,1,absavgw,0.0080125,avgw,-5.11294e-06,absavgi,0.0329722,avgi,-0.0329578,layer#1:cnv/fc:dim=90000x400,n22,9.46171,nz,36000000,1,absavgw,0.00806263,avgw,1.37181e-06,absavgi,0.0498629,avgi,-0.0498629,layer#2:cnv/fc:dim=800x2,n22,14.9771,nz,1600,1,absavgw,0.118519,avgw,-3.7241e-06,absavgi,0.500004,avgi,0.500004,

Thu May 14 20:05:37 2015:  ite,51,0.0273908,0.0124137
Thu May 14 20:05:48 2015: ... 2000: 0.012494453430175781264,0.014863597869873047819
layer#0:cnv/fc:dim=60000x400,n22,6.16187,nz,24000000,1,absavgw,0.00801294,avgw,-5.08415e-06,absavgi,0.0324357,avgi,-0.0324357,layer#1:cnv/fc:dim=90000x400,n22,9.46658,nz,36000000,1,absavgw,0.00806357,avgw,1.40802e-06,absavgi,0.0499063,avgi,-0.0499063,layer#2:cnv/fc:dim=800x2,n22,14.8636,nz,1600,1,absavgw,0.118048,avgw,-3.5131e-06,absavgi,0.500005,avgi,0.500005,

Thu May 14 20:05:49 2015:  ite,52,0.0273581,0.0124945
Thu May 14 20:06:00 2015: ... 2000: 0.012304406911134720126,0.014728101730346679354
layer#0:cnv/fc:dim=60000x400,n22,6.16355,nz,24000000,1,absavgw,0.00801332,avgw,-5.09514e-06,absavgi,0.0330157,avgi,-0.0329928,layer#1:cnv/fc:dim=90000x400,n22,9.47168,nz,36000000,1,absavgw,0.0080645,avgw,1.45479e-06,absavgi,0.0493345,avgi,-0.0493345,layer#2:cnv/fc:dim=800x2,n22,14.7281,nz,1600,1,absavgw,0.117524,avgw,-3.26991e-06,absavgi,0.499995,avgi,0.499995,

Thu May 14 20:06:01 2015:  ite,53,0.0270325,0.0123044
Thu May 14 20:06:12 2015: ... 2000: 0.011776916623115540189,0.014560258865356445757
layer#0:cnv/fc:dim=60000x400,n22,6.16516,nz,24000000,1,absavgw,0.00801373,avgw,-5.07281e-06,absavgi,0.0326089,avgi,-0.0326089,layer#1:cnv/fc:dim=90000x400,n22,9.47625,nz,36000000,1,absavgw,0.00806537,avgw,1.46637e-06,absavgi,0.0499806,avgi,-0.0499806,layer#2:cnv/fc:dim=800x2,n22,14.5603,nz,1600,1,absavgw,0.116861,avgw,-3.21627e-06,absavgi,0.499994,avgi,0.499994,

Thu May 14 20:06:12 2015:  ite,54,0.0263372,0.0117769
Thu May 14 20:06:24 2015: ... 2000: 0.012739327460527419961,0.014534530639648437014
layer#0:cnv/fc:dim=60000x400,n22,6.16679,nz,24000000,1,absavgw,0.00801411,avgw,-5.07867e-06,absavgi,0.0332355,avgi,-0.0331128,layer#1:cnv/fc:dim=90000x400,n22,9.48125,nz,36000000,1,absavgw,0.0080663,avgw,1.50177e-06,absavgi,0.0498124,avgi,-0.0498124,layer#2:cnv/fc:dim=800x2,n22,14.5345,nz,1600,1,absavgw,0.116767,avgw,-3.45349e-06,absavgi,0.500006,avgi,0.500006,

Thu May 14 20:06:24 2015:  ite,55,0.0272739,0.0127393
Thu May 14 20:06:35 2015: ... 2000: 0.011309794366359711415,0.014454504013061524048
layer#0:cnv/fc:dim=60000x400,n22,6.16839,nz,24000000,1,absavgw,0.00801453,avgw,-5.07024e-06,absavgi,0.0333586,avgi,-0.0333495,layer#1:cnv/fc:dim=90000x400,n22,9.48615,nz,36000000,1,absavgw,0.00806722,avgw,1.52872e-06,absavgi,0.0501821,avgi,-0.0501821,layer#2:cnv/fc:dim=800x2,n22,14.4545,nz,1600,1,absavgw,0.116466,avgw,-3.56674e-06,absavgi,0.500011,avgi,0.500011,

Thu May 14 20:06:36 2015:  ite,56,0.0257643,0.0113098
Thu May 14 20:06:47 2015: ... 2000: 0.011670720249414444705,0.014356227874755858945
layer#0:cnv/fc:dim=60000x400,n22,6.16994,nz,24000000,1,absavgw,0.0080149,avgw,-5.05925e-06,absavgi,0.0333569,avgi,-0.0333569,layer#1:cnv/fc:dim=90000x400,n22,9.49074,nz,36000000,1,absavgw,0.00806807,avgw,1.56219e-06,absavgi,0.0500208,avgi,-0.0500208,layer#2:cnv/fc:dim=800x2,n22,14.3562,nz,1600,1,absavgw,0.116112,avgw,-3.38316e-06,absavgi,0.499988,avgi,0.499988,

Thu May 14 20:06:48 2015:  ite,57,0.0260269,0.0116707
Thu May 14 20:06:59 2015: ... 2000: 0.01100851547718048086,0.014210027694702148313
layer#0:cnv/fc:dim=60000x400,n22,6.17147,nz,24000000,1,absavgw,0.00801527,avgw,-5.04724e-06,absavgi,0.0332385,avgi,-0.0331738,layer#1:cnv/fc:dim=90000x400,n22,9.49519,nz,36000000,1,absavgw,0.0080689,avgw,1.58047e-06,absavgi,0.0501312,avgi,-0.0501312,layer#2:cnv/fc:dim=800x2,n22,14.21,nz,1600,1,absavgw,0.115522,avgw,-2.94685e-06,absavgi,0.500007,avgi,0.500007,

Thu May 14 20:06:59 2015:  ite,58,0.0252185,0.0110085
Thu May 14 20:07:11 2015: ... 2000: 0.011207699954509734927,0.01409823417663574191
layer#0:cnv/fc:dim=60000x400,n22,6.17298,nz,24000000,1,absavgw,0.00801565,avgw,-5.03796e-06,absavgi,0.0331571,avgi,-0.0331539,layer#1:cnv/fc:dim=90000x400,n22,9.49958,nz,36000000,1,absavgw,0.0080697,avgw,1.60032e-06,absavgi,0.0504026,avgi,-0.0504026,layer#2:cnv/fc:dim=800x2,n22,14.0982,nz,1600,1,absavgw,0.115073,avgw,-2.62856e-06,absavgi,0.499998,avgi,0.499998,

Thu May 14 20:07:11 2015:  ite,59,0.0253059,0.0112077
Thu May 14 20:07:22 2015: ... 2000: 0.011166798651218414612,0.013980098724365234292
layer#0:cnv/fc:dim=60000x400,n22,6.17451,nz,24000000,1,absavgw,0.00801602,avgw,-5.01117e-06,absavgi,0.0326038,avgi,-0.0325767,layer#1:cnv/fc:dim=90000x400,n22,9.50399,nz,36000000,1,absavgw,0.00807053,avgw,1.62381e-06,absavgi,0.0503785,avgi,-0.0503785,layer#2:cnv/fc:dim=800x2,n22,13.9801,nz,1600,1,absavgw,0.114624,avgw,-2.64883e-06,absavgi,0.500003,avgi,0.500003,

Thu May 14 20:07:23 2015:  ite,60,0.0251469,0.0111668
Thu May 14 20:07:34 2015: ... 2000: 0.010737467318773270472,0.013876886367797852673
layer#0:cnv/fc:dim=60000x400,n22,6.17596,nz,24000000,1,absavgw,0.00801639,avgw,-5.00904e-06,absavgi,0.0328156,avgi,-0.0327983,layer#1:cnv/fc:dim=90000x400,n22,9.50841,nz,36000000,1,absavgw,0.00807136,avgw,1.67035e-06,absavgi,0.0497557,avgi,-0.0497557,layer#2:cnv/fc:dim=800x2,n22,13.8769,nz,1600,1,absavgw,0.114214,avgw,-2.68221e-06,absavgi,0.500011,avgi,0.500011,

Thu May 14 20:07:34 2015:  ite,61,0.0246144,0.0107375
Thu May 14 20:07:46 2015: ... 2000: 0.010595204085111617834,0.013754384994506835965
layer#0:cnv/fc:dim=60000x400,n22,6.1774,nz,24000000,1,absavgw,0.00801673,avgw,-5.00801e-06,absavgi,0.0330362,avgi,-0.0330362,layer#1:cnv/fc:dim=90000x400,n22,9.51256,nz,36000000,1,absavgw,0.00807211,avgw,1.68057e-06,absavgi,0.0501352,avgi,-0.0501352,layer#2:cnv/fc:dim=800x2,n22,13.7544,nz,1600,1,absavgw,0.113761,avgw,-2.50936e-06,absavgi,0.500008,avgi,0.500008,

Thu May 14 20:07:46 2015:  ite,62,0.0243496,0.0105952
Thu May 14 20:07:58 2015: ... 2000: 0.012395076990127562935,0.01362505340576171918
layer#0:cnv/fc:dim=60000x400,n22,6.17894,nz,24000000,1,absavgw,0.0080171,avgw,-4.99742e-06,absavgi,0.033027,avgi,-0.0330184,layer#1:cnv/fc:dim=90000x400,n22,9.51695,nz,36000000,1,absavgw,0.00807293,avgw,1.68408e-06,absavgi,0.0509231,avgi,-0.0509231,layer#2:cnv/fc:dim=800x2,n22,13.6251,nz,1600,1,absavgw,0.113269,avgw,-2.28763e-06,absavgi,0.500007,avgi,0.500007,

Thu May 14 20:07:58 2015:  ite,63,0.0260201,0.0123951
Thu May 14 20:08:10 2015: ... 2000: 0.01074434480071067774,0.013546487808227539867
layer#0:cnv/fc:dim=60000x400,n22,6.18051,nz,24000000,1,absavgw,0.00801747,avgw,-5.00048e-06,absavgi,0.0333391,avgi,-0.0332991,layer#1:cnv/fc:dim=90000x400,n22,9.52155,nz,36000000,1,absavgw,0.00807377,avgw,1.72411e-06,absavgi,0.0506352,avgi,-0.0506352,layer#2:cnv/fc:dim=800x2,n22,13.5465,nz,1600,1,absavgw,0.112955,avgw,-2.18868e-06,absavgi,0.500008,avgi,0.500008,

Thu May 14 20:08:10 2015:  ite,64,0.0242908,0.0107443
Thu May 14 20:08:22 2015: ... 2000: 0.011079886883497237771,0.013485897064208985513
layer#0:cnv/fc:dim=60000x400,n22,6.18204,nz,24000000,1,absavgw,0.00801785,avgw,-4.96807e-06,absavgi,0.032568,avgi,-0.0325261,layer#1:cnv/fc:dim=90000x400,n22,9.52596,nz,36000000,1,absavgw,0.00807457,avgw,1.76945e-06,absavgi,0.0501516,avgi,-0.0501516,layer#2:cnv/fc:dim=800x2,n22,13.4859,nz,1600,1,absavgw,0.112703,avgw,-2.0051e-06,absavgi,0.500003,avgi,0.500003,

Thu May 14 20:08:22 2015:  ite,65,0.0245658,0.0110799
Thu May 14 20:08:34 2015: ... 2000: 0.01072132590413093535,0.013425864219665527982
layer#0:cnv/fc:dim=60000x400,n22,6.18349,nz,24000000,1,absavgw,0.0080182,avgw,-4.97909e-06,absavgi,0.0332797,avgi,-0.033251,layer#1:cnv/fc:dim=90000x400,n22,9.53027,nz,36000000,1,absavgw,0.00807537,avgw,1.75926e-06,absavgi,0.0514662,avgi,-0.0514662,layer#2:cnv/fc:dim=800x2,n22,13.4259,nz,1600,1,absavgw,0.112463,avgw,-1.78337e-06,absavgi,0.500004,avgi,0.500004,

Thu May 14 20:08:34 2015:  ite,66,0.0241472,0.0107213
Thu May 14 20:08:45 2015: ... 2000: 0.010676894038915633878,0.013308894157409668565
layer#0:cnv/fc:dim=60000x400,n22,6.18494,nz,24000000,1,absavgw,0.00801853,avgw,-4.96949e-06,absavgi,0.0331585,avgi,-0.0331585,layer#1:cnv/fc:dim=90000x400,n22,9.53444,nz,36000000,1,absavgw,0.00807615,avgw,1.79919e-06,absavgi,0.0511263,avgi,-0.0511263,layer#2:cnv/fc:dim=800x2,n22,13.3089,nz,1600,1,absavgw,0.111931,avgw,-1.85609e-06,absavgi,0.499999,avgi,0.499999,

Thu May 14 20:08:46 2015:  ite,67,0.0239858,0.0106769
Thu May 14 20:08:57 2015: ... 2000: 0.010089738160371780964,0.013227776527404784893
layer#0:cnv/fc:dim=60000x400,n22,6.18638,nz,24000000,1,absavgw,0.00801888,avgw,-4.95564e-06,absavgi,0.032994,avgi,-0.032984,layer#1:cnv/fc:dim=90000x400,n22,9.53864,nz,36000000,1,absavgw,0.00807692,avgw,1.86747e-06,absavgi,0.0496716,avgi,-0.0496716,layer#2:cnv/fc:dim=800x2,n22,13.2278,nz,1600,1,absavgw,0.11161,avgw,-1.84298e-06,absavgi,0.499995,avgi,0.499995,

Thu May 14 20:08:58 2015:  ite,68,0.0233175,0.0100897
Thu May 14 20:09:09 2015: ... 2000: 0.010411954551935196506,0.013121788024902344624
layer#0:cnv/fc:dim=60000x400,n22,6.18773,nz,24000000,1,absavgw,0.00801921,avgw,-4.95588e-06,absavgi,0.0331596,avgi,-0.033154,layer#1:cnv/fc:dim=90000x400,n22,9.54232,nz,36000000,1,absavgw,0.0080776,avgw,1.8194e-06,absavgi,0.0516901,avgi,-0.0516901,layer#2:cnv/fc:dim=800x2,n22,13.1218,nz,1600,1,absavgw,0.111215,avgw,-1.73569e-06,absavgi,0.500006,avgi,0.500006,

Thu May 14 20:09:10 2015:  ite,69,0.0235337,0.010412
Thu May 14 20:09:21 2015: ... 2000: 0.011124904483556748158,0.01304702568054199284
layer#0:cnv/fc:dim=60000x400,n22,6.18913,nz,24000000,1,absavgw,0.00801954,avgw,-4.96325e-06,absavgi,0.0337487,avgi,-0.0337278,layer#1:cnv/fc:dim=90000x400,n22,9.54681,nz,36000000,1,absavgw,0.00807842,avgw,1.88751e-06,absavgi,0.0503039,avgi,-0.0503039,layer#2:cnv/fc:dim=800x2,n22,13.047,nz,1600,1,absavgw,0.110877,avgw,-1.55568e-06,absavgi,0.500001,avgi,0.500001,

Thu May 14 20:09:22 2015:  ite,70,0.0241719,0.0111249
Thu May 14 20:09:33 2015: ... 2000: 0.010856740653514862158,0.012973896980285644712
layer#0:cnv/fc:dim=60000x400,n22,6.19062,nz,24000000,1,absavgw,0.00801991,avgw,-4.93342e-06,absavgi,0.0330961,avgi,-0.0330726,layer#1:cnv/fc:dim=90000x400,n22,9.55093,nz,36000000,1,absavgw,0.00807916,avgw,1.88802e-06,absavgi,0.0510501,avgi,-0.0510501,layer#2:cnv/fc:dim=800x2,n22,12.9739,nz,1600,1,absavgw,0.110513,avgw,-1.50204e-06,absavgi,0.500002,avgi,0.500002,

Thu May 14 20:09:33 2015:  ite,71,0.0238306,0.0108567
Thu May 14 20:09:45 2015: ... 2000: 0.010385446399450302263,0.012916028976440429785
layer#0:cnv/fc:dim=60000x400,n22,6.19205,nz,24000000,1,absavgw,0.00802028,avgw,-4.9254e-06,absavgi,0.033226,avgi,-0.033226,layer#1:cnv/fc:dim=90000x400,n22,9.55496,nz,36000000,1,absavgw,0.0080799,avgw,1.90302e-06,absavgi,0.0516182,avgi,-0.0516182,layer#2:cnv/fc:dim=800x2,n22,12.916,nz,1600,1,absavgw,0.110297,avgw,-1.51992e-06,absavgi,0.499996,avgi,0.499996,

Thu May 14 20:09:45 2015:  ite,72,0.0233015,0.0103854
Thu May 14 20:09:57 2015: ... 2000: 0.010323629975318908067,0.012850013732910156583
layer#0:cnv/fc:dim=60000x400,n22,6.19344,nz,24000000,1,absavgw,0.00802057,avgw,-4.92438e-06,absavgi,0.0333688,avgi,-0.0333688,layer#1:cnv/fc:dim=90000x400,n22,9.55887,nz,36000000,1,absavgw,0.00808064,avgw,1.93078e-06,absavgi,0.0515103,avgi,-0.0515103,layer#2:cnv/fc:dim=800x2,n22,12.85,nz,1600,1,absavgw,0.110094,avgw,-1.5521e-06,absavgi,0.499995,avgi,0.499995,

Thu May 14 20:09:57 2015:  ite,73,0.0231736,0.0103236
Thu May 14 20:10:09 2015: ... 2000: 0.0097442424595355989908,0.012774895668029785656
layer#0:cnv/fc:dim=60000x400,n22,6.19481,nz,24000000,1,absavgw,0.00802092,avgw,-4.90983e-06,absavgi,0.0332377,avgi,-0.033184,layer#1:cnv/fc:dim=90000x400,n22,9.56284,nz,36000000,1,absavgw,0.0080814,avgw,1.96655e-06,absavgi,0.0512639,avgi,-0.0512639,layer#2:cnv/fc:dim=800x2,n22,12.7749,nz,1600,1,absavgw,0.10986,avgw,-1.48416e-06,absavgi,0.500002,avgi,0.500002,

Thu May 14 20:10:09 2015:  ite,74,0.0225191,0.00974424
Thu May 14 20:10:21 2015: ... 2000: 0.010314378589391708096,0.012647363662719726327
layer#0:cnv/fc:dim=60000x400,n22,6.19611,nz,24000000,1,absavgw,0.00802123,avgw,-4.90183e-06,absavgi,0.0331263,avgi,-0.0331228,layer#1:cnv/fc:dim=90000x400,n22,9.56649,nz,36000000,1,absavgw,0.00808206,avgw,1.96033e-06,absavgi,0.0519598,avgi,-0.0519598,layer#2:cnv/fc:dim=800x2,n22,12.6474,nz,1600,1,absavgw,0.109271,avgw,-1.37091e-06,absavgi,0.500001,avgi,0.500001,

Thu May 14 20:10:22 2015:  ite,75,0.0229617,0.0103144, test-loss,0.219814720153809, perf,0.33
Thu May 14 20:10:33 2015: ... 2000: 0.010012140363454819295,0.012582304000854492576
layer#0:cnv/fc:dim=60000x400,n22,6.19752,nz,24000000,1,absavgw,0.00802156,avgw,-4.88829e-06,absavgi,0.0330314,avgi,-0.0330277,layer#1:cnv/fc:dim=90000x400,n22,9.57047,nz,36000000,1,absavgw,0.00808277,avgw,2.00025e-06,absavgi,0.0513492,avgi,-0.0513492,layer#2:cnv/fc:dim=800x2,n22,12.5823,nz,1600,1,absavgw,0.109036,avgw,-1.19686e-06,absavgi,0.500003,avgi,0.500003,

Thu May 14 20:10:34 2015:  ite,76,0.0225944,0.0100121
Thu May 14 20:10:45 2015: ... 2000: 0.010241772204637527091,0.012550811767578124584
layer#0:cnv/fc:dim=60000x400,n22,6.1989,nz,24000000,1,absavgw,0.00802188,avgw,-4.89604e-06,absavgi,0.0335309,avgi,-0.0335142,layer#1:cnv/fc:dim=90000x400,n22,9.57453,nz,36000000,1,absavgw,0.00808353,avgw,2.04427e-06,absavgi,0.0507159,avgi,-0.0507159,layer#2:cnv/fc:dim=800x2,n22,12.5508,nz,1600,1,absavgw,0.108885,avgw,-1.1003e-06,absavgi,0.500005,avgi,0.500005,

Thu May 14 20:10:46 2015:  ite,77,0.0227926,0.0102418
Thu May 14 20:10:57 2015: ... 2000: 0.0098948783874511711534,0.012446124076843262038
layer#0:cnv/fc:dim=60000x400,n22,6.20029,nz,24000000,1,absavgw,0.00802223,avgw,-4.87987e-06,absavgi,0.0332121,avgi,-0.0332121,layer#1:cnv/fc:dim=90000x400,n22,9.57818,nz,36000000,1,absavgw,0.00808422,avgw,2.03636e-06,absavgi,0.051788,avgi,-0.051788,layer#2:cnv/fc:dim=800x2,n22,12.4461,nz,1600,1,absavgw,0.108489,avgw,-1.04308e-06,absavgi,0.5,avgi,0.5,

Thu May 14 20:10:58 2015:  ite,78,0.022341,0.00989488
Thu May 14 20:11:09 2015: ... 2000: 0.0097617713510990151288,0.01241877174377441391
layer#0:cnv/fc:dim=60000x400,n22,6.20167,nz,24000000,1,absavgw,0.00802256,avgw,-4.86584e-06,absavgi,0.0330242,avgi,-0.0330242,layer#1:cnv/fc:dim=90000x400,n22,9.58203,nz,36000000,1,absavgw,0.00808491,avgw,2.06004e-06,absavgi,0.0516705,avgi,-0.0516705,layer#2:cnv/fc:dim=800x2,n22,12.4188,nz,1600,1,absavgw,0.108352,avgw,-9.69172e-07,absavgi,0.5,avgi,0.5,

Thu May 14 20:11:10 2015:  ite,79,0.0221805,0.00976177
Thu May 14 20:11:21 2015: ... 2000: 0.009793841615319251459,0.01230719280242919926
layer#0:cnv/fc:dim=60000x400,n22,6.20292,nz,24000000,1,absavgw,0.00802286,avgw,-4.87128e-06,absavgi,0.0334631,avgi,-0.0334341,layer#1:cnv/fc:dim=90000x400,n22,9.58563,nz,36000000,1,absavgw,0.00808556,avgw,2.06659e-06,absavgi,0.0521634,avgi,-0.0521634,layer#2:cnv/fc:dim=800x2,n22,12.3072,nz,1600,1,absavgw,0.107882,avgw,-9.63211e-07,absavgi,0.500001,avgi,0.500001,

Thu May 14 20:11:22 2015:  ite,80,0.022101,0.00979384
Thu May 14 20:11:22 2015: Setting step-sizes to eta0 times 0.1
Thu May 14 20:11:33 2015: ... 2000: 0.0098450169861316674802,0.012276818275451659851
layer#0:cnv/fc:dim=60000x400,n22,6.20354,nz,24000000,1,absavgw,0.00802299,avgw,-4.87077e-06,absavgi,0.0336461,avgi,-0.0335688,layer#1:cnv/fc:dim=90000x400,n22,9.58741,nz,36000000,1,absavgw,0.00808588,avgw,2.07982e-06,absavgi,0.0521371,avgi,-0.0521371,layer#2:cnv/fc:dim=800x2,n22,12.2768,nz,1600,1,absavgw,0.107757,avgw,-9.27448e-07,absavgi,0.499998,avgi,0.499998,

Thu May 14 20:11:34 2015:  ite,81,0.0221218,0.00984502
Thu May 14 20:11:45 2015: ... 2000: 0.0095999611616134645359,0.012279387474060059551
layer#0:cnv/fc:dim=60000x400,n22,6.20374,nz,24000000,1,absavgw,0.00802304,avgw,-4.86666e-06,absavgi,0.0335612,avgi,-0.0334933,layer#1:cnv/fc:dim=90000x400,n22,9.58794,nz,36000000,1,absavgw,0.00808598,avgw,2.09052e-06,absavgi,0.0519264,avgi,-0.0519264,layer#2:cnv/fc:dim=800x2,n22,12.2794,nz,1600,1,absavgw,0.107771,avgw,-9.15527e-07,absavgi,0.499999,avgi,0.499999,

Thu May 14 20:11:45 2015:  ite,82,0.0218793,0.00959996
Thu May 14 20:11:57 2015: ... 2000: 0.0088974847197532645759,0.012271766662597657221
layer#0:cnv/fc:dim=60000x400,n22,6.20388,nz,24000000,1,absavgw,0.00802307,avgw,-4.8623e-06,absavgi,0.0334397,avgi,-0.0333841,layer#1:cnv/fc:dim=90000x400,n22,9.58832,nz,36000000,1,absavgw,0.00808605,avgw,2.10079e-06,absavgi,0.0516936,avgi,-0.0516936,layer#2:cnv/fc:dim=800x2,n22,12.2718,nz,1600,1,absavgw,0.107732,avgw,-9.07183e-07,absavgi,0.499999,avgi,0.499999,

Thu May 14 20:11:57 2015:  ite,83,0.0211693,0.00889748
Thu May 14 20:12:09 2015: ... 2000: 0.0090888031721115120076,0.012256433486938476257
layer#0:cnv/fc:dim=60000x400,n22,6.20399,nz,24000000,1,absavgw,0.00802311,avgw,-4.86017e-06,absavgi,0.0333775,avgi,-0.0333387,layer#1:cnv/fc:dim=90000x400,n22,9.58863,nz,36000000,1,absavgw,0.00808611,avgw,2.10272e-06,absavgi,0.0516884,avgi,-0.0516884,layer#2:cnv/fc:dim=800x2,n22,12.2564,nz,1600,1,absavgw,0.107666,avgw,-8.97646e-07,absavgi,0.499998,avgi,0.499998,

Thu May 14 20:12:09 2015:  ite,84,0.0213452,0.0090888
Thu May 14 20:12:21 2015: ... 2000: 0.0087265358865261082738,0.012244869232177733875
layer#0:cnv/fc:dim=60000x400,n22,6.20411,nz,24000000,1,absavgw,0.00802314,avgw,-4.85835e-06,absavgi,0.0333416,avgi,-0.0333161,layer#1:cnv/fc:dim=90000x400,n22,9.58894,nz,36000000,1,absavgw,0.00808618,avgw,2.10554e-06,absavgi,0.0516446,avgi,-0.0516446,layer#2:cnv/fc:dim=800x2,n22,12.2449,nz,1600,1,absavgw,0.10762,avgw,-9.15527e-07,absavgi,0.5,avgi,0.5,

Thu May 14 20:12:21 2015:  ite,85,0.0209714,0.00872654
Thu May 14 20:12:33 2015: ... 2000: 0.008961372017860413236,0.012224007606506347157
layer#0:cnv/fc:dim=60000x400,n22,6.2042,nz,24000000,1,absavgw,0.00802317,avgw,-4.85992e-06,absavgi,0.0334081,avgi,-0.0333995,layer#1:cnv/fc:dim=90000x400,n22,9.58922,nz,36000000,1,absavgw,0.00808622,avgw,2.10259e-06,absavgi,0.0517823,avgi,-0.0517823,layer#2:cnv/fc:dim=800x2,n22,12.224,nz,1600,1,absavgw,0.107529,avgw,-8.92878e-07,absavgi,0.499999,avgi,0.499999,

Thu May 14 20:12:33 2015:  ite,86,0.0211854,0.00896137
Thu May 14 20:12:45 2015: ... 2000: 0.0087462531328201288672,0.012197790145874022952
layer#0:cnv/fc:dim=60000x400,n22,6.2043,nz,24000000,1,absavgw,0.0080232,avgw,-4.85802e-06,absavgi,0.0333553,avgi,-0.0333553,layer#1:cnv/fc:dim=90000x400,n22,9.58947,nz,36000000,1,absavgw,0.00808627,avgw,2.10745e-06,absavgi,0.0516655,avgi,-0.0516655,layer#2:cnv/fc:dim=800x2,n22,12.1978,nz,1600,1,absavgw,0.107417,avgw,-9.08375e-07,absavgi,0.5,avgi,0.5,

Thu May 14 20:12:45 2015:  ite,87,0.020944,0.00874625
Thu May 14 20:12:57 2015: ... 2000: 0.0089745416641235347538,0.012180284500122070049
layer#0:cnv/fc:dim=60000x400,n22,6.2044,nz,24000000,1,absavgw,0.00802322,avgw,-4.85706e-06,absavgi,0.0333423,avgi,-0.0333422,layer#1:cnv/fc:dim=90000x400,n22,9.58974,nz,36000000,1,absavgw,0.00808633,avgw,2.10651e-06,absavgi,0.0517382,avgi,-0.0517382,layer#2:cnv/fc:dim=800x2,n22,12.1803,nz,1600,1,absavgw,0.107345,avgw,-8.88109e-07,absavgi,0.5,avgi,0.5,

Thu May 14 20:12:57 2015:  ite,88,0.0211548,0.00897454
Thu May 14 20:13:08 2015: ... 2000: 0.0091058667749166488647,0.012155138015747071409
layer#0:cnv/fc:dim=60000x400,n22,6.20451,nz,24000000,1,absavgw,0.00802325,avgw,-4.85813e-06,absavgi,0.0333907,avgi,-0.0333907,layer#1:cnv/fc:dim=90000x400,n22,9.58997,nz,36000000,1,absavgw,0.00808638,avgw,2.10159e-06,absavgi,0.0519499,avgi,-0.0519499,layer#2:cnv/fc:dim=800x2,n22,12.1551,nz,1600,1,absavgw,0.107228,avgw,-8.80957e-07,absavgi,0.5,avgi,0.5,

Thu May 14 20:13:09 2015:  ite,89,0.021261,0.00910587
Thu May 14 20:13:20 2015: ... 2000: 0.0089602427929639811427,0.012128228187561035725
layer#0:cnv/fc:dim=60000x400,n22,6.20461,nz,24000000,1,absavgw,0.00802327,avgw,-4.85422e-06,absavgi,0.0332731,avgi,-0.0332731,layer#1:cnv/fc:dim=90000x400,n22,9.59025,nz,36000000,1,absavgw,0.00808643,avgw,2.11013e-06,absavgi,0.0517225,avgi,-0.0517225,layer#2:cnv/fc:dim=800x2,n22,12.1282,nz,1600,1,absavgw,0.107117,avgw,-8.78572e-07,absavgi,0.5,avgi,0.5,

Thu May 14 20:13:21 2015:  ite,90,0.0210885,0.00896024
Thu May 14 20:13:32 2015: ... 2000: 0.0087903714179992670924,0.012108427047729491965
layer#0:cnv/fc:dim=60000x400,n22,6.20472,nz,24000000,1,absavgw,0.0080233,avgw,-4.85216e-06,absavgi,0.0332144,avgi,-0.0332144,layer#1:cnv/fc:dim=90000x400,n22,9.59051,nz,36000000,1,absavgw,0.00808648,avgw,2.11211e-06,absavgi,0.0517027,avgi,-0.0517027,layer#2:cnv/fc:dim=800x2,n22,12.1084,nz,1600,1,absavgw,0.107036,avgw,-8.84533e-07,absavgi,0.5,avgi,0.5,

Thu May 14 20:13:32 2015:  ite,91,0.0208988,0.00879037
Thu May 14 20:13:44 2015: ... 2000: 0.0086810494959354399941,0.012087039947509765903
layer#0:cnv/fc:dim=60000x400,n22,6.20481,nz,24000000,1,absavgw,0.00802332,avgw,-4.8504e-06,absavgi,0.0331703,avgi,-0.0331703,layer#1:cnv/fc:dim=90000x400,n22,9.59078,nz,36000000,1,absavgw,0.00808652,avgw,2.11623e-06,absavgi,0.0516124,avgi,-0.0516124,layer#2:cnv/fc:dim=800x2,n22,12.087,nz,1600,1,absavgw,0.106943,avgw,-8.7142e-07,absavgi,0.500001,avgi,0.500001,

Thu May 14 20:13:44 2015:  ite,92,0.0207681,0.00868105
Thu May 14 20:13:56 2015: ... 2000: 0.0082049853950738899783,0.012060556411743163924
layer#0:cnv/fc:dim=60000x400,n22,6.2049,nz,24000000,1,absavgw,0.00802335,avgw,-4.85037e-06,absavgi,0.0331914,avgi,-0.0331914,layer#1:cnv/fc:dim=90000x400,n22,9.59102,nz,36000000,1,absavgw,0.00808656,avgw,2.11808e-06,absavgi,0.0515962,avgi,-0.0515962,layer#2:cnv/fc:dim=800x2,n22,12.0606,nz,1600,1,absavgw,0.106829,avgw,-8.92878e-07,absavgi,0.499999,avgi,0.499999,

Thu May 14 20:13:56 2015:  ite,93,0.0202655,0.00820499
Thu May 14 20:14:07 2015: ... 2000: 0.0085513405650854117795,0.012036117553710937167
layer#0:cnv/fc:dim=60000x400,n22,6.205,nz,24000000,1,absavgw,0.00802338,avgw,-4.8476e-06,absavgi,0.0331234,avgi,-0.0331234,layer#1:cnv/fc:dim=90000x400,n22,9.59128,nz,36000000,1,absavgw,0.00808662,avgw,2.12054e-06,absavgi,0.051566,avgi,-0.051566,layer#2:cnv/fc:dim=800x2,n22,12.0361,nz,1600,1,absavgw,0.10673,avgw,-8.47578e-07,absavgi,0.500001,avgi,0.500001,

Thu May 14 20:14:08 2015:  ite,94,0.0205875,0.00855134
Thu May 14 20:14:19 2015: ... 2000: 0.0085645530968904495794,0.012022317886352539354
layer#0:cnv/fc:dim=60000x400,n22,6.2051,nz,24000000,1,absavgw,0.0080234,avgw,-4.84631e-06,absavgi,0.0331083,avgi,-0.0331083,layer#1:cnv/fc:dim=90000x400,n22,9.59156,nz,36000000,1,absavgw,0.00808668,avgw,2.12713e-06,absavgi,0.051414,avgi,-0.051414,layer#2:cnv/fc:dim=800x2,n22,12.0223,nz,1600,1,absavgw,0.106671,avgw,-8.78572e-07,absavgi,0.5,avgi,0.5,

Thu May 14 20:14:19 2015:  ite,95,0.0205869,0.00856455
Thu May 14 20:14:31 2015: ... 2000: 0.0083093914091587062209,0.012006636619567872051
layer#0:cnv/fc:dim=60000x400,n22,6.2052,nz,24000000,1,absavgw,0.00802342,avgw,-4.84658e-06,absavgi,0.0331222,avgi,-0.0331222,layer#1:cnv/fc:dim=90000x400,n22,9.59181,nz,36000000,1,absavgw,0.00808672,avgw,2.12301e-06,absavgi,0.0515876,avgi,-0.0515876,layer#2:cnv/fc:dim=800x2,n22,12.0066,nz,1600,1,absavgw,0.106602,avgw,-8.54731e-07,absavgi,0.5,avgi,0.5,

Thu May 14 20:14:31 2015:  ite,96,0.020316,0.00830939
Thu May 14 20:14:43 2015: ... 2000: 0.0085961302071809776726,0.011992832183837891236
layer#0:cnv/fc:dim=60000x400,n22,6.2053,nz,24000000,1,absavgw,0.00802344,avgw,-4.84412e-06,absavgi,0.0330734,avgi,-0.0330734,layer#1:cnv/fc:dim=90000x400,n22,9.59209,nz,36000000,1,absavgw,0.00808678,avgw,2.12687e-06,absavgi,0.0515416,avgi,-0.0515416,layer#2:cnv/fc:dim=800x2,n22,11.9928,nz,1600,1,absavgw,0.106548,avgw,-8.73804e-07,absavgi,0.5,avgi,0.5,

Thu May 14 20:14:43 2015:  ite,97,0.020589,0.00859613
Thu May 14 20:14:54 2015: ... 2000: 0.0087641279846429817613,0.011983304977416993006
layer#0:cnv/fc:dim=60000x400,n22,6.20543,nz,24000000,1,absavgw,0.00802347,avgw,-4.84273e-06,absavgi,0.0330547,avgi,-0.0330547,layer#1:cnv/fc:dim=90000x400,n22,9.59239,nz,36000000,1,absavgw,0.00808683,avgw,2.12604e-06,absavgi,0.0516255,avgi,-0.0516255,layer#2:cnv/fc:dim=800x2,n22,11.9833,nz,1600,1,absavgw,0.106514,avgw,-8.45194e-07,absavgi,0.500001,avgi,0.500001,

Thu May 14 20:14:55 2015:  ite,98,0.0207474,0.00876413
Thu May 14 20:15:06 2015: ... 2000: 0.0086330291777849191281,0.011958617210388183816
layer#0:cnv/fc:dim=60000x400,n22,6.20551,nz,24000000,1,absavgw,0.0080235,avgw,-4.84127e-06,absavgi,0.033033,avgi,-0.033033,layer#1:cnv/fc:dim=90000x400,n22,9.59264,nz,36000000,1,absavgw,0.00808688,avgw,2.12895e-06,absavgi,0.0515876,avgi,-0.0515876,layer#2:cnv/fc:dim=800x2,n22,11.9586,nz,1600,1,absavgw,0.106411,avgw,-8.58307e-07,absavgi,0.5,avgi,0.5,

Thu May 14 20:15:06 2015:  ite,99,0.0205916,0.00863303
Thu May 14 20:15:18 2015: ... 2000: 0.0085321120321750643783,0.011940351486206054674
layer#0:cnv/fc:dim=60000x400,n22,6.20561,nz,24000000,1,absavgw,0.00802351,avgw,-4.83931e-06,absavgi,0.0329919,avgi,-0.0329919,layer#1:cnv/fc:dim=90000x400,n22,9.59289,nz,36000000,1,absavgw,0.00808693,avgw,2.13078e-06,absavgi,0.051595,avgi,-0.051595,layer#2:cnv/fc:dim=800x2,n22,11.9404,nz,1600,1,absavgw,0.106332,avgw,-8.60691e-07,absavgi,0.5,avgi,0.5,

Thu May 14 20:15:19 2015:  ite,100,0.0204725,0.00853211, test-loss,0.218644866943359, perf,0.335
Thu May 14 20:15:19 2015: Done ...
elapsed: 1191.32
