Using GPU#0
--------------------
nodes=1000 resnorm_width=1000 data_dir=data trnname=hn_train- tstname=hn_test- data_ext0=p2 data_ext1=p3 reg_L2=0 top_reg_L2=1e-3 step_size=0.25 top_dropout=0.5 test_interval=25 evaluation_fn=perf/hn_1kb2_seq2_bow-perf_2015_05_14_19_17_04.csv extension=multi conn0=0-top conn1=1-top loss=Square num_iterations=100 step_size_scheduler=Few step_size_decay=0.1 step_size_decay_at=80 mini_batch_size=100 layers=2 random_seed=1 datatype=sparse_multi x_ext=.xsmatvar y_ext=.y 0dataset_no=0 1dataset_no=1 momentum=0.9 init_weight=0.01 init_intercept=0 resnorm_type=Cross resnorm_alpha=1 resnorm_beta=0.5 pooling_type=Max num_pooling=1 activ_type=Rect
--------------------
"cnn": 
   datatype=sparse_multi
   trnname=hn_train-
   tstname=hn_test-
   data_ext0=p2
   data_ext1=p3

   data_dir=data
   x_ext=.xsmatvar
   y_ext=.y
   num_batches=1

   extension=multi
   evaluation_fn=perf/hn_1kb2_seq2_bow-perf_2015_05_14_19_17_04.csv
   Log:ON
   gpu_max_threads=1024
   gpu_max_blocks=65535
Thu May 14 19:17:05 2015: hn_train-p2 batch#1
Thu May 14 19:17:05 2015:   #row=60000 #col=2293090 nz per col=1.89727
Thu May 14 19:17:05 2015: #data = 2000
Thu May 14 19:17:05 2015: target-min,max=0,1
Thu May 14 19:17:05 2015: Checking data compatibility between batches ... 
Thu May 14 19:17:05 2015: hn_train-p3 batch#1
Thu May 14 19:17:05 2015:   #row=90000 #col=2312761 nz per col=2.8217
Thu May 14 19:17:05 2015: #data = 2000
Thu May 14 19:17:05 2015: Checking data compatibility between batches ... 
Thu May 14 19:17:05 2015: hn_test-p2 batch#1
Thu May 14 19:17:06 2015:   #row=60000 #col=246625 nz per col=1.83079
Thu May 14 19:17:06 2015: #data = 200
Thu May 14 19:17:06 2015: target-min,max=0,1
Thu May 14 19:17:06 2015: Checking data compatibility between batches ... 
Thu May 14 19:17:06 2015: hn_test-p3 batch#1
Thu May 14 19:17:06 2015:   #row=90000 #col=252076 nz per col=2.6868
Thu May 14 19:17:06 2015: #data = 200
Thu May 14 19:17:06 2015: Checking data compatibility between batches ... 
Thu May 14 19:17:06 2015: Start ... #train=2000, #test=200
--------------------
Thu May 14 19:17:06 2015: Data signature: [0]dim:1;channel:60000;size0:-1;[1]dim:1;channel:90000;size0:-1;
Thu May 14 19:17:06 2015: #class=2

   layers=2
   save_fn=
   initial_iteration=0
   test_interval=25
   num_iterations=100
   random_seed=1
   mini_batch_size=100
   loss=Square

   step_size_scheduler=Few
   step_size_decay=0.1
   step_size_decay_at=80

   test_mini_batch_size=100

   conn0=0-top
   conn1=1-top

   0dataset_no=0
Cold-starting (variable-size input) layer#0

   0init_weight=0.01
   0init_intercept=0
   0reg_L2=0

   0step_size=0.25
   0step_sizeb_coeff=1
   0momentum=0.9

   0nodes=1000

   0activ_type=Rect

   0pooling_type=Max
   0pooling_stride=1

   0num_pooling=1

   0resnorm_type=Cross
   0resnorm_alpha=1
   0resnorm_beta=0.5
   0resnorm_one=1
   0resnorm_width=1000
   --------  weights  --------
   input dim: 60000
   output dim: 1000
   #weights: 60000000
   ---------------------------

   1dataset_no=1
Cold-starting (variable-size input) layer#1

   1init_weight=0.01
   1init_intercept=0
   1reg_L2=0

   1step_size=0.25
   1step_sizeb_coeff=1
   1momentum=0.9

   1nodes=1000

   1activ_type=Rect

   1pooling_type=Max
   1pooling_stride=1

   1num_pooling=1

   1resnorm_type=Cross
   1resnorm_alpha=1
   1resnorm_beta=0.5
   1resnorm_one=1
   1resnorm_width=1000
   --------  weights  --------
   input dim: 90000
   output dim: 1000
   #weights: 90000000
   ---------------------------
Cold-starting connector#3  (0,1) -> (2)
Cold-starting the top layer

   top_init_weight=0.01
   top_init_intercept=0
   top_reg_L2=0.001

   top_step_size=0.25
   top_step_sizeb_coeff=1
   top_momentum=0.9

   top_dropout=0.5
   ------  top layer  ------
   input: 1
   --------  weights  --------
   input dim: 2000
   output dim: 2
   #weights: 4000
   ---------------------------
Thu May 14 19:17:22 2015: supervised training: #hidden=2
Thu May 14 19:17:22 2015: Resetting step-sizes to eta0 ...
layer#0:cnv/fc:dim=60000x1000,n22,5.99801,nz,60000000,1,absavgw,0.00797727,avgw,-2.03414e-06,absavgi,0,avgi,0,layer#1:cnv/fc:dim=90000x1000,n22,8.99848,nz,90000000,1,absavgw,0.00797823,avgw,5.53599e-07,absavgi,0,avgi,0,layer#2:cnv/fc:dim=2000x2,n22,0.197729,nz,4000,1,absavgw,0.00789989,avgw,0.00014411,absavgi,0,avgi,0,

throwIfError: _AzParr::free_alloc AzPmat::reform_noinit inp_num=124132000  
 cudaGetErrorString returned out of memory
!cuda error! : (Detected in _AzParr::free_alloc) 
 AzPmat::reform_noinit inp_num=124132000

