Using GPU#0
--------------------
nodes=500 resnorm_width=500 data_dir=data trnname=hn_train- tstname=hn_test- data_ext0=p2 data_ext1=p3 reg_L2=0 top_reg_L2=1e-3 step_size=0.25 top_dropout=0.5 test_interval=25 evaluation_fn=perf/hn_1kb2_seq2-perf_2015_05_17_01_33_41.csv extension=multi conn0=0-top conn1=1-top loss=Square num_iterations=100 step_size_scheduler=Few step_size_decay=0.1 step_size_decay_at=80 mini_batch_size=100 layers=2 random_seed=1 datatype=sparse_multi x_ext=.xsmatvar y_ext=.y 0dataset_no=0 1dataset_no=1 momentum=0.9 init_weight=0.01 init_intercept=0 resnorm_type=Cross resnorm_alpha=1 resnorm_beta=0.5 pooling_type=Max num_pooling=1 activ_type=Rect
--------------------
"cnn": 
   datatype=sparse_multi
   trnname=hn_train-
   tstname=hn_test-
   data_ext0=p2
   data_ext1=p3

   data_dir=data
   x_ext=.xsmatvar
   y_ext=.y
   num_batches=1

   extension=multi
   evaluation_fn=perf/hn_1kb2_seq2-perf_2015_05_17_01_33_41.csv
   Log:ON
   gpu_max_threads=1024
   gpu_max_blocks=65535
Sun May 17 01:33:43 2015: hn_train-p2 batch#1
Sun May 17 01:33:46 2015:   #row=60000 #col=4683440 nz per col=1.8774
Sun May 17 01:33:46 2015: #data = 4000
Sun May 17 01:33:46 2015: target-min,max=0,1
Sun May 17 01:33:46 2015: Checking data compatibility between batches ... 
Sun May 17 01:33:46 2015: hn_train-p3 batch#1
Sun May 17 01:33:47 2015:   #row=90000 #col=4733950 nz per col=2.78605
Sun May 17 01:33:47 2015: #data = 4000
Sun May 17 01:33:47 2015: Checking data compatibility between batches ... 
Sun May 17 01:33:47 2015: hn_test-p2 batch#1
Sun May 17 01:33:47 2015:   #row=60000 #col=387999 nz per col=1.86513
Sun May 17 01:33:47 2015: #data = 400
Sun May 17 01:33:47 2015: target-min,max=0,1
Sun May 17 01:33:47 2015: Checking data compatibility between batches ... 
Sun May 17 01:33:47 2015: hn_test-p3 batch#1
Sun May 17 01:33:47 2015:   #row=90000 #col=392550 nz per col=2.76526
Sun May 17 01:33:47 2015: #data = 400
Sun May 17 01:33:47 2015: Checking data compatibility between batches ... 
Sun May 17 01:33:47 2015: Start ... #train=4000, #test=400
--------------------
Sun May 17 01:33:47 2015: Data signature: [0]dim:1;channel:60000;size0:-1;[1]dim:1;channel:90000;size0:-1;
Sun May 17 01:33:47 2015: #class=2

   layers=2
   save_fn=
   initial_iteration=0
   test_interval=25
   num_iterations=100
   random_seed=1
   mini_batch_size=100
   loss=Square

   step_size_scheduler=Few
   step_size_decay=0.1
   step_size_decay_at=80

   test_mini_batch_size=100

   conn0=0-top
   conn1=1-top

   0dataset_no=0
Cold-starting (variable-size input) layer#0

   0init_weight=0.01
   0init_intercept=0
   0reg_L2=0

   0step_size=0.25
   0step_sizeb_coeff=1
   0momentum=0.9

   0nodes=500

   0activ_type=Rect

   0pooling_type=Max
   0pooling_stride=1

   0num_pooling=1

   0resnorm_type=Cross
   0resnorm_alpha=1
   0resnorm_beta=0.5
   0resnorm_one=1
   0resnorm_width=500
   --------  weights  --------
   input dim: 60000
   output dim: 500
   #weights: 30000000
   ---------------------------

   1dataset_no=1
Cold-starting (variable-size input) layer#1

   1init_weight=0.01
   1init_intercept=0
   1reg_L2=0

   1step_size=0.25
   1step_sizeb_coeff=1
   1momentum=0.9

   1nodes=500

   1activ_type=Rect

   1pooling_type=Max
   1pooling_stride=1

   1num_pooling=1

   1resnorm_type=Cross
   1resnorm_alpha=1
   1resnorm_beta=0.5
   1resnorm_one=1
   1resnorm_width=500
   --------  weights  --------
   input dim: 90000
   output dim: 500
   #weights: 45000000
   ---------------------------
Cold-starting connector#3  (0,1) -> (2)
Cold-starting the top layer

   top_init_weight=0.01
   top_init_intercept=0
   top_reg_L2=0.001

   top_step_size=0.25
   top_step_sizeb_coeff=1
   top_momentum=0.9

   top_dropout=0.5
   ------  top layer  ------
   input: 1
   --------  weights  --------
   input dim: 1000
   output dim: 2
   #weights: 2000
   ---------------------------
Sun May 17 01:33:55 2015: supervised training: #hidden=2
Sun May 17 01:33:55 2015: Resetting step-sizes to eta0 ...
layer#0:cnv/fc:dim=60000x500,n22,5.99888,nz,30000000,1,absavgw,0.00797802,avgw,-4.03864e-06,absavgi,0,avgi,0,layer#1:cnv/fc:dim=90000x500,n22,8.99512,nz,45000000,1,absavgw,0.00797624,avgw,-5.72735e-07,absavgi,0,avgi,0,layer#2:cnv/fc:dim=1000x2,n22,0.0996207,nz,2000,1,absavgw,0.00800298,avgw,9.96153e-05,absavgi,0,avgi,0,

Sun May 17 01:34:22 2015: ... 4000: 0.28450450992584230825,0.00021975249052047729709
layer#0:cnv/fc:dim=60000x500,n22,5.9979,nz,30000000,1,absavgw,0.00797755,avgw,-4.52163e-06,absavgi,0.0147657,avgi,-0.0146995,layer#1:cnv/fc:dim=90000x500,n22,8.99409,nz,45000000,1,absavgw,0.00797585,avgw,-9.74299e-07,absavgi,0.0126392,avgi,-0.0125208,layer#2:cnv/fc:dim=1000x2,n22,0.219752,nz,2000,1,absavgw,0.012063,avgw,0.00372255,absavgi,0.481251,avgi,0.481251,

Sun May 17 01:34:24 2015:  ite,1,0.284724,0.284505, test-loss,0.248382911682129, perf,0.4625
Sun May 17 01:34:51 2015: ... 4000: 0.24840808486938475985,0.00053623270988464356596
layer#0:cnv/fc:dim=60000x500,n22,5.99825,nz,30000000,1,absavgw,0.00797736,avgw,-4.75145e-06,absavgi,0.022605,avgi,-0.021865,layer#1:cnv/fc:dim=90000x500,n22,8.9943,nz,45000000,1,absavgw,0.00797576,avgw,-1.19193e-06,absavgi,0.0203127,avgi,-0.0195949,layer#2:cnv/fc:dim=1000x2,n22,0.536233,nz,2000,1,absavgw,0.018903,avgw,0.00132475,absavgi,0.477434,avgi,0.477434,

Sun May 17 01:34:52 2015:  ite,2,0.248944,0.248408
Sun May 17 01:35:18 2015: ... 4000: 0.24464795923233031982,0.00098415422439575186812
layer#0:cnv/fc:dim=60000x500,n22,5.99962,nz,30000000,1,absavgw,0.00797727,avgw,-4.95078e-06,absavgi,0.0297232,avgi,-0.0279636,layer#1:cnv/fc:dim=90000x500,n22,8.99553,nz,45000000,1,absavgw,0.00797578,avgw,-1.40573e-06,absavgi,0.0273792,avgi,-0.0264949,layer#2:cnv/fc:dim=1000x2,n22,0.984154,nz,2000,1,absavgw,0.0254366,avgw,0.000644143,absavgi,0.490717,avgi,0.490717,

Sun May 17 01:35:19 2015:  ite,3,0.245632,0.244648
Sun May 17 01:35:45 2015: ... 4000: 0.24185837793350220548,0.0013879368305206299036
layer#0:cnv/fc:dim=60000x500,n22,6.00185,nz,30000000,1,absavgw,0.00797739,avgw,-5.16021e-06,absavgi,0.0353322,avgi,-0.0344507,layer#1:cnv/fc:dim=90000x500,n22,8.99797,nz,45000000,1,absavgw,0.00797602,avgw,-1.64838e-06,absavgi,0.0350778,avgi,-0.0344402,layer#2:cnv/fc:dim=1000x2,n22,1.38794,nz,2000,1,absavgw,0.0305442,avgw,0.000447067,absavgi,0.494981,avgi,0.494981,

Sun May 17 01:35:46 2015:  ite,4,0.243246,0.241858
Sun May 17 01:36:13 2015: ... 4000: 0.23051608800888062634,0.002172079801559448093
layer#0:cnv/fc:dim=60000x500,n22,6.00554,nz,30000000,1,absavgw,0.00797785,avgw,-5.15862e-06,absavgi,0.0353316,avgi,-0.0345834,layer#1:cnv/fc:dim=90000x500,n22,9.00281,nz,45000000,1,absavgw,0.00797669,avgw,-1.6658e-06,absavgi,0.0366917,avgi,-0.0356424,layer#2:cnv/fc:dim=1000x2,n22,2.17208,nz,2000,1,absavgw,0.0386753,avgw,0.000371981,absavgi,0.497266,avgi,0.497266,

Sun May 17 01:36:13 2015:  ite,5,0.232688,0.230516
Sun May 17 01:36:40 2015: ... 4000: 0.21875156307220458562,0.003573323965072631829
layer#0:cnv/fc:dim=60000x500,n22,6.01099,nz,30000000,1,absavgw,0.00797857,avgw,-5.18109e-06,absavgi,0.0363712,avgi,-0.035763,layer#1:cnv/fc:dim=90000x500,n22,9.01076,nz,45000000,1,absavgw,0.00797796,avgw,-1.68522e-06,absavgi,0.0384581,avgi,-0.0374669,layer#2:cnv/fc:dim=1000x2,n22,3.57332,nz,2000,1,absavgw,0.0499406,avgw,0.000288167,absavgi,0.497712,avgi,0.497712,

Sun May 17 01:36:40 2015:  ite,6,0.222325,0.218752
Sun May 17 01:37:07 2015: ... 4000: 0.20301978492736816317,0.0056328382492065428092
layer#0:cnv/fc:dim=60000x500,n22,6.01821,nz,30000000,1,absavgw,0.00797982,avgw,-5.13962e-06,absavgi,0.0363103,avgi,-0.0354065,layer#1:cnv/fc:dim=90000x500,n22,9.02326,nz,45000000,1,absavgw,0.00798011,avgw,-1.63097e-06,absavgi,0.0399926,avgi,-0.0379241,layer#2:cnv/fc:dim=1000x2,n22,5.63284,nz,2000,1,absavgw,0.0629438,avgw,0.000236601,absavgi,0.498787,avgi,0.498787,

Sun May 17 01:37:07 2015:  ite,7,0.208653,0.20302
Sun May 17 01:37:34 2015: ... 4000: 0.19958257889747618719,0.0074287471771240232155
layer#0:cnv/fc:dim=60000x500,n22,6.02785,nz,30000000,1,absavgw,0.00798153,avgw,-5.02531e-06,absavgi,0.0366401,avgi,-0.0336576,layer#1:cnv/fc:dim=90000x500,n22,9.04156,nz,45000000,1,absavgw,0.00798342,avgw,-1.4891e-06,absavgi,0.0385917,avgi,-0.037066,layer#2:cnv/fc:dim=1000x2,n22,7.42875,nz,2000,1,absavgw,0.0730943,avgw,0.000176749,absavgi,0.498188,avgi,0.498188,

Sun May 17 01:37:35 2015:  ite,8,0.207011,0.199583
Sun May 17 01:38:01 2015: ... 4000: 0.17923951768875120982,0.0095771799087524412536
layer#0:cnv/fc:dim=60000x500,n22,6.03811,nz,30000000,1,absavgw,0.00798346,avgw,-5.06841e-06,absavgi,0.0386362,avgi,-0.0371945,layer#1:cnv/fc:dim=90000x500,n22,9.06325,nz,45000000,1,absavgw,0.00798755,avgw,-1.47547e-06,absavgi,0.0418769,avgi,-0.0409454,layer#2:cnv/fc:dim=1000x2,n22,9.57718,nz,2000,1,absavgw,0.0834547,avgw,0.000156721,absavgi,0.499596,avgi,0.499596,

Sun May 17 01:38:02 2015:  ite,9,0.188817,0.17924
Sun May 17 01:38:28 2015: ... 4000: 0.15359150743484498158,0.012750146865844726174
layer#0:cnv/fc:dim=60000x500,n22,6.04946,nz,30000000,1,absavgw,0.0079858,avgw,-4.93924e-06,absavgi,0.0370218,avgi,-0.0359548,layer#1:cnv/fc:dim=90000x500,n22,9.08952,nz,45000000,1,absavgw,0.0079929,avgw,-1.28161e-06,absavgi,0.0409476,avgi,-0.0404345,layer#2:cnv/fc:dim=1000x2,n22,12.7501,nz,2000,1,absavgw,0.0965333,avgw,0.000123713,absavgi,0.499027,avgi,0.499027,

Sun May 17 01:38:29 2015:  ite,10,0.166342,0.153592
Sun May 17 01:38:55 2015: ... 4000: 0.13379809904098510787,0.016183216094970705179
layer#0:cnv/fc:dim=60000x500,n22,6.06189,nz,30000000,1,absavgw,0.00798857,avgw,-4.85569e-06,absavgi,0.0378106,avgi,-0.0365555,layer#1:cnv/fc:dim=90000x500,n22,9.12023,nz,45000000,1,absavgw,0.00799923,avgw,-1.17967e-06,absavgi,0.0438382,avgi,-0.0431597,layer#2:cnv/fc:dim=1000x2,n22,16.1832,nz,2000,1,absavgw,0.109183,avgw,0.000105345,absavgi,0.499472,avgi,0.499472,

Sun May 17 01:38:56 2015:  ite,11,0.149981,0.133798
Sun May 17 01:39:22 2015: ... 4000: 0.11963054966926574274,0.018719631195068361235
layer#0:cnv/fc:dim=60000x500,n22,6.07493,nz,30000000,1,absavgw,0.00799151,avgw,-4.79377e-06,absavgi,0.039186,avgi,-0.0381979,layer#1:cnv/fc:dim=90000x500,n22,9.15489,nz,45000000,1,absavgw,0.00800644,avgw,-1.03216e-06,absavgi,0.0465546,avgi,-0.0463797,layer#2:cnv/fc:dim=1000x2,n22,18.7196,nz,2000,1,absavgw,0.117808,avgw,9.15909e-05,absavgi,0.499841,avgi,0.499841,

Sun May 17 01:39:23 2015:  ite,12,0.13835,0.119631
Sun May 17 01:39:50 2015: ... 4000: 0.10022999262809753618,0.021103616714477538285
layer#0:cnv/fc:dim=60000x500,n22,6.0878,nz,30000000,1,absavgw,0.00799453,avgw,-4.61481e-06,absavgi,0.0376671,avgi,-0.0369109,layer#1:cnv/fc:dim=90000x500,n22,9.19032,nz,45000000,1,absavgw,0.008014,avgw,-7.63971e-07,absavgi,0.0465258,avgi,-0.0464544,layer#2:cnv/fc:dim=1000x2,n22,21.1036,nz,2000,1,absavgw,0.12543,avgw,7.5264e-05,absavgi,0.499625,avgi,0.499625,

Sun May 17 01:39:50 2015:  ite,13,0.121334,0.10023
Sun May 17 01:40:17 2015: ... 4000: 0.074060997605323794502,0.024016742706298829096
layer#0:cnv/fc:dim=60000x500,n22,6.09869,nz,30000000,1,absavgw,0.00799739,avgw,-4.52848e-06,absavgi,0.0388322,avgi,-0.0380546,layer#1:cnv/fc:dim=90000x500,n22,9.22228,nz,45000000,1,absavgw,0.00802098,avgw,-5.34274e-07,absavgi,0.0472765,avgi,-0.0472239,layer#2:cnv/fc:dim=1000x2,n22,24.0167,nz,2000,1,absavgw,0.133849,avgw,6.70967e-05,absavgi,0.500004,avgi,0.500004,

Sun May 17 01:40:17 2015:  ite,14,0.0980777,0.074061
Sun May 17 01:40:44 2015: ... 4000: 0.062534206151962284936,0.025847839355468749112
layer#0:cnv/fc:dim=60000x500,n22,6.10892,nz,30000000,1,absavgw,0.0080001,avgw,-4.43257e-06,absavgi,0.0385033,avgi,-0.0383348,layer#1:cnv/fc:dim=90000x500,n22,9.25301,nz,45000000,1,absavgw,0.00802765,avgw,-3.44417e-07,absavgi,0.047783,avgi,-0.0477654,layer#2:cnv/fc:dim=1000x2,n22,25.8478,nz,2000,1,absavgw,0.139041,avgw,5.47295e-05,absavgi,0.499644,avgi,0.499644,

Sun May 17 01:40:44 2015:  ite,15,0.088382,0.0625342
Sun May 17 01:41:11 2015: ... 4000: 0.060210121989250180163,0.026386119842529295876
layer#0:cnv/fc:dim=60000x500,n22,6.11862,nz,30000000,1,absavgw,0.00800268,avgw,-4.31068e-06,absavgi,0.0385606,avgi,-0.0379716,layer#1:cnv/fc:dim=90000x500,n22,9.28342,nz,45000000,1,absavgw,0.00803415,avgw,-1.84504e-07,absavgi,0.0499111,avgi,-0.0498004,layer#2:cnv/fc:dim=1000x2,n22,26.3861,nz,2000,1,absavgw,0.140635,avgw,5.34e-05,absavgi,0.499962,avgi,0.499962,

Sun May 17 01:41:11 2015:  ite,16,0.0865962,0.0602101
Sun May 17 01:41:38 2015: ... 4000: 0.056518411755561825949,0.026235744476318361568
layer#0:cnv/fc:dim=60000x500,n22,6.12833,nz,30000000,1,absavgw,0.00800521,avgw,-4.19055e-06,absavgi,0.0380169,avgi,-0.0377064,layer#1:cnv/fc:dim=90000x500,n22,9.31404,nz,45000000,1,absavgw,0.00804055,avgw,-1.88694e-08,absavgi,0.0515922,avgi,-0.0515922,layer#2:cnv/fc:dim=1000x2,n22,26.2357,nz,2000,1,absavgw,0.140512,avgw,4.58717e-05,absavgi,0.499901,avgi,0.499901,

Sun May 17 01:41:38 2015:  ite,17,0.0827542,0.0565184
Sun May 17 01:42:05 2015: ... 4000: 0.044365499615669247435,0.026371994018554688333
layer#0:cnv/fc:dim=60000x500,n22,6.13661,nz,30000000,1,absavgw,0.00800739,avgw,-4.05879e-06,absavgi,0.0370568,avgi,-0.0366293,layer#1:cnv/fc:dim=90000x500,n22,9.33999,nz,45000000,1,absavgw,0.00804614,avgw,1.53118e-07,absavgi,0.0523306,avgi,-0.0523135,layer#2:cnv/fc:dim=1000x2,n22,26.372,nz,2000,1,absavgw,0.141066,avgw,3.88451e-05,absavgi,0.499922,avgi,0.499922,

Sun May 17 01:42:05 2015:  ite,18,0.0707375,0.0443655
Sun May 17 01:42:32 2015: ... 4000: 0.036060394048690797009,0.026390029907226563582
layer#0:cnv/fc:dim=60000x500,n22,6.14318,nz,30000000,1,absavgw,0.00800926,avgw,-4.04812e-06,absavgi,0.0386373,avgi,-0.0384902,layer#1:cnv/fc:dim=90000x500,n22,9.36192,nz,45000000,1,absavgw,0.00805084,avgw,3.16298e-07,absavgi,0.0519907,avgi,-0.0519907,layer#2:cnv/fc:dim=1000x2,n22,26.39,nz,2000,1,absavgw,0.141238,avgw,3.2423e-05,absavgi,0.499947,avgi,0.499947,

Sun May 17 01:42:32 2015:  ite,19,0.0624504,0.0360604
Sun May 17 01:42:59 2015: ... 4000: 0.031159164071083069597,0.025928375244140624417
layer#0:cnv/fc:dim=60000x500,n22,6.14888,nz,30000000,1,absavgw,0.00801089,avgw,-3.98111e-06,absavgi,0.0386197,avgi,-0.0385147,layer#1:cnv/fc:dim=90000x500,n22,9.38061,nz,45000000,1,absavgw,0.00805493,avgw,3.9455e-07,absavgi,0.0534499,avgi,-0.0534499,layer#2:cnv/fc:dim=1000x2,n22,25.9284,nz,2000,1,absavgw,0.139995,avgw,2.88925e-05,absavgi,0.499942,avgi,0.499942,

Sun May 17 01:43:00 2015:  ite,20,0.0570875,0.0311592
Sun May 17 01:43:26 2015: ... 4000: 0.028636492073535919911,0.025408498764038087853
layer#0:cnv/fc:dim=60000x500,n22,6.15434,nz,30000000,1,absavgw,0.00801239,avgw,-3.91124e-06,absavgi,0.038012,avgi,-0.0378288,layer#1:cnv/fc:dim=90000x500,n22,9.39791,nz,45000000,1,absavgw,0.00805871,avgw,5.34447e-07,absavgi,0.0524135,avgi,-0.0524135,layer#2:cnv/fc:dim=1000x2,n22,25.4085,nz,2000,1,absavgw,0.138567,avgw,2.39887e-05,absavgi,0.499997,avgi,0.499997,

Sun May 17 01:43:27 2015:  ite,21,0.054045,0.0286365
Sun May 17 01:43:53 2015: ... 4000: 0.027028910994529725675,0.024831192016601562333
layer#0:cnv/fc:dim=60000x500,n22,6.15954,nz,30000000,1,absavgw,0.00801378,avgw,-3.85628e-06,absavgi,0.037913,avgi,-0.0378775,layer#1:cnv/fc:dim=90000x500,n22,9.41439,nz,45000000,1,absavgw,0.00806223,avgw,6.04123e-07,absavgi,0.0539902,avgi,-0.0539902,layer#2:cnv/fc:dim=1000x2,n22,24.8312,nz,2000,1,absavgw,0.137057,avgw,2.12231e-05,absavgi,0.499941,avgi,0.499941,

Sun May 17 01:43:54 2015:  ite,22,0.0518601,0.0270289
Sun May 17 01:44:20 2015: ... 4000: 0.027510269761085510976,0.024168697357177734708
layer#0:cnv/fc:dim=60000x500,n22,6.16419,nz,30000000,1,absavgw,0.00801509,avgw,-3.83091e-06,absavgi,0.0387255,avgi,-0.0386221,layer#1:cnv/fc:dim=90000x500,n22,9.43043,nz,45000000,1,absavgw,0.00806564,avgw,7.25692e-07,absavgi,0.053956,avgi,-0.0539115,layer#2:cnv/fc:dim=1000x2,n22,24.1687,nz,2000,1,absavgw,0.135272,avgw,1.93176e-05,absavgi,0.49997,avgi,0.49997,

Sun May 17 01:44:21 2015:  ite,23,0.051679,0.0275103
Sun May 17 01:44:47 2015: ... 4000: 0.026183569878339765791,0.023554353713989256702
layer#0:cnv/fc:dim=60000x500,n22,6.16944,nz,30000000,1,absavgw,0.00801649,avgw,-3.75927e-06,absavgi,0.038196,avgi,-0.0379863,layer#1:cnv/fc:dim=90000x500,n22,9.44739,nz,45000000,1,absavgw,0.00806917,avgw,8.36549e-07,absavgi,0.0543426,avgi,-0.0543426,layer#2:cnv/fc:dim=1000x2,n22,23.5544,nz,2000,1,absavgw,0.133563,avgw,1.75781e-05,absavgi,0.499994,avgi,0.499994,

Sun May 17 01:44:48 2015:  ite,24,0.0497379,0.0261836
Sun May 17 01:45:15 2015: ... 4000: 0.023569814085960389544,0.023008026123046875638
layer#0:cnv/fc:dim=60000x500,n22,6.17361,nz,30000000,1,absavgw,0.0080177,avgw,-3.71406e-06,absavgi,0.0380745,avgi,-0.0380568,layer#1:cnv/fc:dim=90000x500,n22,9.46158,nz,45000000,1,absavgw,0.00807227,avgw,9.50107e-07,absavgi,0.0543282,avgi,-0.0543282,layer#2:cnv/fc:dim=1000x2,n22,23.008,nz,2000,1,absavgw,0.132055,avgw,1.59721e-05,absavgi,0.499997,avgi,0.499997,

Sun May 17 01:45:17 2015:  ite,25,0.0465778,0.0235698, test-loss,0.223847389221191, perf,0.36
Sun May 17 01:45:43 2015: ... 4000: 0.021148148596286771989,0.022631196975708006702
layer#0:cnv/fc:dim=60000x500,n22,6.17769,nz,30000000,1,absavgw,0.00801886,avgw,-3.6857e-06,absavgi,0.038257,avgi,-0.0382331,layer#1:cnv/fc:dim=90000x500,n22,9.47496,nz,45000000,1,absavgw,0.00807516,avgw,9.96181e-07,absavgi,0.055378,avgi,-0.055378,layer#2:cnv/fc:dim=1000x2,n22,22.6312,nz,2000,1,absavgw,0.130934,avgw,1.40743e-05,absavgi,0.499978,avgi,0.499978,

Sun May 17 01:45:44 2015:  ite,26,0.0437793,0.0211481
Sun May 17 01:46:11 2015: ... 4000: 0.02095410698652267617,0.022111257553100584911
layer#0:cnv/fc:dim=60000x500,n22,6.18142,nz,30000000,1,absavgw,0.00801996,avgw,-3.64552e-06,absavgi,0.0382307,avgi,-0.0381787,layer#1:cnv/fc:dim=90000x500,n22,9.48766,nz,45000000,1,absavgw,0.00807788,avgw,1.05792e-06,absavgi,0.0559722,avgi,-0.0559722,layer#2:cnv/fc:dim=1000x2,n22,22.1113,nz,2000,1,absavgw,0.129362,avgw,1.2331e-05,absavgi,0.499995,avgi,0.499995,

Sun May 17 01:46:11 2015:  ite,27,0.0430654,0.0209541
Sun May 17 01:46:38 2015: ... 4000: 0.020843675076961516029,0.021714092254638672069
layer#0:cnv/fc:dim=60000x500,n22,6.18519,nz,30000000,1,absavgw,0.00802099,avgw,-3.60842e-06,absavgi,0.038063,avgi,-0.0380474,layer#1:cnv/fc:dim=90000x500,n22,9.5004,nz,45000000,1,absavgw,0.00808059,avgw,1.19266e-06,absavgi,0.054645,avgi,-0.054645,layer#2:cnv/fc:dim=1000x2,n22,21.7141,nz,2000,1,absavgw,0.12829,avgw,1.0622e-05,absavgi,0.499998,avgi,0.499998,

Sun May 17 01:46:38 2015:  ite,28,0.0425578,0.0208437
Sun May 17 01:47:05 2015: ... 4000: 0.019372464627027512207,0.021392780303955079985
layer#0:cnv/fc:dim=60000x500,n22,6.18899,nz,30000000,1,absavgw,0.00802202,avgw,-3.58671e-06,absavgi,0.0384114,avgi,-0.0384068,layer#1:cnv/fc:dim=90000x500,n22,9.51294,nz,45000000,1,absavgw,0.00808323,avgw,1.26612e-06,absavgi,0.0549988,avgi,-0.0549988,layer#2:cnv/fc:dim=1000x2,n22,21.3928,nz,2000,1,absavgw,0.127297,avgw,9.03702e-06,absavgi,0.499991,avgi,0.499991,

Sun May 17 01:47:05 2015:  ite,29,0.0407652,0.0193725
Sun May 17 01:47:32 2015: ... 4000: 0.019063969761133194719,0.020817882537841798235
layer#0:cnv/fc:dim=60000x500,n22,6.19232,nz,30000000,1,absavgw,0.00802298,avgw,-3.53598e-06,absavgi,0.0382386,avgi,-0.0381957,layer#1:cnv/fc:dim=90000x500,n22,9.52424,nz,45000000,1,absavgw,0.00808565,avgw,1.33599e-06,absavgi,0.0555325,avgi,-0.0555325,layer#2:cnv/fc:dim=1000x2,n22,20.8179,nz,2000,1,absavgw,0.125514,avgw,7.94029e-06,absavgi,0.499982,avgi,0.499982,

Sun May 17 01:47:32 2015:  ite,30,0.0398819,0.019064
Sun May 17 01:47:59 2015: ... 4000: 0.018942699074745179139,0.020508655548095704874
layer#0:cnv/fc:dim=60000x500,n22,6.19585,nz,30000000,1,absavgw,0.00802398,avgw,-3.50867e-06,absavgi,0.0384038,avgi,-0.0383921,layer#1:cnv/fc:dim=90000x500,n22,9.53642,nz,45000000,1,absavgw,0.00808822,avgw,1.42367e-06,absavgi,0.0555219,avgi,-0.0555219,layer#2:cnv/fc:dim=1000x2,n22,20.5087,nz,2000,1,absavgw,0.124577,avgw,7.08389e-06,absavgi,0.500004,avgi,0.500004,

Sun May 17 01:47:59 2015:  ite,31,0.0394514,0.0189427
Sun May 17 01:48:26 2015: ... 4000: 0.018691039323806762223,0.02011352729797363445
layer#0:cnv/fc:dim=60000x500,n22,6.19921,nz,30000000,1,absavgw,0.0080249,avgw,-3.49492e-06,absavgi,0.0389167,avgi,-0.0388615,layer#1:cnv/fc:dim=90000x500,n22,9.54746,nz,45000000,1,absavgw,0.00809054,avgw,1.46308e-06,absavgi,0.0568271,avgi,-0.0568271,layer#2:cnv/fc:dim=1000x2,n22,20.1135,nz,2000,1,absavgw,0.123359,avgw,6.50024e-06,absavgi,0.499986,avgi,0.499986,

Sun May 17 01:48:27 2015:  ite,32,0.0388046,0.018691
Sun May 17 01:48:53 2015: ... 4000: 0.020619068175554276789,0.019735727310180663924
layer#0:cnv/fc:dim=60000x500,n22,6.20314,nz,30000000,1,absavgw,0.00802596,avgw,-3.42761e-06,absavgi,0.03815,avgi,-0.0381344,layer#1:cnv/fc:dim=90000x500,n22,9.56053,nz,45000000,1,absavgw,0.00809316,avgw,1.60187e-06,absavgi,0.0558202,avgi,-0.0558202,layer#2:cnv/fc:dim=1000x2,n22,19.7357,nz,2000,1,absavgw,0.122265,avgw,5.77164e-06,absavgi,0.499995,avgi,0.499995,

Sun May 17 01:48:54 2015:  ite,33,0.0403548,0.0206191
Sun May 17 01:49:20 2015: ... 4000: 0.01861860230565071106,0.01951227760314941384
layer#0:cnv/fc:dim=60000x500,n22,6.20663,nz,30000000,1,absavgw,0.00802689,avgw,-3.40925e-06,absavgi,0.0387474,avgi,-0.0387287,layer#1:cnv/fc:dim=90000x500,n22,9.57207,nz,45000000,1,absavgw,0.00809552,avgw,1.67592e-06,absavgi,0.0567296,avgi,-0.0567296,layer#2:cnv/fc:dim=1000x2,n22,19.5123,nz,2000,1,absavgw,0.121614,avgw,5.23186e-06,absavgi,0.499992,avgi,0.499992,

Sun May 17 01:49:21 2015:  ite,34,0.0381309,0.0186186
Sun May 17 01:49:47 2015: ... 4000: 0.0180429495871067061,0.019088581085205079402
layer#0:cnv/fc:dim=60000x500,n22,6.20998,nz,30000000,1,absavgw,0.00802779,avgw,-3.37554e-06,absavgi,0.0386697,avgi,-0.038668,layer#1:cnv/fc:dim=90000x500,n22,9.58308,nz,45000000,1,absavgw,0.0080978,avgw,1.7648e-06,absavgi,0.0563019,avgi,-0.0563019,layer#2:cnv/fc:dim=1000x2,n22,19.0886,nz,2000,1,absavgw,0.120316,avgw,4.50516e-06,absavgi,0.499996,avgi,0.499996,

Sun May 17 01:49:48 2015:  ite,35,0.0371315,0.0180429
Sun May 17 01:50:14 2015: ... 4000: 0.016947879776358604903,0.018749530792236328985
layer#0:cnv/fc:dim=60000x500,n22,6.21316,nz,30000000,1,absavgw,0.00802866,avgw,-3.34018e-06,absavgi,0.0384786,avgi,-0.0383979,layer#1:cnv/fc:dim=90000x500,n22,9.59328,nz,45000000,1,absavgw,0.00809997,avgw,1.82942e-06,absavgi,0.0566944,avgi,-0.0566944,layer#2:cnv/fc:dim=1000x2,n22,18.7495,nz,2000,1,absavgw,0.119327,avgw,3.78036e-06,absavgi,0.499986,avgi,0.499986,

Sun May 17 01:50:15 2015:  ite,36,0.0356974,0.0169479
Sun May 17 01:50:41 2015: ... 4000: 0.016619882702827454973,0.018519817352294923318
layer#0:cnv/fc:dim=60000x500,n22,6.21632,nz,30000000,1,absavgw,0.00802952,avgw,-3.28925e-06,absavgi,0.0379218,avgi,-0.0378552,layer#1:cnv/fc:dim=90000x500,n22,9.60352,nz,45000000,1,absavgw,0.00810207,avgw,1.93929e-06,absavgi,0.0560085,avgi,-0.0560085,layer#2:cnv/fc:dim=1000x2,n22,18.5198,nz,2000,1,absavgw,0.118655,avgw,3.52097e-06,absavgi,0.499996,avgi,0.499996,

Sun May 17 01:50:42 2015:  ite,37,0.0351397,0.0166199
Sun May 17 01:51:09 2015: ... 4000: 0.017086486071348189197,0.018241804122924806103
layer#0:cnv/fc:dim=60000x500,n22,6.21936,nz,30000000,1,absavgw,0.00803035,avgw,-3.27964e-06,absavgi,0.0383209,avgi,-0.0383209,layer#1:cnv/fc:dim=90000x500,n22,9.61359,nz,45000000,1,absavgw,0.00810406,avgw,1.9784e-06,absavgi,0.0571063,avgi,-0.0571063,layer#2:cnv/fc:dim=1000x2,n22,18.2418,nz,2000,1,absavgw,0.117705,avgw,3.35312e-06,absavgi,0.500004,avgi,0.500004,

Sun May 17 01:51:09 2015:  ite,38,0.0353283,0.0170865
Sun May 17 01:51:36 2015: ... 4000: 0.015575635343790054585,0.018096820831298827958
layer#0:cnv/fc:dim=60000x500,n22,6.22231,nz,30000000,1,absavgw,0.00803117,avgw,-3.24953e-06,absavgi,0.0382913,avgi,-0.0382864,layer#1:cnv/fc:dim=90000x500,n22,9.62333,nz,45000000,1,absavgw,0.00810612,avgw,2.06674e-06,absavgi,0.0570252,avgi,-0.0570252,layer#2:cnv/fc:dim=1000x2,n22,18.0968,nz,2000,1,absavgw,0.117203,avgw,2.82097e-06,absavgi,0.499999,avgi,0.499999,

Sun May 17 01:51:36 2015:  ite,39,0.0336725,0.0155756
Sun May 17 01:52:03 2015: ... 4000: 0.017157142966985703542,0.017819274902343751332
layer#0:cnv/fc:dim=60000x500,n22,6.22529,nz,30000000,1,absavgw,0.00803199,avgw,-3.21307e-06,absavgi,0.0380572,avgi,-0.0380454,layer#1:cnv/fc:dim=90000x500,n22,9.63322,nz,45000000,1,absavgw,0.00810816,avgw,2.16278e-06,absavgi,0.0565376,avgi,-0.0565376,layer#2:cnv/fc:dim=1000x2,n22,17.8193,nz,2000,1,absavgw,0.116346,avgw,2.55966e-06,absavgi,0.500002,avgi,0.500002,

Sun May 17 01:52:03 2015:  ite,40,0.0349764,0.0171571
Sun May 17 01:52:30 2015: ... 4000: 0.015885158792138098088,0.017682579040527345721
layer#0:cnv/fc:dim=60000x500,n22,6.22834,nz,30000000,1,absavgw,0.00803284,avgw,-3.20436e-06,absavgi,0.0388213,avgi,-0.038804,layer#1:cnv/fc:dim=90000x500,n22,9.6434,nz,45000000,1,absavgw,0.0081102,avgw,2.2143e-06,absavgi,0.0576758,avgi,-0.0576758,layer#2:cnv/fc:dim=1000x2,n22,17.6826,nz,2000,1,absavgw,0.115857,avgw,2.33269e-06,absavgi,0.499996,avgi,0.499996,

Sun May 17 01:52:31 2015:  ite,41,0.0335677,0.0158852
Sun May 17 01:52:57 2015: ... 4000: 0.015431705594062804579,0.017420604705810548152
layer#0:cnv/fc:dim=60000x500,n22,6.23118,nz,30000000,1,absavgw,0.00803361,avgw,-3.15349e-06,absavgi,0.0380541,avgi,-0.0380541,layer#1:cnv/fc:dim=90000x500,n22,9.65252,nz,45000000,1,absavgw,0.00811207,avgw,2.32225e-06,absavgi,0.056539,avgi,-0.056539,layer#2:cnv/fc:dim=1000x2,n22,17.4206,nz,2000,1,absavgw,0.115077,avgw,2.08092e-06,absavgi,0.499999,avgi,0.499999,

Sun May 17 01:52:58 2015:  ite,42,0.0328523,0.0154317
Sun May 17 01:53:24 2015: ... 4000: 0.015002536267042159562,0.017382844924926758173
layer#0:cnv/fc:dim=60000x500,n22,6.23399,nz,30000000,1,absavgw,0.00803435,avgw,-3.14684e-06,absavgi,0.0387309,avgi,-0.0387309,layer#1:cnv/fc:dim=90000x500,n22,9.6617,nz,45000000,1,absavgw,0.00811397,avgw,2.38129e-06,absavgi,0.0570089,avgi,-0.0570089,layer#2:cnv/fc:dim=1000x2,n22,17.3828,nz,2000,1,absavgw,0.114965,avgw,1.91498e-06,absavgi,0.499999,avgi,0.499999,

Sun May 17 01:53:25 2015:  ite,43,0.0323854,0.0150025
Sun May 17 01:53:52 2015: ... 4000: 0.015577537506818771654,0.017067687988281250028
layer#0:cnv/fc:dim=60000x500,n22,6.23682,nz,30000000,1,absavgw,0.00803507,avgw,-3.11682e-06,absavgi,0.0383782,avgi,-0.0383782,layer#1:cnv/fc:dim=90000x500,n22,9.67064,nz,45000000,1,absavgw,0.00811581,avgw,2.44087e-06,absavgi,0.0572671,avgi,-0.0572671,layer#2:cnv/fc:dim=1000x2,n22,17.0677,nz,2000,1,absavgw,0.113858,avgw,1.59645e-06,absavgi,0.499999,avgi,0.499999,

Sun May 17 01:53:52 2015:  ite,44,0.0326452,0.0155775
Sun May 17 01:54:19 2015: ... 4000: 0.015040299549698829887,0.016984628677368163174
layer#0:cnv/fc:dim=60000x500,n22,6.23967,nz,30000000,1,absavgw,0.00803584,avgw,-3.09218e-06,absavgi,0.0386015,avgi,-0.0385925,layer#1:cnv/fc:dim=90000x500,n22,9.67984,nz,45000000,1,absavgw,0.00811768,avgw,2.49075e-06,absavgi,0.0582304,avgi,-0.0582304,layer#2:cnv/fc:dim=1000x2,n22,16.9846,nz,2000,1,absavgw,0.113627,avgw,1.46294e-06,absavgi,0.5,avgi,0.5,

Sun May 17 01:54:19 2015:  ite,45,0.0320249,0.0150403
Sun May 17 01:54:46 2015: ... 4000: 0.015986804321408271817,0.016773601531982422486
layer#0:cnv/fc:dim=60000x500,n22,6.24255,nz,30000000,1,absavgw,0.00803661,avgw,-3.04682e-06,absavgi,0.0382205,avgi,-0.0381926,layer#1:cnv/fc:dim=90000x500,n22,9.68933,nz,45000000,1,absavgw,0.0081196,avgw,2.60977e-06,absavgi,0.0569547,avgi,-0.0569547,layer#2:cnv/fc:dim=1000x2,n22,16.7736,nz,2000,1,absavgw,0.112907,avgw,1.29128e-06,absavgi,0.499998,avgi,0.499998,

Sun May 17 01:54:46 2015:  ite,46,0.0327604,0.0159868
Sun May 17 01:55:13 2015: ... 4000: 0.014026113823056220176,0.016670730590820314471
layer#0:cnv/fc:dim=60000x500,n22,6.24529,nz,30000000,1,absavgw,0.00803735,avgw,-3.01016e-06,absavgi,0.0380689,avgi,-0.0380149,layer#1:cnv/fc:dim=90000x500,n22,9.69814,nz,45000000,1,absavgw,0.00812142,avgw,2.66421e-06,absavgi,0.057554,avgi,-0.057554,layer#2:cnv/fc:dim=1000x2,n22,16.6707,nz,2000,1,absavgw,0.112595,avgw,1.19019e-06,absavgi,0.5,avgi,0.5,

Sun May 17 01:55:13 2015:  ite,47,0.0306968,0.0140261
Sun May 17 01:55:40 2015: ... 4000: 0.013421120360493659154,0.016384296417236328403
layer#0:cnv/fc:dim=60000x500,n22,6.24778,nz,30000000,1,absavgw,0.00803805,avgw,-3.01345e-06,absavgi,0.0387384,avgi,-0.0387384,layer#1:cnv/fc:dim=90000x500,n22,9.70611,nz,45000000,1,absavgw,0.00812307,avgw,2.75322e-06,absavgi,0.0566512,avgi,-0.0566512,layer#2:cnv/fc:dim=1000x2,n22,16.3843,nz,2000,1,absavgw,0.111652,avgw,1.04523e-06,absavgi,0.499999,avgi,0.499999,

Sun May 17 01:55:41 2015:  ite,48,0.0298054,0.0134211
Sun May 17 01:56:07 2015: ... 4000: 0.013785288214683532812,0.016316198348999024631
layer#0:cnv/fc:dim=60000x500,n22,6.25041,nz,30000000,1,absavgw,0.00803876,avgw,-2.97192e-06,absavgi,0.0382972,avgi,-0.0382972,layer#1:cnv/fc:dim=90000x500,n22,9.71424,nz,45000000,1,absavgw,0.00812475,avgw,2.79534e-06,absavgi,0.0575659,avgi,-0.0575659,layer#2:cnv/fc:dim=1000x2,n22,16.3162,nz,2000,1,absavgw,0.11149,avgw,9.46045e-07,absavgi,0.5,avgi,0.5,

Sun May 17 01:56:08 2015:  ite,49,0.0301015,0.0137853
Sun May 17 01:56:34 2015: ... 4000: 0.013009834960103034904,0.016141899108886720304
layer#0:cnv/fc:dim=60000x500,n22,6.25292,nz,30000000,1,absavgw,0.00803943,avgw,-2.93961e-06,absavgi,0.0381003,avgi,-0.0380987,layer#1:cnv/fc:dim=90000x500,n22,9.72216,nz,45000000,1,absavgw,0.00812636,avgw,2.86298e-06,absavgi,0.0573675,avgi,-0.0573675,layer#2:cnv/fc:dim=1000x2,n22,16.1419,nz,2000,1,absavgw,0.11089,avgw,8.43048e-07,absavgi,0.499999,avgi,0.499999,

Sun May 17 01:56:36 2015:  ite,50,0.0291517,0.0130098, test-loss,0.221896438598633, perf,0.3525
Sun May 17 01:57:03 2015: ... 4000: 0.013617032051086426156,0.015955214500427247065
layer#0:cnv/fc:dim=60000x500,n22,6.25535,nz,30000000,1,absavgw,0.00804008,avgw,-2.9298e-06,absavgi,0.0384072,avgi,-0.0384072,layer#1:cnv/fc:dim=90000x500,n22,9.72966,nz,45000000,1,absavgw,0.00812793,avgw,2.87032e-06,absavgi,0.0592253,avgi,-0.0592253,layer#2:cnv/fc:dim=1000x2,n22,15.9552,nz,2000,1,absavgw,0.1103,avgw,7.59125e-07,absavgi,0.5,avgi,0.5,

Sun May 17 01:57:03 2015:  ite,51,0.0295722,0.013617
Sun May 17 01:57:30 2015: ... 4000: 0.013352943286299705228,0.015922787666320801364
layer#0:cnv/fc:dim=60000x500,n22,6.25793,nz,30000000,1,absavgw,0.00804078,avgw,-2.91249e-06,absavgi,0.0384658,avgi,-0.0384658,layer#1:cnv/fc:dim=90000x500,n22,9.73795,nz,45000000,1,absavgw,0.00812961,avgw,2.95998e-06,absavgi,0.058374,avgi,-0.058374,layer#2:cnv/fc:dim=1000x2,n22,15.9228,nz,2000,1,absavgw,0.110192,avgw,6.59943e-07,absavgi,0.5,avgi,0.5,

Sun May 17 01:57:31 2015:  ite,52,0.0292757,0.0133529
Sun May 17 01:57:57 2015: ... 4000: 0.013406892374157906161,0.01576920604705810483
layer#0:cnv/fc:dim=60000x500,n22,6.26029,nz,30000000,1,absavgw,0.00804144,avgw,-2.90529e-06,absavgi,0.0389687,avgi,-0.0389301,layer#1:cnv/fc:dim=90000x500,n22,9.74573,nz,45000000,1,absavgw,0.00813121,avgw,3.03633e-06,absavgi,0.058165,avgi,-0.058165,layer#2:cnv/fc:dim=1000x2,n22,15.7692,nz,2000,1,absavgw,0.109711,avgw,6.14166e-07,absavgi,0.5,avgi,0.5,

Sun May 17 01:57:58 2015:  ite,53,0.0291761,0.0134069
Sun May 17 01:58:24 2015: ... 4000: 0.013025153800845146526,0.015561813354492188069
layer#0:cnv/fc:dim=60000x500,n22,6.26271,nz,30000000,1,absavgw,0.00804209,avgw,-2.86816e-06,absavgi,0.0383648,avgi,-0.0383648,layer#1:cnv/fc:dim=90000x500,n22,9.75312,nz,45000000,1,absavgw,0.00813275,avgw,3.10505e-06,absavgi,0.0582349,avgi,-0.0582349,layer#2:cnv/fc:dim=1000x2,n22,15.5618,nz,2000,1,absavgw,0.108991,avgw,5.34058e-07,absavgi,0.499999,avgi,0.499999,

Sun May 17 01:58:25 2015:  ite,54,0.028587,0.0130252
Sun May 17 01:58:51 2015: ... 4000: 0.013246042832732200442,0.015498247146606445451
layer#0:cnv/fc:dim=60000x500,n22,6.2652,nz,30000000,1,absavgw,0.00804274,avgw,-2.86148e-06,absavgi,0.0388515,avgi,-0.0388515,layer#1:cnv/fc:dim=90000x500,n22,9.76096,nz,45000000,1,absavgw,0.00813432,avgw,3.13783e-06,absavgi,0.0591324,avgi,-0.0591324,layer#2:cnv/fc:dim=1000x2,n22,15.4982,nz,2000,1,absavgw,0.108822,avgw,4.95911e-07,absavgi,0.5,avgi,0.5,

Sun May 17 01:58:52 2015:  ite,55,0.0287443,0.013246
Sun May 17 01:59:19 2015: ... 4000: 0.013271651715040206493,0.015404758453369140139
layer#0:cnv/fc:dim=60000x500,n22,6.26773,nz,30000000,1,absavgw,0.00804337,avgw,-2.84729e-06,absavgi,0.0391073,avgi,-0.0391073,layer#1:cnv/fc:dim=90000x500,n22,9.76889,nz,45000000,1,absavgw,0.00813591,avgw,3.19197e-06,absavgi,0.0593799,avgi,-0.0593799,layer#2:cnv/fc:dim=1000x2,n22,15.4048,nz,2000,1,absavgw,0.10848,avgw,4.34875e-07,absavgi,0.5,avgi,0.5,

Sun May 17 01:59:19 2015:  ite,56,0.0286764,0.0132717
Sun May 17 01:59:46 2015: ... 4000: 0.013108601838350296409,0.015191749572753905986
layer#0:cnv/fc:dim=60000x500,n22,6.27011,nz,30000000,1,absavgw,0.00804403,avgw,-2.81503e-06,absavgi,0.0388479,avgi,-0.0388479,layer#1:cnv/fc:dim=90000x500,n22,9.77647,nz,45000000,1,absavgw,0.00813741,avgw,3.2466e-06,absavgi,0.0598377,avgi,-0.0598377,layer#2:cnv/fc:dim=1000x2,n22,15.1917,nz,2000,1,absavgw,0.107668,avgw,3.89099e-07,absavgi,0.499999,avgi,0.499999,

Sun May 17 01:59:46 2015:  ite,57,0.0283004,0.0131086
Sun May 17 02:00:13 2015: ... 4000: 0.012911522835493087838,0.015141560554504395614
layer#0:cnv/fc:dim=60000x500,n22,6.27248,nz,30000000,1,absavgw,0.00804466,avgw,-2.80007e-06,absavgi,0.0391604,avgi,-0.0391604,layer#1:cnv/fc:dim=90000x500,n22,9.78405,nz,45000000,1,absavgw,0.00813896,avgw,3.33983e-06,absavgi,0.0594381,avgi,-0.0594381,layer#2:cnv/fc:dim=1000x2,n22,15.1416,nz,2000,1,absavgw,0.107485,avgw,3.66211e-07,absavgi,0.499999,avgi,0.499999,

Sun May 17 02:00:13 2015:  ite,58,0.0280531,0.0129115
Sun May 17 02:00:40 2015: ... 4000: 0.012065658897161483931,0.015032382965087890195
layer#0:cnv/fc:dim=60000x500,n22,6.2748,nz,30000000,1,absavgw,0.00804531,avgw,-2.7576e-06,absavgi,0.038321,avgi,-0.0383112,layer#1:cnv/fc:dim=90000x500,n22,9.79138,nz,45000000,1,absavgw,0.00814044,avgw,3.41351e-06,absavgi,0.0588009,avgi,-0.0588009,layer#2:cnv/fc:dim=1000x2,n22,15.0324,nz,2000,1,absavgw,0.107041,avgw,2.97546e-07,absavgi,0.5,avgi,0.5,

Sun May 17 02:00:41 2015:  ite,59,0.027098,0.0120657
Sun May 17 02:01:07 2015: ... 4000: 0.012251417309045791251,0.014990237236022949455
layer#0:cnv/fc:dim=60000x500,n22,6.27699,nz,30000000,1,absavgw,0.00804591,avgw,-2.7686e-06,absavgi,0.0391787,avgi,-0.0391787,layer#1:cnv/fc:dim=90000x500,n22,9.79861,nz,45000000,1,absavgw,0.00814185,avgw,3.47921e-06,absavgi,0.0587663,avgi,-0.0587663,layer#2:cnv/fc:dim=1000x2,n22,14.9902,nz,2000,1,absavgw,0.10693,avgw,3.0899e-07,absavgi,0.5,avgi,0.5,

Sun May 17 02:01:08 2015:  ite,60,0.0272417,0.0122514
Sun May 17 02:01:34 2015: ... 4000: 0.011787961080670357125,0.014819400787353515653
layer#0:cnv/fc:dim=60000x500,n22,6.27925,nz,30000000,1,absavgw,0.00804653,avgw,-2.73603e-06,absavgi,0.0388929,avgi,-0.0388929,layer#1:cnv/fc:dim=90000x500,n22,9.80533,nz,45000000,1,absavgw,0.00814323,avgw,3.51713e-06,absavgi,0.0595282,avgi,-0.0595282,layer#2:cnv/fc:dim=1000x2,n22,14.8194,nz,2000,1,absavgw,0.106314,avgw,2.65121e-07,absavgi,0.5,avgi,0.5,

Sun May 17 02:01:35 2015:  ite,61,0.0266074,0.011788
Sun May 17 02:02:01 2015: ... 4000: 0.012084660381078719468,0.014655076980590819868
layer#0:cnv/fc:dim=60000x500,n22,6.28141,nz,30000000,1,absavgw,0.0080471,avgw,-2.72528e-06,absavgi,0.039249,avgi,-0.039229,layer#1:cnv/fc:dim=90000x500,n22,9.81201,nz,45000000,1,absavgw,0.0081446,avgw,3.55956e-06,absavgi,0.0601975,avgi,-0.0601975,layer#2:cnv/fc:dim=1000x2,n22,14.6551,nz,2000,1,absavgw,0.105791,avgw,2.49863e-07,absavgi,0.5,avgi,0.5,

Sun May 17 02:02:02 2015:  ite,62,0.0267397,0.0120847
Sun May 17 02:02:28 2015: ... 4000: 0.011916583627462387293,0.014612475395202637746
layer#0:cnv/fc:dim=60000x500,n22,6.28377,nz,30000000,1,absavgw,0.00804774,avgw,-2.69144e-06,absavgi,0.0389088,avgi,-0.0388973,layer#1:cnv/fc:dim=90000x500,n22,9.81916,nz,45000000,1,absavgw,0.00814602,avgw,3.65441e-06,absavgi,0.0593317,avgi,-0.0593317,layer#2:cnv/fc:dim=1000x2,n22,14.6125,nz,2000,1,absavgw,0.105672,avgw,2.04086e-07,absavgi,0.5,avgi,0.5,

Sun May 17 02:02:29 2015:  ite,63,0.0265291,0.0119166
Sun May 17 02:02:56 2015: ... 4000: 0.012852656170725822865,0.014504754066467284712
layer#0:cnv/fc:dim=60000x500,n22,6.28609,nz,30000000,1,absavgw,0.00804834,avgw,-2.67363e-06,absavgi,0.0389026,avgi,-0.0388689,layer#1:cnv/fc:dim=90000x500,n22,9.82607,nz,45000000,1,absavgw,0.00814745,avgw,3.69211e-06,absavgi,0.0602624,avgi,-0.0602624,layer#2:cnv/fc:dim=1000x2,n22,14.5048,nz,2000,1,absavgw,0.105345,avgw,1.98364e-07,absavgi,0.5,avgi,0.5,

Sun May 17 02:02:56 2015:  ite,64,0.0273574,0.0128527
Sun May 17 02:03:23 2015: ... 4000: 0.014424988806247710654,0.01441283035278320343
layer#0:cnv/fc:dim=60000x500,n22,6.28868,nz,30000000,1,absavgw,0.00804899,avgw,-2.65445e-06,absavgi,0.0391872,avgi,-0.0391637,layer#1:cnv/fc:dim=90000x500,n22,9.83444,nz,45000000,1,absavgw,0.00814904,avgw,3.77339e-06,absavgi,0.060298,avgi,-0.060298,layer#2:cnv/fc:dim=1000x2,n22,14.4128,nz,2000,1,absavgw,0.104963,avgw,1.62125e-07,absavgi,0.5,avgi,0.5,

Sun May 17 02:03:23 2015:  ite,65,0.0288378,0.014425
Sun May 17 02:03:50 2015: ... 4000: 0.01297386686503887096,0.014409972190856934482
layer#0:cnv/fc:dim=60000x500,n22,6.29114,nz,30000000,1,absavgw,0.00804965,avgw,-2.64235e-06,absavgi,0.0396546,avgi,-0.0396546,layer#1:cnv/fc:dim=90000x500,n22,9.84205,nz,45000000,1,absavgw,0.0081505,avgw,3.84517e-06,absavgi,0.0602298,avgi,-0.0602298,layer#2:cnv/fc:dim=1000x2,n22,14.41,nz,2000,1,absavgw,0.104959,avgw,1.35422e-07,absavgi,0.5,avgi,0.5,

Sun May 17 02:03:50 2015:  ite,66,0.0273838,0.0129739
Sun May 17 02:04:17 2015: ... 4000: 0.011932545498013496024,0.014353703498840332531
layer#0:cnv/fc:dim=60000x500,n22,6.29342,nz,30000000,1,absavgw,0.00805027,avgw,-2.60408e-06,absavgi,0.0391486,avgi,-0.0391486,layer#1:cnv/fc:dim=90000x500,n22,9.84925,nz,45000000,1,absavgw,0.0081519,avgw,3.926e-06,absavgi,0.0595653,avgi,-0.0595653,layer#2:cnv/fc:dim=1000x2,n22,14.3537,nz,2000,1,absavgw,0.104723,avgw,1.16348e-07,absavgi,0.5,avgi,0.5,

Sun May 17 02:04:17 2015:  ite,67,0.0262862,0.0119325
Sun May 17 02:04:44 2015: ... 4000: 0.011682950913906097606,0.014144884109497071062
layer#0:cnv/fc:dim=60000x500,n22,6.29552,nz,30000000,1,absavgw,0.00805082,avgw,-2.59655e-06,absavgi,0.039473,avgi,-0.039473,layer#1:cnv/fc:dim=90000x500,n22,9.85572,nz,45000000,1,absavgw,0.00815323,avgw,3.96526e-06,absavgi,0.0602862,avgi,-0.0602862,layer#2:cnv/fc:dim=1000x2,n22,14.1449,nz,2000,1,absavgw,0.103933,avgw,1.20163e-07,absavgi,0.5,avgi,0.5,

Sun May 17 02:04:44 2015:  ite,68,0.0258278,0.011683
Sun May 17 02:05:11 2015: ... 4000: 0.011679841294884682479,0.014072411537170410531
layer#0:cnv/fc:dim=60000x500,n22,6.29767,nz,30000000,1,absavgw,0.00805141,avgw,-2.56963e-06,absavgi,0.0393465,avgi,-0.0393465,layer#1:cnv/fc:dim=90000x500,n22,9.86234,nz,45000000,1,absavgw,0.00815456,avgw,4.00132e-06,absavgi,0.0610222,avgi,-0.0610222,layer#2:cnv/fc:dim=1000x2,n22,14.0724,nz,2000,1,absavgw,0.103693,avgw,9.15527e-08,absavgi,0.5,avgi,0.5,

Sun May 17 02:05:12 2015:  ite,69,0.0257523,0.0116798
Sun May 17 02:05:38 2015: ... 4000: 0.012155302390456200132,0.014081163406372070382
layer#0:cnv/fc:dim=60000x500,n22,6.29996,nz,30000000,1,absavgw,0.00805201,avgw,-2.543e-06,absavgi,0.0391621,avgi,-0.0391621,layer#1:cnv/fc:dim=90000x500,n22,9.86939,nz,45000000,1,absavgw,0.00815596,avgw,4.09271e-06,absavgi,0.0600299,avgi,-0.0600299,layer#2:cnv/fc:dim=1000x2,n22,14.0812,nz,2000,1,absavgw,0.103748,avgw,8.39233e-08,absavgi,0.5,avgi,0.5,

Sun May 17 02:05:39 2015:  ite,70,0.0262365,0.0121553
Sun May 17 02:06:05 2015: ... 4000: 0.011613574177026748935,0.013970401763916015861
layer#0:cnv/fc:dim=60000x500,n22,6.30206,nz,30000000,1,absavgw,0.00805257,avgw,-2.53495e-06,absavgi,0.0395183,avgi,-0.0395183,layer#1:cnv/fc:dim=90000x500,n22,9.87594,nz,45000000,1,absavgw,0.00815724,avgw,4.14627e-06,absavgi,0.0602362,avgi,-0.0602362,layer#2:cnv/fc:dim=1000x2,n22,13.9704,nz,2000,1,absavgw,0.103417,avgw,9.34601e-08,absavgi,0.5,avgi,0.5,

Sun May 17 02:06:06 2015:  ite,71,0.025584,0.0116136
Sun May 17 02:06:33 2015: ... 4000: 0.011430714398622513275,0.013802225112915039729
layer#0:cnv/fc:dim=60000x500,n22,6.30417,nz,30000000,1,absavgw,0.00805312,avgw,-2.51606e-06,absavgi,0.0395733,avgi,-0.039549,layer#1:cnv/fc:dim=90000x500,n22,9.88221,nz,45000000,1,absavgw,0.00815847,avgw,4.18375e-06,absavgi,0.0608399,avgi,-0.0608399,layer#2:cnv/fc:dim=1000x2,n22,13.8022,nz,2000,1,absavgw,0.102758,avgw,7.24792e-08,absavgi,0.5,avgi,0.5,

Sun May 17 02:06:33 2015:  ite,72,0.0252329,0.0114307
Sun May 17 02:07:00 2015: ... 4000: 0.011262117020785809146,0.013703260421752929549
layer#0:cnv/fc:dim=60000x500,n22,6.30622,nz,30000000,1,absavgw,0.0080537,avgw,-2.48834e-06,absavgi,0.0394532,avgi,-0.0394532,layer#1:cnv/fc:dim=90000x500,n22,9.88883,nz,45000000,1,absavgw,0.00815981,avgw,4.27897e-06,absavgi,0.0599788,avgi,-0.0599788,layer#2:cnv/fc:dim=1000x2,n22,13.7033,nz,2000,1,absavgw,0.102324,avgw,6.86646e-08,absavgi,0.5,avgi,0.5,

Sun May 17 02:07:00 2015:  ite,73,0.0249654,0.0112621
Sun May 17 02:07:27 2015: ... 4000: 0.010994735017418861764,0.013706111907958984028
layer#0:cnv/fc:dim=60000x500,n22,6.30832,nz,30000000,1,absavgw,0.00805426,avgw,-2.45662e-06,absavgi,0.0391767,avgi,-0.039156,layer#1:cnv/fc:dim=90000x500,n22,9.89518,nz,45000000,1,absavgw,0.00816106,avgw,4.33088e-06,absavgi,0.0602447,avgi,-0.0602447,layer#2:cnv/fc:dim=1000x2,n22,13.7061,nz,2000,1,absavgw,0.102339,avgw,6.29425e-08,absavgi,0.5,avgi,0.5,

Sun May 17 02:07:27 2015:  ite,74,0.0247008,0.0109947
Sun May 17 02:07:54 2015: ... 4000: 0.011024108417332171769,0.013522782325744629739
layer#0:cnv/fc:dim=60000x500,n22,6.31037,nz,30000000,1,absavgw,0.0080548,avgw,-2.44587e-06,absavgi,0.0391407,avgi,-0.0391407,layer#1:cnv/fc:dim=90000x500,n22,9.90124,nz,45000000,1,absavgw,0.00816225,avgw,4.3851e-06,absavgi,0.0601384,avgi,-0.0601384,layer#2:cnv/fc:dim=1000x2,n22,13.5228,nz,2000,1,absavgw,0.101682,avgw,5.14984e-08,absavgi,0.5,avgi,0.5,

Sun May 17 02:07:56 2015:  ite,75,0.0245469,0.0110241, test-loss,0.222912292480469, perf,0.355
Sun May 17 02:08:23 2015: ... 4000: 0.011331966161727905981,0.013523107528686522869
layer#0:cnv/fc:dim=60000x500,n22,6.31239,nz,30000000,1,absavgw,0.00805535,avgw,-2.4418e-06,absavgi,0.0396429,avgi,-0.0396371,layer#1:cnv/fc:dim=90000x500,n22,9.90747,nz,45000000,1,absavgw,0.00816354,avgw,4.42844e-06,absavgi,0.0607321,avgi,-0.0607321,layer#2:cnv/fc:dim=1000x2,n22,13.5231,nz,2000,1,absavgw,0.101675,avgw,4.19617e-08,absavgi,0.5,avgi,0.5,

Sun May 17 02:08:23 2015:  ite,76,0.0248551,0.011332
Sun May 17 02:08:50 2015: ... 4000: 0.011024005949497222082,0.013428153991699219236
layer#0:cnv/fc:dim=60000x500,n22,6.31442,nz,30000000,1,absavgw,0.00805586,avgw,-2.4037e-06,absavgi,0.0389457,avgi,-0.0389457,layer#1:cnv/fc:dim=90000x500,n22,9.91379,nz,45000000,1,absavgw,0.00816477,avgw,4.50264e-06,absavgi,0.0600199,avgi,-0.0600199,layer#2:cnv/fc:dim=1000x2,n22,13.4282,nz,2000,1,absavgw,0.10125,avgw,5.14984e-08,absavgi,0.5,avgi,0.5,

Sun May 17 02:08:50 2015:  ite,77,0.0244522,0.011024
Sun May 17 02:09:17 2015: ... 4000: 0.011556691959500313416,0.013444694519042968417
layer#0:cnv/fc:dim=60000x500,n22,6.31646,nz,30000000,1,absavgw,0.00805638,avgw,-2.41192e-06,absavgi,0.0396585,avgi,-0.0396425,layer#1:cnv/fc:dim=90000x500,n22,9.92003,nz,45000000,1,absavgw,0.00816597,avgw,4.49353e-06,absavgi,0.0620857,avgi,-0.0620857,layer#2:cnv/fc:dim=1000x2,n22,13.4447,nz,2000,1,absavgw,0.101298,avgw,5.53131e-08,absavgi,0.5,avgi,0.5,

Sun May 17 02:09:18 2015:  ite,78,0.0250014,0.0115567
Sun May 17 02:09:44 2015: ... 4000: 0.011154669478535652813,0.013404217720031738614
layer#0:cnv/fc:dim=60000x500,n22,6.31856,nz,30000000,1,absavgw,0.00805694,avgw,-2.3829e-06,absavgi,0.0393274,avgi,-0.0393219,layer#1:cnv/fc:dim=90000x500,n22,9.92649,nz,45000000,1,absavgw,0.00816729,avgw,4.58985e-06,absavgi,0.0609556,avgi,-0.0609556,layer#2:cnv/fc:dim=1000x2,n22,13.4042,nz,2000,1,absavgw,0.101214,avgw,3.24249e-08,absavgi,0.5,avgi,0.5,

Sun May 17 02:09:45 2015:  ite,79,0.0245589,0.0111547
Sun May 17 02:10:11 2015: ... 4000: 0.01057986482977867071,0.01329512405395507843
layer#0:cnv/fc:dim=60000x500,n22,6.32052,nz,30000000,1,absavgw,0.00805744,avgw,-2.3727e-06,absavgi,0.0395455,avgi,-0.0395333,layer#1:cnv/fc:dim=90000x500,n22,9.93239,nz,45000000,1,absavgw,0.00816845,avgw,4.63183e-06,absavgi,0.061342,avgi,-0.061342,layer#2:cnv/fc:dim=1000x2,n22,13.2951,nz,2000,1,absavgw,0.100814,avgw,3.8147e-08,absavgi,0.5,avgi,0.5,

Sun May 17 02:10:12 2015:  ite,80,0.023875,0.0105799
Sun May 17 02:10:12 2015: Setting step-sizes to eta0 times 0.1
Sun May 17 02:10:38 2015: ... 4000: 0.011683474630117415827,0.013278871536254883631
layer#0:cnv/fc:dim=60000x500,n22,6.32109,nz,30000000,1,absavgw,0.00805761,avgw,-2.37426e-06,absavgi,0.0398349,avgi,-0.0398231,layer#1:cnv/fc:dim=90000x500,n22,9.93426,nz,45000000,1,absavgw,0.00816881,avgw,4.64188e-06,absavgi,0.061738,avgi,-0.061738,layer#2:cnv/fc:dim=1000x2,n22,13.2789,nz,2000,1,absavgw,0.10075,avgw,4.19617e-08,absavgi,0.5,avgi,0.5,

Sun May 17 02:10:39 2015:  ite,81,0.0249623,0.0116835
Sun May 17 02:11:05 2015: ... 4000: 0.010241564095020293593,0.0132606325149536141
layer#0:cnv/fc:dim=60000x500,n22,6.3213,nz,30000000,1,absavgw,0.00805766,avgw,-2.36775e-06,absavgi,0.0396688,avgi,-0.0396661,layer#1:cnv/fc:dim=90000x500,n22,9.93485,nz,45000000,1,absavgw,0.00816893,avgw,4.66183e-06,absavgi,0.0612631,avgi,-0.0612631,layer#2:cnv/fc:dim=1000x2,n22,13.2606,nz,2000,1,absavgw,0.100687,avgw,2.47955e-08,absavgi,0.5,avgi,0.5,

Sun May 17 02:11:06 2015:  ite,82,0.0235022,0.0102416
Sun May 17 02:11:32 2015: ... 4000: 0.010104626752436160486,0.013212438583374024395
layer#0:cnv/fc:dim=60000x500,n22,6.32148,nz,30000000,1,absavgw,0.0080577,avgw,-2.36091e-06,absavgi,0.0394866,avgi,-0.0394866,layer#1:cnv/fc:dim=90000x500,n22,9.93533,nz,45000000,1,absavgw,0.00816903,avgw,4.67327e-06,absavgi,0.0610344,avgi,-0.0610344,layer#2:cnv/fc:dim=1000x2,n22,13.2124,nz,2000,1,absavgw,0.100506,avgw,4.19617e-08,absavgi,0.5,avgi,0.5,

Sun May 17 02:11:33 2015:  ite,83,0.0233171,0.0101046
Sun May 17 02:12:00 2015: ... 4000: 0.0099976968020200722431,0.01316997528076171986
layer#0:cnv/fc:dim=60000x500,n22,6.32163,nz,30000000,1,absavgw,0.00805775,avgw,-2.35753e-06,absavgi,0.0394302,avgi,-0.0394302,layer#1:cnv/fc:dim=90000x500,n22,9.93573,nz,45000000,1,absavgw,0.00816911,avgw,4.67456e-06,absavgi,0.0611395,avgi,-0.0611395,layer#2:cnv/fc:dim=1000x2,n22,13.17,nz,2000,1,absavgw,0.100343,avgw,3.8147e-08,absavgi,0.5,avgi,0.5,

Sun May 17 02:12:00 2015:  ite,84,0.0231677,0.0099977
Sun May 17 02:12:27 2015: ... 4000: 0.0097895252779126168408,0.013122150421142578236
layer#0:cnv/fc:dim=60000x500,n22,6.32177,nz,30000000,1,absavgw,0.00805779,avgw,-2.35469e-06,absavgi,0.0393744,avgi,-0.0393744,layer#1:cnv/fc:dim=90000x500,n22,9.93615,nz,45000000,1,absavgw,0.0081692,avgw,4.67626e-06,absavgi,0.0612034,avgi,-0.0612034,layer#2:cnv/fc:dim=1000x2,n22,13.1222,nz,2000,1,absavgw,0.100168,avgw,2.09808e-08,absavgi,0.5,avgi,0.5,

Sun May 17 02:12:27 2015:  ite,85,0.0229117,0.00978953
Sun May 17 02:12:54 2015: ... 4000: 0.010074047550559043704,0.013082640647888183622
layer#0:cnv/fc:dim=60000x500,n22,6.32194,nz,30000000,1,absavgw,0.00805783,avgw,-2.35094e-06,absavgi,0.0393056,avgi,-0.0393056,layer#1:cnv/fc:dim=90000x500,n22,9.93658,nz,45000000,1,absavgw,0.00816929,avgw,4.68155e-06,absavgi,0.0611715,avgi,-0.0611715,layer#2:cnv/fc:dim=1000x2,n22,13.0826,nz,2000,1,absavgw,0.100025,avgw,2.67029e-08,absavgi,0.5,avgi,0.5,

Sun May 17 02:12:55 2015:  ite,86,0.0231567,0.010074
Sun May 17 02:13:21 2015: ... 4000: 0.0099688582941889758438,0.013049354553222656042
layer#0:cnv/fc:dim=60000x500,n22,6.32209,nz,30000000,1,absavgw,0.00805787,avgw,-2.34893e-06,absavgi,0.0392868,avgi,-0.0392868,layer#1:cnv/fc:dim=90000x500,n22,9.93706,nz,45000000,1,absavgw,0.0081694,avgw,4.68747e-06,absavgi,0.061117,avgi,-0.061117,layer#2:cnv/fc:dim=1000x2,n22,13.0494,nz,2000,1,absavgw,0.0999137,avgw,4.57764e-08,absavgi,0.5,avgi,0.5,

Sun May 17 02:13:22 2015:  ite,87,0.0230182,0.00996886
Sun May 17 02:13:48 2015: ... 4000: 0.0099893703088164333831,0.013014167785644532166
layer#0:cnv/fc:dim=60000x500,n22,6.32223,nz,30000000,1,absavgw,0.00805791,avgw,-2.3483e-06,absavgi,0.0393025,avgi,-0.0393025,layer#1:cnv/fc:dim=90000x500,n22,9.93751,nz,45000000,1,absavgw,0.0081695,avgw,4.69356e-06,absavgi,0.0610708,avgi,-0.0610708,layer#2:cnv/fc:dim=1000x2,n22,13.0142,nz,2000,1,absavgw,0.0997958,avgw,1.71661e-08,absavgi,0.5,avgi,0.5,

Sun May 17 02:13:49 2015:  ite,88,0.0230035,0.00998937
Sun May 17 02:14:15 2015: ... 4000: 0.0099026294052600855045,0.012981065750122070326
layer#0:cnv/fc:dim=60000x500,n22,6.32241,nz,30000000,1,absavgw,0.00805796,avgw,-2.34327e-06,absavgi,0.0391997,avgi,-0.0391997,layer#1:cnv/fc:dim=90000x500,n22,9.93798,nz,45000000,1,absavgw,0.00816958,avgw,4.6964e-06,absavgi,0.0611103,avgi,-0.0611103,layer#2:cnv/fc:dim=1000x2,n22,12.9811,nz,2000,1,absavgw,0.0996774,avgw,4.19617e-08,absavgi,0.5,avgi,0.5,

Sun May 17 02:14:16 2015:  ite,89,0.0228837,0.00990263
Sun May 17 02:14:42 2015: ... 4000: 0.0094925354272127147187,0.012930226325988770225
layer#0:cnv/fc:dim=60000x500,n22,6.32254,nz,30000000,1,absavgw,0.008058,avgw,-2.34188e-06,absavgi,0.0391987,avgi,-0.0391987,layer#1:cnv/fc:dim=90000x500,n22,9.93835,nz,45000000,1,absavgw,0.00816966,avgw,4.69758e-06,absavgi,0.0612152,avgi,-0.0612152,layer#2:cnv/fc:dim=1000x2,n22,12.9302,nz,2000,1,absavgw,0.0994781,avgw,3.05176e-08,absavgi,0.5,avgi,0.5,

Sun May 17 02:14:43 2015:  ite,90,0.0224228,0.00949254
Sun May 17 02:15:09 2015: ... 4000: 0.0097443089261651030797,0.012902028083801269157
layer#0:cnv/fc:dim=60000x500,n22,6.32269,nz,30000000,1,absavgw,0.00805805,avgw,-2.33986e-06,absavgi,0.0391893,avgi,-0.0391893,layer#1:cnv/fc:dim=90000x500,n22,9.93881,nz,45000000,1,absavgw,0.00816977,avgw,4.70526e-06,absavgi,0.0611003,avgi,-0.0611003,layer#2:cnv/fc:dim=1000x2,n22,12.902,nz,2000,1,absavgw,0.0993685,avgw,2.86102e-08,absavgi,0.5,avgi,0.5,

Sun May 17 02:15:10 2015:  ite,91,0.0226463,0.00974431
Sun May 17 02:15:36 2015: ... 4000: 0.0097597321122884755223,0.012885604858398437556
layer#0:cnv/fc:dim=60000x500,n22,6.32285,nz,30000000,1,absavgw,0.00805809,avgw,-2.33692e-06,absavgi,0.0391346,avgi,-0.0391346,layer#1:cnv/fc:dim=90000x500,n22,9.93927,nz,45000000,1,absavgw,0.00816986,avgw,4.7095e-06,absavgi,0.0611188,avgi,-0.0611188,layer#2:cnv/fc:dim=1000x2,n22,12.8856,nz,2000,1,absavgw,0.0993091,avgw,3.24249e-08,absavgi,0.5,avgi,0.5,

Sun May 17 02:15:37 2015:  ite,92,0.0226453,0.00975973
Sun May 17 02:16:04 2015: ... 4000: 0.0097282932251691826148,0.012856426239013672361
layer#0:cnv/fc:dim=60000x500,n22,6.32302,nz,30000000,1,absavgw,0.00805813,avgw,-2.33535e-06,absavgi,0.0391331,avgi,-0.0391331,layer#1:cnv/fc:dim=90000x500,n22,9.9397,nz,45000000,1,absavgw,0.00816995,avgw,4.71476e-06,absavgi,0.0610813,avgi,-0.0610813,layer#2:cnv/fc:dim=1000x2,n22,12.8564,nz,2000,1,absavgw,0.0992042,avgw,3.24249e-08,absavgi,0.5,avgi,0.5,

Sun May 17 02:16:04 2015:  ite,93,0.0225847,0.00972829
Sun May 17 02:16:31 2015: ... 4000: 0.0095432686433196065035,0.012837958335876465538
layer#0:cnv/fc:dim=60000x500,n22,6.32317,nz,30000000,1,absavgw,0.00805818,avgw,-2.33281e-06,absavgi,0.0390971,avgi,-0.0390971,layer#1:cnv/fc:dim=90000x500,n22,9.94017,nz,45000000,1,absavgw,0.00817005,avgw,4.72288e-06,absavgi,0.0609498,avgi,-0.0609498,layer#2:cnv/fc:dim=1000x2,n22,12.838,nz,2000,1,absavgw,0.0991298,avgw,1.90735e-08,absavgi,0.5,avgi,0.5,

Sun May 17 02:16:31 2015:  ite,94,0.0223812,0.00954327
Sun May 17 02:16:58 2015: ... 4000: 0.0097714814916253084354,0.012810249328613281666
layer#0:cnv/fc:dim=60000x500,n22,6.32333,nz,30000000,1,absavgw,0.00805822,avgw,-2.32864e-06,absavgi,0.0390133,avgi,-0.0390133,layer#1:cnv/fc:dim=90000x500,n22,9.94061,nz,45000000,1,absavgw,0.00817015,avgw,4.72771e-06,absavgi,0.0609254,avgi,-0.0609254,layer#2:cnv/fc:dim=1000x2,n22,12.8102,nz,2000,1,absavgw,0.0990353,avgw,1.14441e-08,absavgi,0.5,avgi,0.5,

Sun May 17 02:16:58 2015:  ite,95,0.0225817,0.00977148
Sun May 17 02:17:25 2015: ... 4000: 0.0097095472589135162905,0.012775330543518067031
layer#0:cnv/fc:dim=60000x500,n22,6.32348,nz,30000000,1,absavgw,0.00805827,avgw,-2.32583e-06,absavgi,0.0389586,avgi,-0.0389586,layer#1:cnv/fc:dim=90000x500,n22,9.94106,nz,45000000,1,absavgw,0.00817024,avgw,4.73449e-06,absavgi,0.0608244,avgi,-0.0608244,layer#2:cnv/fc:dim=1000x2,n22,12.7753,nz,2000,1,absavgw,0.0989156,avgw,2.28882e-08,absavgi,0.5,avgi,0.5,

Sun May 17 02:17:25 2015:  ite,96,0.0224849,0.00970955
Sun May 17 02:17:52 2015: ... 4000: 0.0098586862683296208609,0.012756387710571288549
layer#0:cnv/fc:dim=60000x500,n22,6.32364,nz,30000000,1,absavgw,0.00805831,avgw,-2.32537e-06,absavgi,0.0389831,avgi,-0.0389831,layer#1:cnv/fc:dim=90000x500,n22,9.94146,nz,45000000,1,absavgw,0.00817034,avgw,4.73209e-06,absavgi,0.0610375,avgi,-0.0610375,layer#2:cnv/fc:dim=1000x2,n22,12.7564,nz,2000,1,absavgw,0.0988521,avgw,1.71661e-08,absavgi,0.5,avgi,0.5,

Sun May 17 02:17:52 2015:  ite,97,0.0226151,0.00985869
Sun May 17 02:18:19 2015: ... 4000: 0.0097856171876192100251,0.012731220245361328167
layer#0:cnv/fc:dim=60000x500,n22,6.32378,nz,30000000,1,absavgw,0.00805835,avgw,-2.32498e-06,absavgi,0.0390175,avgi,-0.0390175,layer#1:cnv/fc:dim=90000x500,n22,9.9419,nz,45000000,1,absavgw,0.00817043,avgw,4.73455e-06,absavgi,0.06111,avgi,-0.06111,layer#2:cnv/fc:dim=1000x2,n22,12.7312,nz,2000,1,absavgw,0.0987616,avgw,2.86102e-08,absavgi,0.5,avgi,0.5,

Sun May 17 02:18:20 2015:  ite,98,0.0225168,0.00978562
Sun May 17 02:18:46 2015: ... 4000: 0.0096891454160213472818,0.012704065322875976451
layer#0:cnv/fc:dim=60000x500,n22,6.32393,nz,30000000,1,absavgw,0.00805839,avgw,-2.32502e-06,absavgi,0.0390733,avgi,-0.0390733,layer#1:cnv/fc:dim=90000x500,n22,9.94237,nz,45000000,1,absavgw,0.00817052,avgw,4.74011e-06,absavgi,0.0610618,avgi,-0.0610618,layer#2:cnv/fc:dim=1000x2,n22,12.7041,nz,2000,1,absavgw,0.0986568,avgw,2.28882e-08,absavgi,0.5,avgi,0.5,

Sun May 17 02:18:47 2015:  ite,99,0.0223932,0.00968915
Sun May 17 02:19:13 2015: ... 4000: 0.0098382049575448035639,0.012685210227966309607
layer#0:cnv/fc:dim=60000x500,n22,6.32409,nz,30000000,1,absavgw,0.00805842,avgw,-2.32353e-06,absavgi,0.0390653,avgi,-0.0390653,layer#1:cnv/fc:dim=90000x500,n22,9.94283,nz,45000000,1,absavgw,0.00817061,avgw,4.74315e-06,absavgi,0.061092,avgi,-0.061092,layer#2:cnv/fc:dim=1000x2,n22,12.6852,nz,2000,1,absavgw,0.0985839,avgw,2.86102e-08,absavgi,0.5,avgi,0.5,

Sun May 17 02:19:15 2015:  ite,100,0.0225234,0.0098382, test-loss,0.222874774932861, perf,0.35
Sun May 17 02:19:15 2015: Done ...
elapsed: 2728.71
