Using GPU#0
--------------------
nodes=600 resnorm_width=600 data_dir=data trnname=hn_train-p3 tstname=hn_test-p3 reg_L2=1e-4 step_size=0.05 top_dropout=0.5 pooling_type=Max num_pooling=1 test_interval=25 evaluation_fn=perf/hn_2kb2_seq-perf_2015_05_17_02_20_28.csv loss=Square num_iterations=100 step_size_scheduler=Few step_size_decay=0.1 step_size_decay_at=80 mini_batch_size=100 layers=1 random_seed=1 datatype=sparse x_ext=.xsmatvar y_ext=.y momentum=0.9 init_weight=0.01 init_intercept=0 activ_type=Rect resnorm_type=Cross resnorm_alpha=1 resnorm_beta=0.5
--------------------
"cnn": 
   datatype=sparse
   trnname=hn_train-p3
   tstname=hn_test-p3
   data_dir=data
   x_ext=.xsmatvar
   y_ext=.y
   num_batches=1

   evaluation_fn=perf/hn_2kb2_seq-perf_2015_05_17_02_20_28.csv
   Log:ON
   gpu_max_threads=1024
   gpu_max_blocks=65535
Sun May 17 02:20:28 2015: hn_train-p3 batch#1
Sun May 17 02:20:29 2015:   #row=90000 #col=4733950 nz per col=2.78605
Sun May 17 02:20:29 2015: #data = 4000
Sun May 17 02:20:29 2015: target-min,max=0,1
Sun May 17 02:20:29 2015: hn_test-p3 batch#1
Sun May 17 02:20:29 2015:   #row=90000 #col=392550 nz per col=2.76526
Sun May 17 02:20:29 2015: #data = 400
Sun May 17 02:20:29 2015: target-min,max=0,1
Sun May 17 02:20:29 2015: Start ... #train=4000, #test=400
--------------------
Sun May 17 02:20:29 2015: Data signature: dim:1;channel:90000;size0:-1;
Sun May 17 02:20:29 2015: #class=2

   layers=1
   save_fn=
   initial_iteration=0
   test_interval=25
   num_iterations=100
   random_seed=1
   mini_batch_size=100
   loss=Square

   step_size_scheduler=Few
   step_size_decay=0.1
   step_size_decay_at=80

   test_mini_batch_size=100
Cold-starting (variable-size input) layer#0

   0init_weight=0.01
   0init_intercept=0
   0reg_L2=0.0001

   0step_size=0.05
   0step_sizeb_coeff=1
   0momentum=0.9

   0nodes=600

   0activ_type=Rect

   0pooling_type=Max
   0pooling_stride=1

   0num_pooling=1

   0resnorm_type=Cross
   0resnorm_alpha=1
   0resnorm_beta=0.5
   0resnorm_one=1
   0resnorm_width=600
   --------  weights  --------
   input dim: 90000
   output dim: 600
   #weights: 54000000
   ---------------------------
Cold-starting the top layer

   top_init_weight=0.01
   top_init_intercept=0
   top_reg_L2=0.0001

   top_step_size=0.05
   top_step_sizeb_coeff=1
   top_momentum=0.9

   top_dropout=0.5
   ------  top layer  ------
   input: 1
   --------  weights  --------
   input dim: 600
   output dim: 2
   #weights: 1200
   ---------------------------
Sun May 17 02:20:35 2015: supervised training: #hidden=1
Sun May 17 02:20:35 2015: Resetting step-sizes to eta0 ...
layer#0:cnv/fc:dim=90000x600,n22,8.9969,nz,54000000,1,absavgw,0.00797711,avgw,-3.09361e-06,absavgi,0,avgi,0,layer#1:cnv/fc:dim=600x2,n22,0.0583545,nz,1200,1,absavgw,0.00786061,avgw,-0.000244885,absavgi,0,avgi,0,

Sun May 17 02:20:53 2015: ... 4000: 0.28567921590805051002,0.26907094547748566793
layer#0:cnv/fc:dim=90000x600,n22,8.96874,nz,54000000,1,absavgw,0.00796456,avgw,-3.1377e-06,absavgi,0.00234783,avgi,-0.00155026,layer#1:cnv/fc:dim=600x2,n22,0.0871403,nz,1200,1,absavgw,0.0097907,avgw,0.00714998,absavgi,0.492599,avgi,0.492599,

Sun May 17 02:20:55 2015:  ite,1,0.55475,0.285679, test-loss,0.253674640655518, perf,0.505
Sun May 17 02:21:12 2015: ... 4000: 0.25110777473449708008,0.26799778414145114525
layer#0:cnv/fc:dim=90000x600,n22,8.93297,nz,54000000,1,absavgw,0.0079487,avgw,-3.14566e-06,absavgi,0.00264642,avgi,-0.002012,layer#1:cnv/fc:dim=600x2,n22,0.0879488,nz,1200,1,absavgw,0.00971305,avgw,0.00599332,absavgi,0.435613,avgi,0.435613,

Sun May 17 02:21:13 2015:  ite,2,0.519106,0.251108
Sun May 17 02:21:30 2015: ... 4000: 0.25011545467376711249,0.26692813293039796552
layer#0:cnv/fc:dim=90000x600,n22,8.89728,nz,54000000,1,absavgw,0.0079328,avgw,-3.15418e-06,absavgi,0.00329424,avgi,-0.00252768,layer#1:cnv/fc:dim=600x2,n22,0.098468,nz,1200,1,absavgw,0.0103196,avgw,0.005843,absavgi,0.445711,avgi,0.445711,

Sun May 17 02:21:31 2015:  ite,3,0.517044,0.250115
Sun May 17 02:21:48 2015: ... 4000: 0.24992698144912720015,0.26586544637307524264
layer#0:cnv/fc:dim=90000x600,n22,8.8618,nz,54000000,1,absavgw,0.00791697,avgw,-3.16745e-06,absavgi,0.00406312,avgi,-0.00320892,layer#1:cnv/fc:dim=600x2,n22,0.115157,nz,1200,1,absavgw,0.0111775,avgw,0.0055724,absavgi,0.44769,avgi,0.44769,

Sun May 17 02:21:49 2015:  ite,4,0.515792,0.249927
Sun May 17 02:22:07 2015: ... 4000: 0.24965120315551758701,0.2648042909562587921
layer#0:cnv/fc:dim=90000x600,n22,8.82636,nz,54000000,1,absavgw,0.00790109,avgw,-3.18681e-06,absavgi,0.0050066,avgi,-0.00410914,layer#1:cnv/fc:dim=600x2,n22,0.135683,nz,1200,1,absavgw,0.0121733,avgw,0.00530291,absavgi,0.45016,avgi,0.45016,

Sun May 17 02:22:07 2015:  ite,5,0.514455,0.249651
Sun May 17 02:22:25 2015: ... 4000: 0.24889226770401001732,0.2637496123254299274
layer#0:cnv/fc:dim=90000x600,n22,8.79111,nz,54000000,1,absavgw,0.00788527,avgw,-3.21221e-06,absavgi,0.00618381,avgi,-0.00519069,layer#1:cnv/fc:dim=600x2,n22,0.163115,nz,1200,1,absavgw,0.01339,avgw,0.00505166,absavgi,0.452871,avgi,0.452871,

Sun May 17 02:22:25 2015:  ite,6,0.512642,0.248892
Sun May 17 02:22:43 2015: ... 4000: 0.24882100009918212136,0.26270065311193468993
layer#0:cnv/fc:dim=90000x600,n22,8.75603,nz,54000000,1,absavgw,0.00786949,avgw,-3.24926e-06,absavgi,0.0078429,avgi,-0.0067447,layer#1:cnv/fc:dim=600x2,n22,0.197693,nz,1200,1,absavgw,0.0148133,avgw,0.00479685,absavgi,0.455625,avgi,0.455625,

Sun May 17 02:22:43 2015:  ite,7,0.511522,0.248821
Sun May 17 02:23:01 2015: ... 4000: 0.24817597150802611639,0.26165610322654248021
layer#0:cnv/fc:dim=90000x600,n22,8.72103,nz,54000000,1,absavgw,0.0078537,avgw,-3.28064e-06,absavgi,0.00900327,avgi,-0.008027,layer#1:cnv/fc:dim=600x2,n22,0.252194,nz,1200,1,absavgw,0.0168571,avgw,0.00453412,absavgi,0.458105,avgi,0.458105,

Sun May 17 02:23:01 2015:  ite,8,0.509832,0.248176
Sun May 17 02:23:19 2015: ... 4000: 0.24753863477706908314,0.26061308412849903959
layer#0:cnv/fc:dim=90000x600,n22,8.68612,nz,54000000,1,absavgw,0.00783796,avgw,-3.34371e-06,absavgi,0.0115101,avgi,-0.0103584,layer#1:cnv/fc:dim=600x2,n22,0.295392,nz,1200,1,absavgw,0.0182022,avgw,0.00429644,absavgi,0.462037,avgi,0.462037,

Sun May 17 02:23:20 2015:  ite,9,0.508152,0.247539
Sun May 17 02:23:37 2015: ... 4000: 0.24673258686065674405,0.25958111969828606691
layer#0:cnv/fc:dim=90000x600,n22,8.65149,nz,54000000,1,absavgw,0.00782226,avgw,-3.39622e-06,absavgi,0.0133989,avgi,-0.01228,layer#1:cnv/fc:dim=600x2,n22,0.363199,nz,1200,1,absavgw,0.0202266,avgw,0.00402196,absavgi,0.46446,avgi,0.46446,

Sun May 17 02:23:38 2015:  ite,10,0.506314,0.246733
Sun May 17 02:23:55 2015: ... 4000: 0.24530488920211793169,0.25855620267689233271
layer#0:cnv/fc:dim=90000x600,n22,8.61704,nz,54000000,1,absavgw,0.00780661,avgw,-3.45418e-06,absavgi,0.0154255,avgi,-0.0144167,layer#1:cnv/fc:dim=600x2,n22,0.450455,nz,1200,1,absavgw,0.0224946,avgw,0.00377445,absavgi,0.467994,avgi,0.467994,

Sun May 17 02:23:56 2015:  ite,11,0.503861,0.245305
Sun May 17 02:24:13 2015: ... 4000: 0.24412576103210448242,0.25753317622542382104
layer#0:cnv/fc:dim=90000x600,n22,8.58261,nz,54000000,1,absavgw,0.00779091,avgw,-3.53297e-06,absavgi,0.0181409,avgi,-0.0171284,layer#1:cnv/fc:dim=600x2,n22,0.549536,nz,1200,1,absavgw,0.024837,avgw,0.00352993,absavgi,0.471838,avgi,0.471838,

Sun May 17 02:24:14 2015:  ite,12,0.501659,0.244126
Sun May 17 02:24:31 2015: ... 4000: 0.2437012796401977488,0.25651892263889314316
layer#0:cnv/fc:dim=90000x600,n22,8.54845,nz,54000000,1,absavgw,0.00777535,avgw,-3.62377e-06,absavgi,0.0211185,avgi,-0.0202289,layer#1:cnv/fc:dim=600x2,n22,0.654314,nz,1200,1,absavgw,0.0270483,avgw,0.0032767,absavgi,0.474539,avgi,0.474539,

Sun May 17 02:24:32 2015:  ite,13,0.50022,0.243701
Sun May 17 02:24:49 2015: ... 4000: 0.24065925264358520308,0.25551410978436472909
layer#0:cnv/fc:dim=90000x600,n22,8.51447,nz,54000000,1,absavgw,0.00775974,avgw,-3.70231e-06,absavgi,0.0236656,avgi,-0.0229528,layer#1:cnv/fc:dim=600x2,n22,0.801254,nz,1200,1,absavgw,0.0299591,avgw,0.00303924,absavgi,0.478343,avgi,0.478343,

Sun May 17 02:24:50 2015:  ite,14,0.496173,0.240659
Sun May 17 02:25:08 2015: ... 4000: 0.23899512243270873424,0.25451947814226150157
layer#0:cnv/fc:dim=90000x600,n22,8.48074,nz,54000000,1,absavgw,0.00774423,avgw,-3.78377e-06,absavgi,0.0260548,avgi,-0.0257323,layer#1:cnv/fc:dim=600x2,n22,0.972858,nz,1200,1,absavgw,0.0329715,avgw,0.00280641,absavgi,0.481193,avgi,0.481193,

Sun May 17 02:25:08 2015:  ite,15,0.493515,0.238995
Sun May 17 02:25:26 2015: ... 4000: 0.23661540031433106468,0.25353630622625350499
layer#0:cnv/fc:dim=90000x600,n22,8.44731,nz,54000000,1,absavgw,0.00772869,avgw,-3.86725e-06,absavgi,0.0287636,avgi,-0.0286007,layer#1:cnv/fc:dim=600x2,n22,1.17044,nz,1200,1,absavgw,0.0362162,avgw,0.002582,absavgi,0.484109,avgi,0.484109,

Sun May 17 02:25:26 2015:  ite,16,0.490152,0.236615
Sun May 17 02:25:44 2015: ... 4000: 0.23415915679931639803,0.25256159249544146705
layer#0:cnv/fc:dim=90000x600,n22,8.41404,nz,54000000,1,absavgw,0.00771333,avgw,-3.94534e-06,absavgi,0.0314285,avgi,-0.0313454,layer#1:cnv/fc:dim=600x2,n22,1.40426,nz,1200,1,absavgw,0.0397606,avgw,0.00237955,absavgi,0.487093,avgi,0.487093,

Sun May 17 02:25:44 2015:  ite,17,0.486721,0.234159
Sun May 17 02:26:02 2015: ... 4000: 0.23005324459075926491,0.25160410786867143385
layer#0:cnv/fc:dim=90000x600,n22,8.38117,nz,54000000,1,absavgw,0.00769791,avgw,-3.99993e-06,absavgi,0.033425,avgi,-0.0333828,layer#1:cnv/fc:dim=600x2,n22,1.68878,nz,1200,1,absavgw,0.0438454,avgw,0.00219406,absavgi,0.488862,avgi,0.488862,

Sun May 17 02:26:02 2015:  ite,18,0.481657,0.230053
Sun May 17 02:26:20 2015: ... 4000: 0.2275484499931335336,0.25066284475326539027
layer#0:cnv/fc:dim=90000x600,n22,8.3487,nz,54000000,1,absavgw,0.00768271,avgw,-4.03795e-06,absavgi,0.034904,avgi,-0.034904,layer#1:cnv/fc:dim=600x2,n22,2.01858,nz,1200,1,absavgw,0.0480655,avgw,0.00202567,absavgi,0.491323,avgi,0.491323,

Sun May 17 02:26:21 2015:  ite,19,0.478211,0.227548
Sun May 17 02:26:38 2015: ... 4000: 0.22395518827438354315,0.24973364377021789462
layer#0:cnv/fc:dim=90000x600,n22,8.3165,nz,54000000,1,absavgw,0.00766742,avgw,-4.0571e-06,absavgi,0.0359816,avgi,-0.0359816,layer#1:cnv/fc:dim=600x2,n22,2.38771,nz,1200,1,absavgw,0.0525047,avgw,0.00187249,absavgi,0.492508,avgi,0.492508,

Sun May 17 02:26:39 2015:  ite,20,0.473689,0.223955
Sun May 17 02:26:56 2015: ... 4000: 0.21984271907806396396,0.24882248394489289711
layer#0:cnv/fc:dim=90000x600,n22,8.28469,nz,54000000,1,absavgw,0.0076524,avgw,-4.05964e-06,absavgi,0.0365585,avgi,-0.0365456,layer#1:cnv/fc:dim=600x2,n22,2.81664,nz,1200,1,absavgw,0.0573103,avgw,0.00173567,absavgi,0.493342,avgi,0.493342,

Sun May 17 02:26:57 2015:  ite,21,0.468665,0.219843
Sun May 17 02:27:14 2015: ... 4000: 0.21448630380630492875,0.24792354502677918515
layer#0:cnv/fc:dim=90000x600,n22,8.25314,nz,54000000,1,absavgw,0.00763725,avgw,-4.09145e-06,absavgi,0.0380451,avgi,-0.0380331,layer#1:cnv/fc:dim=600x2,n22,3.29258,nz,1200,1,absavgw,0.0622595,avgw,0.00161023,absavgi,0.494237,avgi,0.494237,

Sun May 17 02:27:15 2015:  ite,22,0.46241,0.214486
Sun May 17 02:27:32 2015: ... 4000: 0.21079893589019774169,0.24704918751716614667
layer#0:cnv/fc:dim=90000x600,n22,8.22214,nz,54000000,1,absavgw,0.00762239,avgw,-4.05833e-06,absavgi,0.0376643,avgi,-0.0376401,layer#1:cnv/fc:dim=600x2,n22,3.85076,nz,1200,1,absavgw,0.0676377,avgw,0.00150091,absavgi,0.49449,avgi,0.49449,

Sun May 17 02:27:33 2015:  ite,23,0.457848,0.210799
Sun May 17 02:27:50 2015: ... 4000: 0.20468564462661742454,0.24619729881286622764
layer#0:cnv/fc:dim=90000x600,n22,8.19161,nz,54000000,1,absavgw,0.00760748,avgw,-4.03024e-06,absavgi,0.0374427,avgi,-0.0374427,layer#1:cnv/fc:dim=600x2,n22,4.49032,nz,1200,1,absavgw,0.0733118,avgw,0.00140012,absavgi,0.49509,avgi,0.49509,

Sun May 17 02:27:51 2015:  ite,24,0.450883,0.204686
Sun May 17 02:28:08 2015: ... 4000: 0.1988624825477600111,0.24536682734489440039
layer#0:cnv/fc:dim=90000x600,n22,8.16147,nz,54000000,1,absavgw,0.00759279,avgw,-3.99817e-06,absavgi,0.0372772,avgi,-0.0372598,layer#1:cnv/fc:dim=600x2,n22,5.22638,nz,1200,1,absavgw,0.0793227,avgw,0.00130474,absavgi,0.49513,avgi,0.49513,

Sun May 17 02:28:10 2015:  ite,25,0.444229,0.198862, test-loss,0.230429019927979, perf,0.36
Sun May 17 02:28:28 2015: ... 4000: 0.19129318237304687722,0.24455712838172913304
layer#0:cnv/fc:dim=90000x600,n22,8.13174,nz,54000000,1,absavgw,0.00757805,avgw,-3.99027e-06,absavgi,0.0378947,avgi,-0.0378947,layer#1:cnv/fc:dim=600x2,n22,6.05078,nz,1200,1,absavgw,0.0856192,avgw,0.00122352,absavgi,0.496175,avgi,0.496175,

Sun May 17 02:28:28 2015:  ite,26,0.43585,0.191293
Sun May 17 02:28:46 2015: ... 4000: 0.18736457347869872603,0.24377565259933473008
layer#0:cnv/fc:dim=90000x600,n22,8.10267,nz,54000000,1,absavgw,0.00756351,avgw,-3.94497e-06,absavgi,0.0374684,avgi,-0.0374684,layer#1:cnv/fc:dim=600x2,n22,6.95501,nz,1200,1,absavgw,0.0920344,avgw,0.00113866,absavgi,0.495799,avgi,0.495799,

Sun May 17 02:28:46 2015:  ite,27,0.43114,0.187365
Sun May 17 02:29:04 2015: ... 4000: 0.17682912373542786222,0.2430137787342071809
layer#0:cnv/fc:dim=90000x600,n22,8.07394,nz,54000000,1,absavgw,0.00754903,avgw,-3.89728e-06,absavgi,0.0371286,avgi,-0.0371286,layer#1:cnv/fc:dim=600x2,n22,7.95615,nz,1200,1,absavgw,0.0986662,avgw,0.00106312,absavgi,0.496376,avgi,0.496376,

Sun May 17 02:29:04 2015:  ite,28,0.419843,0.176829
Sun May 17 02:29:22 2015: ... 4000: 0.16898600959777831942,0.24228213453292846147
layer#0:cnv/fc:dim=90000x600,n22,8.04576,nz,54000000,1,absavgw,0.00753471,avgw,-3.85737e-06,absavgi,0.0371826,avgi,-0.0371805,layer#1:cnv/fc:dim=600x2,n22,9.09429,nz,1200,1,absavgw,0.105659,avgw,0.00100016,absavgi,0.496988,avgi,0.496988,

Sun May 17 02:29:22 2015:  ite,29,0.411268,0.168986
Sun May 17 02:29:40 2015: ... 4000: 0.16107135415077208918,0.24156601381301881504
layer#0:cnv/fc:dim=90000x600,n22,8.01783,nz,54000000,1,absavgw,0.00752042,avgw,-3.83169e-06,absavgi,0.0378185,avgi,-0.0378185,layer#1:cnv/fc:dim=600x2,n22,10.3098,nz,1200,1,absavgw,0.112698,avgw,0.000934755,absavgi,0.497126,avgi,0.497126,

Sun May 17 02:29:40 2015:  ite,30,0.402637,0.161071
Sun May 17 02:29:58 2015: ... 4000: 0.154135761737823479,0.24087998189926149162
layer#0:cnv/fc:dim=90000x600,n22,7.99065,nz,54000000,1,absavgw,0.00750634,avgw,-3.75248e-06,absavgi,0.0369851,avgi,-0.0369851,layer#1:cnv/fc:dim=600x2,n22,11.6035,nz,1200,1,absavgw,0.119742,avgw,0.000873151,absavgi,0.497039,avgi,0.497039,

Sun May 17 02:29:58 2015:  ite,31,0.395016,0.154136
Sun May 17 02:30:16 2015: ... 4000: 0.14322330474853514626,0.24021077280044558777
layer#0:cnv/fc:dim=90000x600,n22,7.96368,nz,54000000,1,absavgw,0.00749226,avgw,-3.71181e-06,absavgi,0.0374873,avgi,-0.0374873,layer#1:cnv/fc:dim=600x2,n22,13.0035,nz,1200,1,absavgw,0.126894,avgw,0.000818498,absavgi,0.496916,avgi,0.496916,

Sun May 17 02:30:16 2015:  ite,32,0.383434,0.143223
Sun May 17 02:30:34 2015: ... 4000: 0.13442133069038392224,0.23956146211624146369
layer#0:cnv/fc:dim=90000x600,n22,7.93714,nz,54000000,1,absavgw,0.0074784,avgw,-3.64472e-06,absavgi,0.0372136,avgi,-0.0372136,layer#1:cnv/fc:dim=600x2,n22,14.4735,nz,1200,1,absavgw,0.134054,avgw,0.000779111,absavgi,0.498283,avgi,0.498283,

Sun May 17 02:30:35 2015:  ite,33,0.373983,0.134421
Sun May 17 02:30:52 2015: ... 4000: 0.12511492943763732888,0.23893314762115480665
layer#0:cnv/fc:dim=90000x600,n22,7.91093,nz,54000000,1,absavgw,0.00746447,avgw,-3.60671e-06,absavgi,0.0379419,avgi,-0.0379419,layer#1:cnv/fc:dim=600x2,n22,16.0534,nz,1200,1,absavgw,0.141322,avgw,0.00073051,absavgi,0.497694,avgi,0.497694,

Sun May 17 02:30:53 2015:  ite,34,0.364048,0.125115
Sun May 17 02:31:10 2015: ... 4000: 0.11733754086494445346,0.23831883373260501213
layer#0:cnv/fc:dim=90000x600,n22,7.88511,nz,54000000,1,absavgw,0.00745085,avgw,-3.54692e-06,absavgi,0.0381701,avgi,-0.0381701,layer#1:cnv/fc:dim=600x2,n22,17.6544,nz,1200,1,absavgw,0.148338,avgw,0.00068923,absavgi,0.49752,avgi,0.49752,

Sun May 17 02:31:11 2015:  ite,35,0.355656,0.117338
Sun May 17 02:31:28 2015: ... 4000: 0.10622086882591247337,0.23772272605895997111
layer#0:cnv/fc:dim=90000x600,n22,7.85962,nz,54000000,1,absavgw,0.0074371,avgw,-3.4467e-06,absavgi,0.0373576,avgi,-0.0373576,layer#1:cnv/fc:dim=600x2,n22,19.3415,nz,1200,1,absavgw,0.155384,avgw,0.000654005,absavgi,0.497904,avgi,0.497904,

Sun May 17 02:31:29 2015:  ite,36,0.343944,0.106221
Sun May 17 02:31:46 2015: ... 4000: 0.098432387590408329525,0.23713454570770264862
layer#0:cnv/fc:dim=90000x600,n22,7.83419,nz,54000000,1,absavgw,0.00742356,avgw,-3.37533e-06,absavgi,0.037554,avgi,-0.037554,layer#1:cnv/fc:dim=600x2,n22,21.0894,nz,1200,1,absavgw,0.162391,avgw,0.000623713,absavgi,0.498331,avgi,0.498331,

Sun May 17 02:31:47 2015:  ite,37,0.335567,0.0984324
Sun May 17 02:32:05 2015: ... 4000: 0.089558189630508419632,0.23655112915039064325
layer#0:cnv/fc:dim=90000x600,n22,7.80894,nz,54000000,1,absavgw,0.00741001,avgw,-3.3054e-06,absavgi,0.0376677,avgi,-0.0376505,layer#1:cnv/fc:dim=600x2,n22,22.8304,nz,1200,1,absavgw,0.169069,avgw,0.000590609,absavgi,0.498017,avgi,0.498017,

Sun May 17 02:32:05 2015:  ite,38,0.326109,0.0895582
Sun May 17 02:32:23 2015: ... 4000: 0.085830231904983525504,0.23596664657592775205
layer#0:cnv/fc:dim=90000x600,n22,7.78395,nz,54000000,1,absavgw,0.00739659,avgw,-3.19665e-06,absavgi,0.0367939,avgi,-0.0367939,layer#1:cnv/fc:dim=600x2,n22,24.4826,nz,1200,1,absavgw,0.175219,avgw,0.000564476,absavgi,0.497972,avgi,0.497972,

Sun May 17 02:32:23 2015:  ite,39,0.321797,0.0858302
Sun May 17 02:32:41 2015: ... 4000: 0.076427640557289122647,0.23538163185119631571
layer#0:cnv/fc:dim=90000x600,n22,7.75883,nz,54000000,1,absavgw,0.00738306,avgw,-3.14334e-06,absavgi,0.0375555,avgi,-0.0375555,layer#1:cnv/fc:dim=600x2,n22,26.1662,nz,1200,1,absavgw,0.181296,avgw,0.000540989,absavgi,0.498223,avgi,0.498223,

Sun May 17 02:32:41 2015:  ite,40,0.311809,0.0764276
Sun May 17 02:32:59 2015: ... 4000: 0.068869480609893798939,0.23479878330230716243
layer#0:cnv/fc:dim=90000x600,n22,7.73379,nz,54000000,1,absavgw,0.00736967,avgw,-3.05372e-06,absavgi,0.0372208,avgi,-0.0372208,layer#1:cnv/fc:dim=600x2,n22,27.8501,nz,1200,1,absavgw,0.187166,avgw,0.000521924,absavgi,0.498749,avgi,0.498749,

Sun May 17 02:32:59 2015:  ite,41,0.303668,0.0688695
Sun May 17 02:33:17 2015: ... 4000: 0.063887664675712579898,0.23421490650177004267
layer#0:cnv/fc:dim=90000x600,n22,7.70881,nz,54000000,1,absavgw,0.00735621,avgw,-2.99593e-06,absavgi,0.0377538,avgi,-0.0377538,layer#1:cnv/fc:dim=600x2,n22,29.5058,nz,1200,1,absavgw,0.19277,avgw,0.000502044,absavgi,0.499067,avgi,0.499067,

Sun May 17 02:33:17 2015:  ite,42,0.298103,0.0638877
Sun May 17 02:33:35 2015: ... 4000: 0.057480558872222899114,0.23362234840393067414
layer#0:cnv/fc:dim=90000x600,n22,7.68366,nz,54000000,1,absavgw,0.00734282,avgw,-2.9208e-06,absavgi,0.0377425,avgi,-0.0377425,layer#1:cnv/fc:dim=600x2,n22,31.1261,nz,1200,1,absavgw,0.198123,avgw,0.000483623,absavgi,0.499208,avgi,0.499208,

Sun May 17 02:33:35 2015:  ite,43,0.291103,0.0574806
Sun May 17 02:33:53 2015: ... 4000: 0.051740422010421754928,0.2330171970367431733
layer#0:cnv/fc:dim=90000x600,n22,7.65831,nz,54000000,1,absavgw,0.00732932,avgw,-2.84732e-06,absavgi,0.0378049,avgi,-0.0378049,layer#1:cnv/fc:dim=600x2,n22,32.6778,nz,1200,1,absavgw,0.203124,avgw,0.000463744,absavgi,0.498771,avgi,0.498771,

Sun May 17 02:33:53 2015:  ite,44,0.284758,0.0517404
Sun May 17 02:34:11 2015: ... 4000: 0.048755077123641965553,0.23240743255615234353
layer#0:cnv/fc:dim=90000x600,n22,7.63306,nz,54000000,1,absavgw,0.00731593,avgw,-2.76118e-06,absavgi,0.0375068,avgi,-0.0375068,layer#1:cnv/fc:dim=600x2,n22,34.1559,nz,1200,1,absavgw,0.207795,avgw,0.0004511,absavgi,0.499346,avgi,0.499346,

Sun May 17 02:34:11 2015:  ite,45,0.281163,0.0487551
Sun May 17 02:34:29 2015: ... 4000: 0.044442628741264346426,0.2317833305358886764
layer#0:cnv/fc:dim=90000x600,n22,7.60764,nz,54000000,1,absavgw,0.00730246,avgw,-2.67519e-06,absavgi,0.0369885,avgi,-0.0369885,layer#1:cnv/fc:dim=600x2,n22,35.5398,nz,1200,1,absavgw,0.212066,avgw,0.000436496,absavgi,0.499161,avgi,0.499161,

Sun May 17 02:34:29 2015:  ite,46,0.276226,0.0444426
Sun May 17 02:34:47 2015: ... 4000: 0.042403799772262572298,0.23114324569702149326
layer#0:cnv/fc:dim=90000x600,n22,7.58206,nz,54000000,1,absavgw,0.00728894,avgw,-2.6424e-06,absavgi,0.037999,avgi,-0.037999,layer#1:cnv/fc:dim=600x2,n22,36.814,nz,1200,1,absavgw,0.21595,avgw,0.00042192,absavgi,0.499148,avgi,0.499148,

Sun May 17 02:34:48 2015:  ite,47,0.273547,0.0424038
Sun May 17 02:35:05 2015: ... 4000: 0.037528623938560483342,0.23050028800964356135
layer#0:cnv/fc:dim=90000x600,n22,7.55638,nz,54000000,1,absavgw,0.00727539,avgw,-2.57589e-06,absavgi,0.0378494,avgi,-0.0378494,layer#1:cnv/fc:dim=600x2,n22,38.0898,nz,1200,1,absavgw,0.219777,avgw,0.000407736,absavgi,0.499167,avgi,0.499167,

Sun May 17 02:35:06 2015:  ite,48,0.268029,0.0375286
Sun May 17 02:35:23 2015: ... 4000: 0.035465123295783995694,0.22984469871520998852
layer#0:cnv/fc:dim=90000x600,n22,7.53059,nz,54000000,1,absavgw,0.00726189,avgw,-2.52105e-06,absavgi,0.0379261,avgi,-0.0379261,layer#1:cnv/fc:dim=600x2,n22,39.2693,nz,1200,1,absavgw,0.223268,avgw,0.000396378,absavgi,0.499242,avgi,0.499242,

Sun May 17 02:35:24 2015:  ite,49,0.26531,0.0354651
Sun May 17 02:35:41 2015: ... 4000: 0.033759567737579349034,0.22917303810119632468
layer#0:cnv/fc:dim=90000x600,n22,7.50462,nz,54000000,1,absavgw,0.00724833,avgw,-2.46818e-06,absavgi,0.0380888,avgi,-0.0380888,layer#1:cnv/fc:dim=600x2,n22,40.3434,nz,1200,1,absavgw,0.226407,avgw,0.000385591,absavgi,0.499532,avgi,0.499532,

Sun May 17 02:35:43 2015:  ite,50,0.262933,0.0337596, test-loss,0.219661178588867, perf,0.3425
Sun May 17 02:36:00 2015: ... 4000: 0.030388678848743438943,0.22850298652648926012
layer#0:cnv/fc:dim=90000x600,n22,7.47877,nz,54000000,1,absavgw,0.00723479,avgw,-2.39785e-06,absavgi,0.0375191,avgi,-0.0375191,layer#1:cnv/fc:dim=600x2,n22,41.3985,nz,1200,1,absavgw,0.229462,avgw,0.000373154,absavgi,0.499287,avgi,0.499287,

Sun May 17 02:36:01 2015:  ite,51,0.258892,0.0303887
Sun May 17 02:36:19 2015: ... 4000: 0.028812825798988341008,0.22780381507873534441
layer#0:cnv/fc:dim=90000x600,n22,7.45242,nz,54000000,1,absavgw,0.00722115,avgw,-2.36696e-06,absavgi,0.0380109,avgi,-0.0380109,layer#1:cnv/fc:dim=600x2,n22,42.3126,nz,1200,1,absavgw,0.232078,avgw,0.000363057,absavgi,0.499359,avgi,0.499359,

Sun May 17 02:36:19 2015:  ite,52,0.256617,0.0288128
Sun May 17 02:36:37 2015: ... 4000: 0.02853346246480941914,0.22710348854064940638
layer#0:cnv/fc:dim=90000x600,n22,7.42624,nz,54000000,1,absavgw,0.00720752,avgw,-2.31162e-06,absavgi,0.0377921,avgi,-0.0377921,layer#1:cnv/fc:dim=600x2,n22,43.1623,nz,1200,1,absavgw,0.234511,avgw,0.00035298,absavgi,0.499334,avgi,0.499334,

Sun May 17 02:36:37 2015:  ite,53,0.255637,0.0285335
Sun May 17 02:36:55 2015: ... 4000: 0.025710838139057157897,0.22639776649475099046
layer#0:cnv/fc:dim=90000x600,n22,7.4,nz,54000000,1,absavgw,0.00719392,avgw,-2.257e-06,absavgi,0.0374048,avgi,-0.0374048,layer#1:cnv/fc:dim=600x2,n22,43.9789,nz,1200,1,absavgw,0.236811,avgw,0.000342526,absavgi,0.499293,avgi,0.499293,

Sun May 17 02:36:55 2015:  ite,54,0.252109,0.0257108
Sun May 17 02:37:13 2015: ... 4000: 0.024289076477289200939,0.22567365989685059247
layer#0:cnv/fc:dim=90000x600,n22,7.37347,nz,54000000,1,absavgw,0.00718023,avgw,-2.2357e-06,absavgi,0.0378853,avgi,-0.0378853,layer#1:cnv/fc:dim=600x2,n22,44.6956,nz,1200,1,absavgw,0.238814,avgw,0.000335439,absavgi,0.499604,avgi,0.499604,

Sun May 17 02:37:13 2015:  ite,55,0.249963,0.0242891
Sun May 17 02:37:31 2015: ... 4000: 0.023483257412910459733,0.22494503555297851172
layer#0:cnv/fc:dim=90000x600,n22,7.3469,nz,54000000,1,absavgw,0.00716656,avgw,-2.20461e-06,absavgi,0.038137,avgi,-0.038137,layer#1:cnv/fc:dim=600x2,n22,45.3815,nz,1200,1,absavgw,0.240726,avgw,0.000327188,absavgi,0.499332,avgi,0.499332,

Sun May 17 02:37:32 2015:  ite,56,0.248428,0.0234833
Sun May 17 02:37:49 2015: ... 4000: 0.022755576729774476541,0.22421781311035157702
layer#0:cnv/fc:dim=90000x600,n22,7.32045,nz,54000000,1,absavgw,0.00715291,avgw,-2.16366e-06,absavgi,0.0379322,avgi,-0.0379322,layer#1:cnv/fc:dim=600x2,n22,46.0431,nz,1200,1,absavgw,0.242565,avgw,0.000321543,absavgi,0.499764,avgi,0.499764,

Sun May 17 02:37:50 2015:  ite,57,0.246973,0.0227556
Sun May 17 02:38:07 2015: ... 4000: 0.022470686405897138949,0.2234801399230957053
layer#0:cnv/fc:dim=90000x600,n22,7.29391,nz,54000000,1,absavgw,0.0071393,avgw,-2.11841e-06,absavgi,0.0375224,avgi,-0.0375224,layer#1:cnv/fc:dim=600x2,n22,46.6293,nz,1200,1,absavgw,0.244222,avgw,0.000311935,absavgi,0.499605,avgi,0.499605,

Sun May 17 02:38:08 2015:  ite,58,0.245951,0.0224707
Sun May 17 02:38:25 2015: ... 4000: 0.022081254512071608886,0.22273890342712404644
layer#0:cnv/fc:dim=90000x600,n22,7.26742,nz,54000000,1,absavgw,0.00712556,avgw,-2.08773e-06,absavgi,0.0375226,avgi,-0.0375226,layer#1:cnv/fc:dim=600x2,n22,47.163,nz,1200,1,absavgw,0.245721,avgw,0.000302225,absavgi,0.499452,avgi,0.499452,

Sun May 17 02:38:26 2015:  ite,59,0.24482,0.0220813
Sun May 17 02:38:43 2015: ... 4000: 0.021670687228441239125,0.22198999748229980566
layer#0:cnv/fc:dim=90000x600,n22,7.24088,nz,54000000,1,absavgw,0.00711191,avgw,-2.06514e-06,absavgi,0.037689,avgi,-0.037689,layer#1:cnv/fc:dim=600x2,n22,47.6365,nz,1200,1,absavgw,0.24704,avgw,0.000294638,absavgi,0.499337,avgi,0.499337,

Sun May 17 02:38:44 2015:  ite,60,0.243661,0.0216707
Sun May 17 02:39:02 2015: ... 4000: 0.021077121734619140569,0.22124647178649903267
layer#0:cnv/fc:dim=90000x600,n22,7.21448,nz,54000000,1,absavgw,0.00709827,avgw,-2.03214e-06,absavgi,0.0374644,avgi,-0.0374644,layer#1:cnv/fc:dim=600x2,n22,48.1212,nz,1200,1,absavgw,0.24838,avgw,0.000288738,absavgi,0.499655,avgi,0.499655,

Sun May 17 02:39:02 2015:  ite,61,0.242324,0.0210771
Sun May 17 02:39:20 2015: ... 4000: 0.020823628962039947982,0.22050314559936523562
layer#0:cnv/fc:dim=90000x600,n22,7.18813,nz,54000000,1,absavgw,0.00708468,avgw,-2.00146e-06,absavgi,0.0373705,avgi,-0.0373705,layer#1:cnv/fc:dim=600x2,n22,48.5913,nz,1200,1,absavgw,0.249696,avgw,0.000282385,absavgi,0.499661,avgi,0.499661,

Sun May 17 02:39:20 2015:  ite,62,0.241327,0.0208236
Sun May 17 02:39:38 2015: ... 4000: 0.020626852780580521435,0.21974923706054688699
layer#0:cnv/fc:dim=90000x600,n22,7.16169,nz,54000000,1,absavgw,0.00707098,avgw,-1.98966e-06,absavgi,0.037802,avgi,-0.037802,layer#1:cnv/fc:dim=600x2,n22,48.9848,nz,1200,1,absavgw,0.250797,avgw,0.000276512,absavgi,0.499683,avgi,0.499683,

Sun May 17 02:39:38 2015:  ite,63,0.240376,0.0206269
Sun May 17 02:39:56 2015: ... 4000: 0.019082336813211440985,0.21898926925659181753
layer#0:cnv/fc:dim=90000x600,n22,7.1352,nz,54000000,1,absavgw,0.00705741,avgw,-1.9542e-06,absavgi,0.0374249,avgi,-0.0374249,layer#1:cnv/fc:dim=600x2,n22,49.3319,nz,1200,1,absavgw,0.251772,avgw,0.000273613,absavgi,0.499858,avgi,0.499858,

Sun May 17 02:39:56 2015:  ite,64,0.238072,0.0190823
Sun May 17 02:40:14 2015: ... 4000: 0.019506468415260314747,0.21823249206542971734
layer#0:cnv/fc:dim=90000x600,n22,7.10879,nz,54000000,1,absavgw,0.00704374,avgw,-1.95142e-06,absavgi,0.0380222,avgi,-0.0380222,layer#1:cnv/fc:dim=600x2,n22,49.6877,nz,1200,1,absavgw,0.252768,avgw,0.000268691,absavgi,0.499737,avgi,0.499737,

Sun May 17 02:40:14 2015:  ite,65,0.237739,0.0195065
Sun May 17 02:40:32 2015: ... 4000: 0.018329233646392821544,0.21747483100891112917
layer#0:cnv/fc:dim=90000x600,n22,7.08244,nz,54000000,1,absavgw,0.00703014,avgw,-1.92732e-06,absavgi,0.0378616,avgi,-0.0378616,layer#1:cnv/fc:dim=600x2,n22,50.0164,nz,1200,1,absavgw,0.25368,avgw,0.000261075,absavgi,0.49973,avgi,0.49973,

Sun May 17 02:40:32 2015:  ite,66,0.235804,0.0183292
Sun May 17 02:40:50 2015: ... 4000: 0.01921673119068145752,0.21672165222167968923
layer#0:cnv/fc:dim=90000x600,n22,7.05623,nz,54000000,1,absavgw,0.00701655,avgw,-1.90452e-06,absavgi,0.0377861,avgi,-0.0377861,layer#1:cnv/fc:dim=600x2,n22,50.3464,nz,1200,1,absavgw,0.254607,avgw,0.000258446,absavgi,0.499951,avgi,0.499951,

Sun May 17 02:40:50 2015:  ite,67,0.235938,0.0192167
Sun May 17 02:41:08 2015: ... 4000: 0.017507139816880224609,0.21596080093383790421
layer#0:cnv/fc:dim=90000x600,n22,7.02993,nz,54000000,1,absavgw,0.00700298,avgw,-1.88526e-06,absavgi,0.0377136,avgi,-0.0377136,layer#1:cnv/fc:dim=600x2,n22,50.6297,nz,1200,1,absavgw,0.255413,avgw,0.000253511,absavgi,0.499692,avgi,0.499692,

Sun May 17 02:41:08 2015:  ite,68,0.233468,0.0175071
Sun May 17 02:41:26 2015: ... 4000: 0.017770157665014267578,0.21519751739501954968
layer#0:cnv/fc:dim=90000x600,n22,7.00368,nz,54000000,1,absavgw,0.00698943,avgw,-1.85158e-06,absavgi,0.037213,avgi,-0.037213,layer#1:cnv/fc:dim=600x2,n22,50.8717,nz,1200,1,absavgw,0.256097,avgw,0.000250719,absavgi,0.49986,avgi,0.49986,

Sun May 17 02:41:27 2015:  ite,69,0.232968,0.0177702
Sun May 17 02:41:44 2015: ... 4000: 0.01773638530075550071,0.21443779029846191109
layer#0:cnv/fc:dim=90000x600,n22,6.97758,nz,54000000,1,absavgw,0.00697584,avgw,-1.83263e-06,absavgi,0.0371265,avgi,-0.0371265,layer#1:cnv/fc:dim=600x2,n22,51.1032,nz,1200,1,absavgw,0.256755,avgw,0.000243958,absavgi,0.499669,avgi,0.499669,

Sun May 17 02:41:45 2015:  ite,70,0.232174,0.0177364
Sun May 17 02:42:02 2015: ... 4000: 0.017030656531453133157,0.21367956962585449299
layer#0:cnv/fc:dim=90000x600,n22,6.95144,nz,54000000,1,absavgw,0.00696231,avgw,-1.83667e-06,absavgi,0.0377797,avgi,-0.0377797,layer#1:cnv/fc:dim=600x2,n22,51.3631,nz,1200,1,absavgw,0.257496,avgw,0.000239319,absavgi,0.499837,avgi,0.499837,

Sun May 17 02:42:03 2015:  ite,71,0.23071,0.0170307
Sun May 17 02:42:21 2015: ... 4000: 0.017464954614639281727,0.21292648468017577601
layer#0:cnv/fc:dim=90000x600,n22,6.92553,nz,54000000,1,absavgw,0.00694879,avgw,-1.80483e-06,absavgi,0.0373956,avgi,-0.0373956,layer#1:cnv/fc:dim=600x2,n22,51.6052,nz,1200,1,absavgw,0.258181,avgw,0.00023484,absavgi,0.499683,avgi,0.499683,

Sun May 17 02:42:21 2015:  ite,72,0.230391,0.017465
Sun May 17 02:42:39 2015: ... 4000: 0.016495956003665924322,0.21216956558227539897
layer#0:cnv/fc:dim=90000x600,n22,6.89957,nz,54000000,1,absavgw,0.00693528,avgw,-1.79054e-06,absavgi,0.0374838,avgi,-0.0374838,layer#1:cnv/fc:dim=600x2,n22,51.826,nz,1200,1,absavgw,0.258819,avgw,0.000230799,absavgi,0.49975,avgi,0.49975,

Sun May 17 02:42:39 2015:  ite,73,0.228666,0.016496
Sun May 17 02:42:57 2015: ... 4000: 0.015996349558234215782,0.21140274620056154209
layer#0:cnv/fc:dim=90000x600,n22,6.87348,nz,54000000,1,absavgw,0.00692174,avgw,-1.78129e-06,absavgi,0.037585,avgi,-0.037585,layer#1:cnv/fc:dim=600x2,n22,51.9825,nz,1200,1,absavgw,0.259274,avgw,0.000226905,absavgi,0.499867,avgi,0.499867,

Sun May 17 02:42:57 2015:  ite,74,0.227399,0.0159963
Sun May 17 02:43:15 2015: ... 4000: 0.016560163244605064642,0.21064968414306642353
layer#0:cnv/fc:dim=90000x600,n22,6.84771,nz,54000000,1,absavgw,0.00690834,avgw,-1.76624e-06,absavgi,0.0375109,avgi,-0.0375109,layer#1:cnv/fc:dim=600x2,n22,52.1836,nz,1200,1,absavgw,0.259858,avgw,0.000222444,absavgi,0.499792,avgi,0.499792,

Sun May 17 02:43:16 2015:  ite,75,0.22721,0.0165602, test-loss,0.224395236968994, perf,0.355
Sun May 17 02:43:34 2015: ... 4000: 0.016349744632840158137,0.20990032577514647349
layer#0:cnv/fc:dim=90000x600,n22,6.82207,nz,54000000,1,absavgw,0.00689494,avgw,-1.74847e-06,absavgi,0.0373997,avgi,-0.0373997,layer#1:cnv/fc:dim=600x2,n22,52.3828,nz,1200,1,absavgw,0.260446,avgw,0.000220705,absavgi,0.499975,avgi,0.499975,

Sun May 17 02:43:34 2015:  ite,76,0.22625,0.0163497
Sun May 17 02:43:52 2015: ... 4000: 0.01678688715398311479,0.20914658966064453294
layer#0:cnv/fc:dim=90000x600,n22,6.7964,nz,54000000,1,absavgw,0.0068815,avgw,-1.74268e-06,absavgi,0.0376364,avgi,-0.0376364,layer#1:cnv/fc:dim=600x2,n22,52.5445,nz,1200,1,absavgw,0.260913,avgw,0.000217502,absavgi,0.499799,avgi,0.499799,

Sun May 17 02:43:52 2015:  ite,77,0.225933,0.0167869
Sun May 17 02:44:10 2015: ... 4000: 0.016197376877069472045,0.20840065460205078884
layer#0:cnv/fc:dim=90000x600,n22,6.77091,nz,54000000,1,absavgw,0.00686811,avgw,-1.71937e-06,absavgi,0.0374288,avgi,-0.0374288,layer#1:cnv/fc:dim=600x2,n22,52.7332,nz,1200,1,absavgw,0.261461,avgw,0.000217793,absavgi,0.50015,avgi,0.50015,

Sun May 17 02:44:10 2015:  ite,78,0.224598,0.0161974
Sun May 17 02:44:28 2015: ... 4000: 0.01534006838500499674,0.20764670982360838858
layer#0:cnv/fc:dim=90000x600,n22,6.74534,nz,54000000,1,absavgw,0.00685474,avgw,-1.69616e-06,absavgi,0.037082,avgi,-0.037082,layer#1:cnv/fc:dim=600x2,n22,52.8664,nz,1200,1,absavgw,0.261863,avgw,0.000211824,absavgi,0.499762,avgi,0.499762,

Sun May 17 02:44:28 2015:  ite,79,0.222987,0.0153401
Sun May 17 02:44:46 2015: ... 4000: 0.015864720255136490618,0.20689721527099610987
layer#0:cnv/fc:dim=90000x600,n22,6.71989,nz,54000000,1,absavgw,0.00684137,avgw,-1.69084e-06,absavgi,0.0374128,avgi,-0.0374128,layer#1:cnv/fc:dim=600x2,n22,53.0056,nz,1200,1,absavgw,0.262273,avgw,0.00020899,absavgi,0.500066,avgi,0.500066,

Sun May 17 02:44:47 2015:  ite,80,0.222762,0.0158647
Sun May 17 02:44:47 2015: Setting step-sizes to eta0 times 0.1
Sun May 17 02:45:04 2015: ... 4000: 0.015414304673671722773,0.20667486724853514901
layer#0:cnv/fc:dim=90000x600,n22,6.71231,nz,54000000,1,absavgw,0.00683737,avgw,-1.68405e-06,absavgi,0.0373326,avgi,-0.0373326,layer#1:cnv/fc:dim=600x2,n22,53.0553,nz,1200,1,absavgw,0.262418,avgw,0.000209848,absavgi,0.500242,avgi,0.500242,

Sun May 17 02:45:05 2015:  ite,81,0.222089,0.0154143
Sun May 17 02:45:22 2015: ... 4000: 0.014312276855111121313,0.20659778823852539831
layer#0:cnv/fc:dim=90000x600,n22,6.7097,nz,54000000,1,absavgw,0.006836,avgw,-1.68256e-06,absavgi,0.0373281,avgi,-0.0373281,layer#1:cnv/fc:dim=600x2,n22,53.0691,nz,1200,1,absavgw,0.262459,avgw,0.000208939,absavgi,0.500084,avgi,0.500084,

Sun May 17 02:45:23 2015:  ite,82,0.22091,0.0143123
Sun May 17 02:45:40 2015: ... 4000: 0.014626153975725173645,0.2065195434570312738
layer#0:cnv/fc:dim=90000x600,n22,6.70708,nz,54000000,1,absavgw,0.00683468,avgw,-1.68401e-06,absavgi,0.0373958,avgi,-0.0373958,layer#1:cnv/fc:dim=600x2,n22,53.0729,nz,1200,1,absavgw,0.262475,avgw,0.000208584,absavgi,0.500024,avgi,0.500024,

Sun May 17 02:45:41 2015:  ite,83,0.221146,0.0146262
Sun May 17 02:45:58 2015: ... 4000: 0.014102683722972870345,0.20644181022644042534
layer#0:cnv/fc:dim=90000x600,n22,6.70447,nz,54000000,1,absavgw,0.00683335,avgw,-1.68458e-06,absavgi,0.0374237,avgi,-0.0374237,layer#1:cnv/fc:dim=600x2,n22,53.0774,nz,1200,1,absavgw,0.262492,avgw,0.000208108,absavgi,0.499974,avgi,0.499974,

Sun May 17 02:45:59 2015:  ite,84,0.220544,0.0141027
Sun May 17 02:46:16 2015: ... 4000: 0.013872356519103051092,0.20636300048828123965
layer#0:cnv/fc:dim=90000x600,n22,6.70184,nz,54000000,1,absavgw,0.006832,avgw,-1.6825e-06,absavgi,0.0373711,avgi,-0.0373711,layer#1:cnv/fc:dim=600x2,n22,53.0768,nz,1200,1,absavgw,0.262496,avgw,0.000207649,absavgi,0.499934,avgi,0.499934,

Sun May 17 02:46:17 2015:  ite,85,0.220235,0.0138724
Sun May 17 02:46:35 2015: ... 4000: 0.014058230996131897139,0.20628498420715332684
layer#0:cnv/fc:dim=90000x600,n22,6.69925,nz,54000000,1,absavgw,0.00683068,avgw,-1.68181e-06,absavgi,0.0373468,avgi,-0.0373468,layer#1:cnv/fc:dim=600x2,n22,53.0759,nz,1200,1,absavgw,0.262499,avgw,0.000207291,absavgi,0.49993,avgi,0.49993,

Sun May 17 02:46:35 2015:  ite,86,0.220343,0.0140582
Sun May 17 02:46:53 2015: ... 4000: 0.013654321014881133298,0.20620583381652834998
layer#0:cnv/fc:dim=90000x600,n22,6.69662,nz,54000000,1,absavgw,0.00682931,avgw,-1.68051e-06,absavgi,0.0372984,avgi,-0.0372984,layer#1:cnv/fc:dim=600x2,n22,53.0726,nz,1200,1,absavgw,0.262496,avgw,0.000206684,absavgi,0.499896,avgi,0.499896,

Sun May 17 02:46:53 2015:  ite,87,0.21986,0.0136543
Sun May 17 02:47:11 2015: ... 4000: 0.013730519235134124034,0.20612789306640627585
layer#0:cnv/fc:dim=90000x600,n22,6.69401,nz,54000000,1,absavgw,0.00682797,avgw,-1.68017e-06,absavgi,0.0372988,avgi,-0.0372988,layer#1:cnv/fc:dim=600x2,n22,53.0757,nz,1200,1,absavgw,0.26251,avgw,0.000206025,absavgi,0.499837,avgi,0.499837,

Sun May 17 02:47:11 2015:  ite,88,0.219858,0.0137305
Sun May 17 02:47:29 2015: ... 4000: 0.013859230980277061074,0.20604973983764648948
layer#0:cnv/fc:dim=90000x600,n22,6.6914,nz,54000000,1,absavgw,0.00682661,avgw,-1.68075e-06,absavgi,0.0373234,avgi,-0.0373234,layer#1:cnv/fc:dim=600x2,n22,53.0766,nz,1200,1,absavgw,0.262517,avgw,0.000205592,absavgi,0.499825,avgi,0.499825,

Sun May 17 02:47:29 2015:  ite,89,0.219909,0.0138592
Sun May 17 02:47:47 2015: ... 4000: 0.013443494752049445565,0.20597218017578125537
layer#0:cnv/fc:dim=90000x600,n22,6.68882,nz,54000000,1,absavgw,0.00682524,avgw,-1.67951e-06,absavgi,0.0372731,avgi,-0.0372731,layer#1:cnv/fc:dim=600x2,n22,53.0768,nz,1200,1,absavgw,0.262521,avgw,0.00020533,absavgi,0.499842,avgi,0.499842,

Sun May 17 02:47:47 2015:  ite,90,0.219416,0.0134435
Sun May 17 02:48:05 2015: ... 4000: 0.013408796757459640753,0.20589370956420899317
layer#0:cnv/fc:dim=90000x600,n22,6.68621,nz,54000000,1,absavgw,0.0068239,avgw,-1.682e-06,absavgi,0.037337,avgi,-0.037337,layer#1:cnv/fc:dim=600x2,n22,53.0749,nz,1200,1,absavgw,0.26252,avgw,0.000204844,absavgi,0.49982,avgi,0.49982,

Sun May 17 02:48:06 2015:  ite,91,0.219303,0.0134088
Sun May 17 02:48:23 2015: ... 4000: 0.013453172355890273201,0.20581606407165528583
layer#0:cnv/fc:dim=90000x600,n22,6.68361,nz,54000000,1,absavgw,0.00682255,avgw,-1.67882e-06,absavgi,0.0372555,avgi,-0.0372555,layer#1:cnv/fc:dim=600x2,n22,53.0786,nz,1200,1,absavgw,0.262535,avgw,0.000204621,absavgi,0.499849,avgi,0.499849,

Sun May 17 02:48:24 2015:  ite,92,0.219269,0.0134532
Sun May 17 02:48:41 2015: ... 4000: 0.013541643545031546714,0.20573752403259276678
layer#0:cnv/fc:dim=90000x600,n22,6.681,nz,54000000,1,absavgw,0.0068212,avgw,-1.67594e-06,absavgi,0.0371676,avgi,-0.0371676,layer#1:cnv/fc:dim=600x2,n22,53.0747,nz,1200,1,absavgw,0.26253,avgw,0.00020461,absavgi,0.499886,avgi,0.499886,

Sun May 17 02:48:42 2015:  ite,93,0.219279,0.0135416
Sun May 17 02:48:59 2015: ... 4000: 0.013472228154540062325,0.2056596748352050863
layer#0:cnv/fc:dim=90000x600,n22,6.67841,nz,54000000,1,absavgw,0.00681987,avgw,-1.6757e-06,absavgi,0.0371613,avgi,-0.0371613,layer#1:cnv/fc:dim=600x2,n22,53.0749,nz,1200,1,absavgw,0.262536,avgw,0.000204173,absavgi,0.49986,avgi,0.49986,

Sun May 17 02:49:00 2015:  ite,94,0.219132,0.0134722
Sun May 17 02:49:17 2015: ... 4000: 0.013712843701243400754,0.20558024673461913756
layer#0:cnv/fc:dim=90000x600,n22,6.67577,nz,54000000,1,absavgw,0.00681853,avgw,-1.67854e-06,absavgi,0.0372398,avgi,-0.0372398,layer#1:cnv/fc:dim=600x2,n22,53.0719,nz,1200,1,absavgw,0.262534,avgw,0.000203443,absavgi,0.499831,avgi,0.499831,

Sun May 17 02:49:18 2015:  ite,95,0.219293,0.0137128
Sun May 17 02:49:35 2015: ... 4000: 0.013521026536822319461,0.20550208702087405244
layer#0:cnv/fc:dim=90000x600,n22,6.67317,nz,54000000,1,absavgw,0.00681716,avgw,-1.67762e-06,absavgi,0.0372091,avgi,-0.0372091,layer#1:cnv/fc:dim=600x2,n22,53.0708,nz,1200,1,absavgw,0.262538,avgw,0.000203201,absavgi,0.499864,avgi,0.499864,

Sun May 17 02:49:36 2015:  ite,96,0.219023,0.013521
Sun May 17 02:49:54 2015: ... 4000: 0.013447178021073341592,0.20542381782531737855
layer#0:cnv/fc:dim=90000x600,n22,6.67057,nz,54000000,1,absavgw,0.00681582,avgw,-1.67836e-06,absavgi,0.0372299,avgi,-0.0372299,layer#1:cnv/fc:dim=600x2,n22,53.0681,nz,1200,1,absavgw,0.262534,avgw,0.000202963,absavgi,0.499875,avgi,0.499875,

Sun May 17 02:49:54 2015:  ite,97,0.218871,0.0134472
Sun May 17 02:50:12 2015: ... 4000: 0.013316472858190537068,0.20534708900451661973
layer#0:cnv/fc:dim=90000x600,n22,6.668,nz,54000000,1,absavgw,0.00681449,avgw,-1.67475e-06,absavgi,0.0371246,avgi,-0.0371246,layer#1:cnv/fc:dim=600x2,n22,53.0698,nz,1200,1,absavgw,0.262544,avgw,0.000203039,absavgi,0.499927,avgi,0.499927,

Sun May 17 02:50:12 2015:  ite,98,0.218664,0.0133165
Sun May 17 02:50:30 2015: ... 4000: 0.013081363305449485515,0.2052689445495605447
layer#0:cnv/fc:dim=90000x600,n22,6.6654,nz,54000000,1,absavgw,0.00681313,avgw,-1.67323e-06,absavgi,0.0370726,avgi,-0.0370726,layer#1:cnv/fc:dim=600x2,n22,53.0684,nz,1200,1,absavgw,0.262545,avgw,0.000202878,absavgi,0.499954,avgi,0.499954,

Sun May 17 02:50:30 2015:  ite,99,0.21835,0.0130814
Sun May 17 02:50:48 2015: ... 4000: 0.013540483847260474312,0.20519059143066409323
layer#0:cnv/fc:dim=90000x600,n22,6.6628,nz,54000000,1,absavgw,0.00681178,avgw,-1.67484e-06,absavgi,0.0371195,avgi,-0.0371195,layer#1:cnv/fc:dim=600x2,n22,53.0673,nz,1200,1,absavgw,0.262549,avgw,0.000202406,absavgi,0.499921,avgi,0.499921,

Sun May 17 02:50:49 2015:  ite,100,0.218731,0.0135405, test-loss,0.223611068725586, perf,0.345
Sun May 17 02:50:49 2015: Done ...
elapsed: 1820.28
